This is pdfTeX, Version 3.14159265-2.6-1.40.20 (MiKTeX 2.9.7200 64-bit) (preloaded format=pdflatex 2019.10.2)  21 OCT 2019 05:23
entering extended mode
**./programacao-modular-16-web-services.tex
(programacao-modular-16-web-services.tex
LaTeX2e <2018-12-01>
("C:\Users\hugod\AppData\Local\Programs\MiKTeX 2.9\tex/latex/beamer\beamer.cls"
Document Class: beamer 2019/07/23 v3.56 A class for typesetting presentations

("C:\Users\hugod\AppData\Local\Programs\MiKTeX 2.9\tex/latex/beamer\beamerbasem
odes.sty"
("C:\Users\hugod\AppData\Local\Programs\MiKTeX 2.9\tex/latex/etoolbox\etoolbox.
sty"
Package: etoolbox 2019/09/21 v2.5h e-TeX tools for LaTeX (JAW)
\etb@tempcnta=\count80
)
\beamer@tempbox=\box27
\beamer@tempcount=\count81
\c@beamerpauses=\count82

("C:\Users\hugod\AppData\Local\Programs\MiKTeX 2.9\tex/latex/beamer\beamerbased
ecode.sty"
\beamer@slideinframe=\count83
\beamer@minimum=\count84
\beamer@decode@box=\box28
)
\beamer@commentbox=\box29
\beamer@modecount=\count85
)
("C:\Users\hugod\AppData\Local\Programs\MiKTeX 2.9\tex/generic/oberdiek\ifpdf.s
ty"
Package: ifpdf 2018/09/07 v3.3 Provides the ifpdf switch
)
\headdp=\dimen102
\footheight=\dimen103
\sidebarheight=\dimen104
\beamer@tempdim=\dimen105
\beamer@finalheight=\dimen106
\beamer@animht=\dimen107
\beamer@animdp=\dimen108
\beamer@animwd=\dimen109
\beamer@leftmargin=\dimen110
\beamer@rightmargin=\dimen111
\beamer@leftsidebar=\dimen112
\beamer@rightsidebar=\dimen113
\beamer@boxsize=\dimen114
\beamer@vboxoffset=\dimen115
\beamer@descdefault=\dimen116
\beamer@descriptionwidth=\dimen117
\beamer@lastskip=\skip41
\beamer@areabox=\box30
\beamer@animcurrent=\box31
\beamer@animshowbox=\box32
\beamer@sectionbox=\box33
\beamer@logobox=\box34
\beamer@linebox=\box35
\beamer@sectioncount=\count86
\beamer@subsubsectionmax=\count87
\beamer@subsectionmax=\count88
\beamer@sectionmax=\count89
\beamer@totalheads=\count90
\beamer@headcounter=\count91
\beamer@partstartpage=\count92
\beamer@sectionstartpage=\count93
\beamer@subsectionstartpage=\count94
\beamer@animationtempa=\count95
\beamer@animationtempb=\count96
\beamer@xpos=\count97
\beamer@ypos=\count98
\beamer@ypos@offset=\count99
\beamer@showpartnumber=\count100
\beamer@currentsubsection=\count101
\beamer@coveringdepth=\count102
\beamer@sectionadjust=\count103
\beamer@tocsectionnumber=\count104

("C:\Users\hugod\AppData\Local\Programs\MiKTeX 2.9\tex/latex/beamer\beamerbaseo
ptions.sty"
("C:\Users\hugod\AppData\Local\Programs\MiKTeX 2.9\tex/latex/graphics\keyval.st
y"
Package: keyval 2014/10/28 v1.15 key=value parser (DPC)
\KV@toks@=\toks14
))
\beamer@paperwidth=\skip42
\beamer@paperheight=\skip43

("C:\Users\hugod\AppData\Local\Programs\MiKTeX 2.9\tex/latex/geometry\geometry.
sty"
Package: geometry 2018/04/16 v5.8 Page Geometry

("C:\Users\hugod\AppData\Local\Programs\MiKTeX 2.9\tex/generic/oberdiek\ifvtex.
sty"
Package: ifvtex 2016/05/16 v1.6 Detect VTeX and its facilities (HO)
Package ifvtex Info: VTeX not detected.
)
("C:\Users\hugod\AppData\Local\Programs\MiKTeX 2.9\tex/generic/ifxetex\ifxetex.
sty"
Package: ifxetex 2010/09/12 v0.6 Provides ifxetex conditional
)
\Gm@cnth=\count105
\Gm@cntv=\count106
\c@Gm@tempcnt=\count107
\Gm@bindingoffset=\dimen118
\Gm@wd@mp=\dimen119
\Gm@odd@mp=\dimen120
\Gm@even@mp=\dimen121
\Gm@layoutwidth=\dimen122
\Gm@layoutheight=\dimen123
\Gm@layouthoffset=\dimen124
\Gm@layoutvoffset=\dimen125
\Gm@dimlist=\toks15

("C:\Users\hugod\AppData\Local\Programs\MiKTeX 2.9\tex/latex/geometry\geometry.
cfg"))
("C:\Users\hugod\AppData\Local\Programs\MiKTeX 2.9\tex/latex/base\size11.clo"
File: size11.clo 2018/09/03 v1.4i Standard LaTeX file (size option)
)
("C:\Users\hugod\AppData\Local\Programs\MiKTeX 2.9\tex/latex/pgf/basiclayer\pgf
core.sty"
("C:\Users\hugod\AppData\Local\Programs\MiKTeX 2.9\tex/latex/graphics\graphicx.
sty"
Package: graphicx 2017/06/01 v1.1a Enhanced LaTeX Graphics (DPC,SPQR)

("C:\Users\hugod\AppData\Local\Programs\MiKTeX 2.9\tex/latex/graphics\graphics.
sty"
Package: graphics 2017/06/25 v1.2c Standard LaTeX Graphics (DPC,SPQR)

("C:\Users\hugod\AppData\Local\Programs\MiKTeX 2.9\tex/latex/graphics\trig.sty"
Package: trig 2016/01/03 v1.10 sin cos tan (DPC)
)
("C:\Users\hugod\AppData\Local\Programs\MiKTeX 2.9\tex/latex/graphics-cfg\graph
ics.cfg"
File: graphics.cfg 2016/06/04 v1.11 sample graphics configuration
)
Package graphics Info: Driver file: pdftex.def on input line 99.

("C:\Users\hugod\AppData\Local\Programs\MiKTeX 2.9\tex/latex/graphics-def\pdfte
x.def"
File: pdftex.def 2018/01/08 v1.0l Graphics/color driver for pdftex
))
\Gin@req@height=\dimen126
\Gin@req@width=\dimen127
)
("C:\Users\hugod\AppData\Local\Programs\MiKTeX 2.9\tex/latex/pgf/systemlayer\pg
fsys.sty"
("C:\Users\hugod\AppData\Local\Programs\MiKTeX 2.9\tex/latex/pgf/utilities\pgfr
cs.sty"
("C:\Users\hugod\AppData\Local\Programs\MiKTeX 2.9\tex/generic/pgf/utilities\pg
futil-common.tex"
\pgfutil@everybye=\toks16
\pgfutil@tempdima=\dimen128
\pgfutil@tempdimb=\dimen129

("C:\Users\hugod\AppData\Local\Programs\MiKTeX 2.9\tex/generic/pgf/utilities\pg
futil-common-lists.tex"))
("C:\Users\hugod\AppData\Local\Programs\MiKTeX 2.9\tex/generic/pgf/utilities\pg
futil-latex.def"
\pgfutil@abb=\box36

("C:\Users\hugod\AppData\Local\Programs\MiKTeX 2.9\tex/latex/ms\everyshi.sty"
Package: everyshi 2001/05/15 v3.00 EveryShipout Package (MS)
))
("C:\Users\hugod\AppData\Local\Programs\MiKTeX 2.9\tex/generic/pgf/utilities\pg
frcs.code.tex"
("C:\Users\hugod\AppData\Local\Programs\MiKTeX 2.9\tex/generic/pgf\pgf.revision
.tex")
Package: pgfrcs 2019/08/03 v3.1.4b (3.1.4b)
))
("C:\Users\hugod\AppData\Local\Programs\MiKTeX 2.9\tex/generic/pgf/systemlayer\
pgfsys.code.tex"
Package: pgfsys 2019/08/03 v3.1.4b (3.1.4b)

("C:\Users\hugod\AppData\Local\Programs\MiKTeX 2.9\tex/generic/pgf/utilities\pg
fkeys.code.tex"
\pgfkeys@pathtoks=\toks17
\pgfkeys@temptoks=\toks18

("C:\Users\hugod\AppData\Local\Programs\MiKTeX 2.9\tex/generic/pgf/utilities\pg
fkeysfiltered.code.tex"
\pgfkeys@tmptoks=\toks19
))
\pgf@x=\dimen130
\pgf@y=\dimen131
\pgf@xa=\dimen132
\pgf@ya=\dimen133
\pgf@xb=\dimen134
\pgf@yb=\dimen135
\pgf@xc=\dimen136
\pgf@yc=\dimen137
\pgf@xd=\dimen138
\pgf@yd=\dimen139
\w@pgf@writea=\write3
\r@pgf@reada=\read1
\c@pgf@counta=\count108
\c@pgf@countb=\count109
\c@pgf@countc=\count110
\c@pgf@countd=\count111
\t@pgf@toka=\toks20
\t@pgf@tokb=\toks21
\t@pgf@tokc=\toks22
\pgf@sys@id@count=\count112

("C:\Users\hugod\AppData\Local\Programs\MiKTeX 2.9\tex/generic/pgf/systemlayer\
pgf.cfg"
File: pgf.cfg 2019/08/03 v3.1.4b (3.1.4b)
)
Driver file for pgf: pgfsys-pdftex.def

("C:\Users\hugod\AppData\Local\Programs\MiKTeX 2.9\tex/generic/pgf/systemlayer\
pgfsys-pdftex.def"
File: pgfsys-pdftex.def 2019/08/03 v3.1.4b (3.1.4b)

("C:\Users\hugod\AppData\Local\Programs\MiKTeX 2.9\tex/generic/pgf/systemlayer\
pgfsys-common-pdf.def"
File: pgfsys-common-pdf.def 2019/08/03 v3.1.4b (3.1.4b)
)))
("C:\Users\hugod\AppData\Local\Programs\MiKTeX 2.9\tex/generic/pgf/systemlayer\
pgfsyssoftpath.code.tex"
File: pgfsyssoftpath.code.tex 2019/08/03 v3.1.4b (3.1.4b)
\pgfsyssoftpath@smallbuffer@items=\count113
\pgfsyssoftpath@bigbuffer@items=\count114
)
("C:\Users\hugod\AppData\Local\Programs\MiKTeX 2.9\tex/generic/pgf/systemlayer\
pgfsysprotocol.code.tex"
File: pgfsysprotocol.code.tex 2019/08/03 v3.1.4b (3.1.4b)
))
("C:\Users\hugod\AppData\Local\Programs\MiKTeX 2.9\tex/latex/xcolor\xcolor.sty"
Package: xcolor 2016/05/11 v2.12 LaTeX color extensions (UK)

("C:\Users\hugod\AppData\Local\Programs\MiKTeX 2.9\tex/latex/graphics-cfg\color
.cfg"
File: color.cfg 2016/01/02 v1.6 sample color configuration
)
Package xcolor Info: Driver file: pdftex.def on input line 225.
Package xcolor Info: Model `cmy' substituted by `cmy0' on input line 1348.
Package xcolor Info: Model `hsb' substituted by `rgb' on input line 1352.
Package xcolor Info: Model `RGB' extended on input line 1364.
Package xcolor Info: Model `HTML' substituted by `rgb' on input line 1366.
Package xcolor Info: Model `Hsb' substituted by `hsb' on input line 1367.
Package xcolor Info: Model `tHsb' substituted by `hsb' on input line 1368.
Package xcolor Info: Model `HSB' substituted by `hsb' on input line 1369.
Package xcolor Info: Model `Gray' substituted by `gray' on input line 1370.
Package xcolor Info: Model `wave' substituted by `hsb' on input line 1371.
)
("C:\Users\hugod\AppData\Local\Programs\MiKTeX 2.9\tex/generic/pgf/basiclayer\p
gfcore.code.tex"
Package: pgfcore 2019/08/03 v3.1.4b (3.1.4b)

("C:\Users\hugod\AppData\Local\Programs\MiKTeX 2.9\tex/generic/pgf/math\pgfmath
.code.tex"
("C:\Users\hugod\AppData\Local\Programs\MiKTeX 2.9\tex/generic/pgf/math\pgfmath
calc.code.tex"
("C:\Users\hugod\AppData\Local\Programs\MiKTeX 2.9\tex/generic/pgf/math\pgfmath
util.code.tex")
("C:\Users\hugod\AppData\Local\Programs\MiKTeX 2.9\tex/generic/pgf/math\pgfmath
parser.code.tex"
\pgfmath@dimen=\dimen140
\pgfmath@count=\count115
\pgfmath@box=\box37
\pgfmath@toks=\toks23
\pgfmath@stack@operand=\toks24
\pgfmath@stack@operation=\toks25
)
("C:\Users\hugod\AppData\Local\Programs\MiKTeX 2.9\tex/generic/pgf/math\pgfmath
functions.code.tex"
("C:\Users\hugod\AppData\Local\Programs\MiKTeX 2.9\tex/generic/pgf/math\pgfmath
functions.basic.code.tex")
("C:\Users\hugod\AppData\Local\Programs\MiKTeX 2.9\tex/generic/pgf/math\pgfmath
functions.trigonometric.code.tex")
("C:\Users\hugod\AppData\Local\Programs\MiKTeX 2.9\tex/generic/pgf/math\pgfmath
functions.random.code.tex")
("C:\Users\hugod\AppData\Local\Programs\MiKTeX 2.9\tex/generic/pgf/math\pgfmath
functions.comparison.code.tex")
("C:\Users\hugod\AppData\Local\Programs\MiKTeX 2.9\tex/generic/pgf/math\pgfmath
functions.base.code.tex")
("C:\Users\hugod\AppData\Local\Programs\MiKTeX 2.9\tex/generic/pgf/math\pgfmath
functions.round.code.tex")
("C:\Users\hugod\AppData\Local\Programs\MiKTeX 2.9\tex/generic/pgf/math\pgfmath
functions.misc.code.tex")
("C:\Users\hugod\AppData\Local\Programs\MiKTeX 2.9\tex/generic/pgf/math\pgfmath
functions.integerarithmetics.code.tex")))
("C:\Users\hugod\AppData\Local\Programs\MiKTeX 2.9\tex/generic/pgf/math\pgfmath
float.code.tex"
\c@pgfmathroundto@lastzeros=\count116
))
("C:\Users\hugod\AppData\Local\Programs\MiKTeX 2.9\tex/generic/pgf/math\pgfint.
code.tex")
("C:\Users\hugod\AppData\Local\Programs\MiKTeX 2.9\tex/generic/pgf/basiclayer\p
gfcorepoints.code.tex"
File: pgfcorepoints.code.tex 2019/08/03 v3.1.4b (3.1.4b)
\pgf@picminx=\dimen141
\pgf@picmaxx=\dimen142
\pgf@picminy=\dimen143
\pgf@picmaxy=\dimen144
\pgf@pathminx=\dimen145
\pgf@pathmaxx=\dimen146
\pgf@pathminy=\dimen147
\pgf@pathmaxy=\dimen148
\pgf@xx=\dimen149
\pgf@xy=\dimen150
\pgf@yx=\dimen151
\pgf@yy=\dimen152
\pgf@zx=\dimen153
\pgf@zy=\dimen154
)
("C:\Users\hugod\AppData\Local\Programs\MiKTeX 2.9\tex/generic/pgf/basiclayer\p
gfcorepathconstruct.code.tex"
File: pgfcorepathconstruct.code.tex 2019/08/03 v3.1.4b (3.1.4b)
\pgf@path@lastx=\dimen155
\pgf@path@lasty=\dimen156
)
("C:\Users\hugod\AppData\Local\Programs\MiKTeX 2.9\tex/generic/pgf/basiclayer\p
gfcorepathusage.code.tex"
File: pgfcorepathusage.code.tex 2019/08/03 v3.1.4b (3.1.4b)
\pgf@shorten@end@additional=\dimen157
\pgf@shorten@start@additional=\dimen158
)
("C:\Users\hugod\AppData\Local\Programs\MiKTeX 2.9\tex/generic/pgf/basiclayer\p
gfcorescopes.code.tex"
File: pgfcorescopes.code.tex 2019/08/03 v3.1.4b (3.1.4b)
\pgfpic=\box38
\pgf@hbox=\box39
\pgf@layerbox@main=\box40
\pgf@picture@serial@count=\count117
)
("C:\Users\hugod\AppData\Local\Programs\MiKTeX 2.9\tex/generic/pgf/basiclayer\p
gfcoregraphicstate.code.tex"
File: pgfcoregraphicstate.code.tex 2019/08/03 v3.1.4b (3.1.4b)
\pgflinewidth=\dimen159
)
("C:\Users\hugod\AppData\Local\Programs\MiKTeX 2.9\tex/generic/pgf/basiclayer\p
gfcoretransformations.code.tex"
File: pgfcoretransformations.code.tex 2019/08/03 v3.1.4b (3.1.4b)
\pgf@pt@x=\dimen160
\pgf@pt@y=\dimen161
\pgf@pt@temp=\dimen162
)
("C:\Users\hugod\AppData\Local\Programs\MiKTeX 2.9\tex/generic/pgf/basiclayer\p
gfcorequick.code.tex"
File: pgfcorequick.code.tex 2019/08/03 v3.1.4b (3.1.4b)
)
("C:\Users\hugod\AppData\Local\Programs\MiKTeX 2.9\tex/generic/pgf/basiclayer\p
gfcoreobjects.code.tex"
File: pgfcoreobjects.code.tex 2019/08/03 v3.1.4b (3.1.4b)
)
("C:\Users\hugod\AppData\Local\Programs\MiKTeX 2.9\tex/generic/pgf/basiclayer\p
gfcorepathprocessing.code.tex"
File: pgfcorepathprocessing.code.tex 2019/08/03 v3.1.4b (3.1.4b)
)
("C:\Users\hugod\AppData\Local\Programs\MiKTeX 2.9\tex/generic/pgf/basiclayer\p
gfcorearrows.code.tex"
File: pgfcorearrows.code.tex 2019/08/03 v3.1.4b (3.1.4b)
\pgfarrowsep=\dimen163
)
("C:\Users\hugod\AppData\Local\Programs\MiKTeX 2.9\tex/generic/pgf/basiclayer\p
gfcoreshade.code.tex"
File: pgfcoreshade.code.tex 2019/08/03 v3.1.4b (3.1.4b)
\pgf@max=\dimen164
\pgf@sys@shading@range@num=\count118
\pgf@shadingcount=\count119
)
("C:\Users\hugod\AppData\Local\Programs\MiKTeX 2.9\tex/generic/pgf/basiclayer\p
gfcoreimage.code.tex"
File: pgfcoreimage.code.tex 2019/08/03 v3.1.4b (3.1.4b)

("C:\Users\hugod\AppData\Local\Programs\MiKTeX 2.9\tex/generic/pgf/basiclayer\p
gfcoreexternal.code.tex"
File: pgfcoreexternal.code.tex 2019/08/03 v3.1.4b (3.1.4b)
\pgfexternal@startupbox=\box41
))
("C:\Users\hugod\AppData\Local\Programs\MiKTeX 2.9\tex/generic/pgf/basiclayer\p
gfcorelayers.code.tex"
File: pgfcorelayers.code.tex 2019/08/03 v3.1.4b (3.1.4b)
)
("C:\Users\hugod\AppData\Local\Programs\MiKTeX 2.9\tex/generic/pgf/basiclayer\p
gfcoretransparency.code.tex"
File: pgfcoretransparency.code.tex 2019/08/03 v3.1.4b (3.1.4b)
)
("C:\Users\hugod\AppData\Local\Programs\MiKTeX 2.9\tex/generic/pgf/basiclayer\p
gfcorepatterns.code.tex"
File: pgfcorepatterns.code.tex 2019/08/03 v3.1.4b (3.1.4b)
)
("C:\Users\hugod\AppData\Local\Programs\MiKTeX 2.9\tex/generic/pgf/basiclayer\p
gfcorerdf.code.tex"
File: pgfcorerdf.code.tex 2019/08/03 v3.1.4b (3.1.4b)
)))
("C:\Users\hugod\AppData\Local\Programs\MiKTeX 2.9\tex/latex/pgf/utilities\xxco
lor.sty"
Package: xxcolor 2003/10/24 ver 0.1
\XC@nummixins=\count120
\XC@countmixins=\count121
)
("C:\Users\hugod\AppData\Local\Programs\MiKTeX 2.9\tex/generic/oberdiek\atbegsh
i.sty"
Package: atbegshi 2016/06/09 v1.18 At begin shipout hook (HO)

("C:\Users\hugod\AppData\Local\Programs\MiKTeX 2.9\tex/generic/oberdiek\infware
rr.sty"
Package: infwarerr 2016/05/16 v1.4 Providing info/warning/error messages (HO)
)
("C:\Users\hugod\AppData\Local\Programs\MiKTeX 2.9\tex/generic/oberdiek\ltxcmds
.sty"
Package: ltxcmds 2016/05/16 v1.23 LaTeX kernel commands for general use (HO)
))
("C:\Users\hugod\AppData\Local\Programs\MiKTeX 2.9\tex/latex/hyperref\hyperref.
sty"
Package: hyperref 2019/09/12 v6.88i Hypertext links for LaTeX

("C:\Users\hugod\AppData\Local\Programs\MiKTeX 2.9\tex/generic/oberdiek\hobsub-
hyperref.sty"
Package: hobsub-hyperref 2016/05/16 v1.14 Bundle oberdiek, subset hyperref (HO)


("C:\Users\hugod\AppData\Local\Programs\MiKTeX 2.9\tex/generic/oberdiek\hobsub-
generic.sty"
Package: hobsub-generic 2016/05/16 v1.14 Bundle oberdiek, subset generic (HO)
Package: hobsub 2016/05/16 v1.14 Construct package bundles (HO)
Package hobsub Info: Skipping package `infwarerr' (already loaded).
Package hobsub Info: Skipping package `ltxcmds' (already loaded).
Package: ifluatex 2016/05/16 v1.4 Provides the ifluatex switch (HO)
Package ifluatex Info: LuaTeX not detected.
Package hobsub Info: Skipping package `ifvtex' (already loaded).
Package: intcalc 2016/05/16 v1.2 Expandable calculations with integers (HO)
Package hobsub Info: Skipping package `ifpdf' (already loaded).
Package: etexcmds 2016/05/16 v1.6 Avoid name clashes with e-TeX commands (HO)
Package: kvsetkeys 2016/05/16 v1.17 Key value parser (HO)
Package: kvdefinekeys 2016/05/16 v1.4 Define keys (HO)
Package: pdftexcmds 2019/07/25 v0.30 Utility functions of pdfTeX for LuaTeX (HO
)
Package pdftexcmds Info: LuaTeX not detected.
Package pdftexcmds Info: \pdf@primitive is available.
Package pdftexcmds Info: \pdf@ifprimitive is available.
Package pdftexcmds Info: \pdfdraftmode found.
Package: pdfescape 2016/05/16 v1.14 Implements pdfTeX's escape features (HO)
Package: bigintcalc 2016/05/16 v1.4 Expandable calculations on big integers (HO
)
Package: bitset 2016/05/16 v1.2 Handle bit-vector datatype (HO)
Package: uniquecounter 2016/05/16 v1.3 Provide unlimited unique counter (HO)
)
Package hobsub Info: Skipping package `hobsub' (already loaded).
Package: letltxmacro 2016/05/16 v1.5 Let assignment for LaTeX macros (HO)
Package: hopatch 2016/05/16 v1.3 Wrapper for package hooks (HO)
Package: xcolor-patch 2016/05/16 xcolor patch
Package: atveryend 2016/05/16 v1.9 Hooks at the very end of document (HO)
Package hobsub Info: Skipping package `atbegshi' (already loaded).
Package: refcount 2016/05/16 v3.5 Data extraction from label references (HO)
Package: hycolor 2016/05/16 v1.8 Color options for hyperref/bookmark (HO)
)
("C:\Users\hugod\AppData\Local\Programs\MiKTeX 2.9\tex/latex/oberdiek\auxhook.s
ty"
Package: auxhook 2016/05/16 v1.4 Hooks for auxiliary files (HO)
)
("C:\Users\hugod\AppData\Local\Programs\MiKTeX 2.9\tex/latex/oberdiek\kvoptions
.sty"
Package: kvoptions 2016/05/16 v3.12 Key value format for package options (HO)
)
\@linkdim=\dimen165
\Hy@linkcounter=\count122
\Hy@pagecounter=\count123

("C:\Users\hugod\AppData\Local\Programs\MiKTeX 2.9\tex/latex/hyperref\pd1enc.de
f"
File: pd1enc.def 2019/09/12 v6.88i Hyperref: PDFDocEncoding definition (HO)
Now handling font encoding PD1 ...
... no UTF-8 mapping file for font encoding PD1
)
\Hy@SavedSpaceFactor=\count124

("C:\Users\hugod\AppData\Local\Programs\MiKTeX 2.9\tex/latex/00miktex\hyperref.
cfg"
File: hyperref.cfg 2002/06/06 v1.2 hyperref configuration of TeXLive
)
Package hyperref Info: Option `bookmarks' set `true' on input line 4424.
Package hyperref Info: Option `bookmarksopen' set `true' on input line 4424.
Package hyperref Info: Option `implicit' set `false' on input line 4424.
Package hyperref Info: Hyper figures OFF on input line 4550.
Package hyperref Info: Link nesting OFF on input line 4555.
Package hyperref Info: Hyper index ON on input line 4558.
Package hyperref Info: Plain pages OFF on input line 4565.
Package hyperref Info: Backreferencing OFF on input line 4570.
Package hyperref Info: Implicit mode OFF; no redefinition of LaTeX internals.
Package hyperref Info: Bookmarks ON on input line 4803.
\c@Hy@tempcnt=\count125
 ("C:\Users\hugod\AppData\Local\Programs\MiKTeX 2.9\tex/latex/url\url.sty"
\Urlmuskip=\muskip10
Package: url 2013/09/16  ver 3.4  Verb mode for urls, etc.
)
LaTeX Info: Redefining \url on input line 5156.
\XeTeXLinkMargin=\dimen166
\Fld@menulength=\count126
\Field@Width=\dimen167
\Fld@charsize=\dimen168
Package hyperref Info: Hyper figures OFF on input line 6411.
Package hyperref Info: Link nesting OFF on input line 6416.
Package hyperref Info: Hyper index ON on input line 6419.
Package hyperref Info: backreferencing OFF on input line 6426.
Package hyperref Info: Link coloring OFF on input line 6431.
Package hyperref Info: Link coloring with OCG OFF on input line 6436.
Package hyperref Info: PDF/A mode OFF on input line 6441.
LaTeX Info: Redefining \ref on input line 6481.
LaTeX Info: Redefining \pageref on input line 6485.
\Hy@abspage=\count127


Package hyperref Message: Stopped early.

)
Package hyperref Info: Driver (autodetected): hpdftex.

("C:\Users\hugod\AppData\Local\Programs\MiKTeX 2.9\tex/latex/hyperref\hpdftex.d
ef"
File: hpdftex.def 2019/09/12 v6.88i Hyperref driver for pdfTeX
\Fld@listcount=\count128
\c@bookmark@seq@number=\count129

("C:\Users\hugod\AppData\Local\Programs\MiKTeX 2.9\tex/latex/oberdiek\rerunfile
check.sty"
Package: rerunfilecheck 2016/05/16 v1.8 Rerun checks for auxiliary files (HO)
Package uniquecounter Info: New unique counter `rerunfilecheck' on input line 2
82.
))
("C:\Users\hugod\AppData\Local\Programs\MiKTeX 2.9\tex/latex/beamer\beamerbaser
equires.sty"
("C:\Users\hugod\AppData\Local\Programs\MiKTeX 2.9\tex/latex/beamer\beamerbasec
ompatibility.sty")
("C:\Users\hugod\AppData\Local\Programs\MiKTeX 2.9\tex/latex/beamer\beamerbasef
ont.sty"
("C:\Users\hugod\AppData\Local\Programs\MiKTeX 2.9\tex/latex/amsfonts\amssymb.s
ty"
Package: amssymb 2013/01/14 v3.01 AMS font symbols

("C:\Users\hugod\AppData\Local\Programs\MiKTeX 2.9\tex/latex/amsfonts\amsfonts.
sty"
Package: amsfonts 2013/01/14 v3.01 Basic AMSFonts support
\@emptytoks=\toks26
\symAMSa=\mathgroup4
\symAMSb=\mathgroup5
LaTeX Font Info:    Overwriting math alphabet `\mathfrak' in version `bold'
(Font)                  U/euf/m/n --> U/euf/b/n on input line 106.
))
("C:\Users\hugod\AppData\Local\Programs\MiKTeX 2.9\tex/latex/sansmathaccent\san
smathaccent.sty"
Package: sansmathaccent 2013/03/28

("C:\Users\hugod\AppData\Local\Programs\MiKTeX 2.9\tex/latex/filehook\filehook.
sty"
Package: filehook 2019/08/19 v0.5e Hooks for input files
)))
("C:\Users\hugod\AppData\Local\Programs\MiKTeX 2.9\tex/latex/beamer\beamerbaset
ranslator.sty"
("C:\Users\hugod\AppData\Local\Programs\MiKTeX 2.9\tex/latex/translator\transla
tor.sty"
Package: translator 2019-05-31 v1.12a Easy translation of strings in LaTeX
))
("C:\Users\hugod\AppData\Local\Programs\MiKTeX 2.9\tex/latex/beamer\beamerbasem
isc.sty")
("C:\Users\hugod\AppData\Local\Programs\MiKTeX 2.9\tex/latex/beamer\beamerbaset
woscreens.sty")
("C:\Users\hugod\AppData\Local\Programs\MiKTeX 2.9\tex/latex/beamer\beamerbaseo
verlay.sty"
\beamer@argscount=\count130
\beamer@lastskipcover=\skip44
\beamer@trivlistdepth=\count131
)
("C:\Users\hugod\AppData\Local\Programs\MiKTeX 2.9\tex/latex/beamer\beamerbaset
itle.sty")
("C:\Users\hugod\AppData\Local\Programs\MiKTeX 2.9\tex/latex/beamer\beamerbases
ection.sty"
\c@lecture=\count132
\c@part=\count133
\c@section=\count134
\c@subsection=\count135
\c@subsubsection=\count136
)
("C:\Users\hugod\AppData\Local\Programs\MiKTeX 2.9\tex/latex/beamer\beamerbasef
rame.sty"
\beamer@framebox=\box42
\beamer@frametitlebox=\box43
\beamer@zoombox=\box44
\beamer@zoomcount=\count137
\beamer@zoomframecount=\count138
\beamer@frametextheight=\dimen169
\c@subsectionslide=\count139
\beamer@frametopskip=\skip45
\beamer@framebottomskip=\skip46
\beamer@frametopskipautobreak=\skip47
\beamer@framebottomskipautobreak=\skip48
\beamer@envbody=\toks27
\framewidth=\dimen170
\c@framenumber=\count140
)
("C:\Users\hugod\AppData\Local\Programs\MiKTeX 2.9\tex/latex/beamer\beamerbasev
erbatim.sty"
\beamer@verbatimfileout=\write4
)
("C:\Users\hugod\AppData\Local\Programs\MiKTeX 2.9\tex/latex/beamer\beamerbasef
ramesize.sty"
\beamer@splitbox=\box45
\beamer@autobreakcount=\count141
\beamer@autobreaklastheight=\dimen171
\beamer@frametitletoks=\toks28
\beamer@framesubtitletoks=\toks29
)
("C:\Users\hugod\AppData\Local\Programs\MiKTeX 2.9\tex/latex/beamer\beamerbasef
ramecomponents.sty"
\beamer@footins=\box46
)
("C:\Users\hugod\AppData\Local\Programs\MiKTeX 2.9\tex/latex/beamer\beamerbasec
olor.sty")
("C:\Users\hugod\AppData\Local\Programs\MiKTeX 2.9\tex/latex/beamer\beamerbasen
otes.sty"
\beamer@frameboxcopy=\box47
)
("C:\Users\hugod\AppData\Local\Programs\MiKTeX 2.9\tex/latex/beamer\beamerbaset
oc.sty")
("C:\Users\hugod\AppData\Local\Programs\MiKTeX 2.9\tex/latex/beamer\beamerbaset
emplates.sty"
\beamer@sbttoks=\toks30

("C:\Users\hugod\AppData\Local\Programs\MiKTeX 2.9\tex/latex/beamer\beamerbasea
uxtemplates.sty"
("C:\Users\hugod\AppData\Local\Programs\MiKTeX 2.9\tex/latex/beamer\beamerbaseb
oxes.sty"
\bmb@box=\box48
\bmb@colorbox=\box49
\bmb@boxshadow=\box50
\bmb@boxshadowball=\box51
\bmb@boxshadowballlarge=\box52
\bmb@temp=\dimen172
\bmb@dima=\dimen173
\bmb@dimb=\dimen174
\bmb@prevheight=\dimen175
)
\beamer@blockheadheight=\dimen176
))
("C:\Users\hugod\AppData\Local\Programs\MiKTeX 2.9\tex/latex/beamer\beamerbasel
ocalstructure.sty"
("C:\Users\hugod\AppData\Local\Programs\MiKTeX 2.9\tex/latex/tools\enumerate.st
y"
Package: enumerate 2015/07/23 v3.00 enumerate extensions (DPC)
\@enLab=\toks31
)
\c@figure=\count142
\c@table=\count143
\abovecaptionskip=\skip49
\belowcaptionskip=\skip50
)
("C:\Users\hugod\AppData\Local\Programs\MiKTeX 2.9\tex/latex/beamer\beamerbasen
avigation.sty"
\beamer@section@min@dim=\dimen177
)
("C:\Users\hugod\AppData\Local\Programs\MiKTeX 2.9\tex/latex/beamer\beamerbaset
heorems.sty"
("C:\Users\hugod\AppData\Local\Programs\MiKTeX 2.9\tex/latex/amsmath\amsmath.st
y"
Package: amsmath 2018/12/01 v2.17b AMS math features
\@mathmargin=\skip51

For additional information on amsmath, use the `?' option.

("C:\Users\hugod\AppData\Local\Programs\MiKTeX 2.9\tex/latex/amsmath\amstext.st
y"
Package: amstext 2000/06/29 v2.01 AMS text

("C:\Users\hugod\AppData\Local\Programs\MiKTeX 2.9\tex/latex/amsmath\amsgen.sty
"
File: amsgen.sty 1999/11/30 v2.0 generic functions
\@emptytoks=\toks32
\ex@=\dimen178
))
("C:\Users\hugod\AppData\Local\Programs\MiKTeX 2.9\tex/latex/amsmath\amsbsy.sty
"
Package: amsbsy 1999/11/29 v1.2d Bold Symbols
\pmbraise@=\dimen179
)
("C:\Users\hugod\AppData\Local\Programs\MiKTeX 2.9\tex/latex/amsmath\amsopn.sty
"
Package: amsopn 2016/03/08 v2.02 operator names
)
\inf@bad=\count144
LaTeX Info: Redefining \frac on input line 223.
\uproot@=\count145
\leftroot@=\count146
LaTeX Info: Redefining \overline on input line 385.
\classnum@=\count147
\DOTSCASE@=\count148
LaTeX Info: Redefining \ldots on input line 482.
LaTeX Info: Redefining \dots on input line 485.
LaTeX Info: Redefining \cdots on input line 606.
\Mathstrutbox@=\box53
\strutbox@=\box54
\big@size=\dimen180
LaTeX Font Info:    Redeclaring font encoding OML on input line 729.
LaTeX Font Info:    Redeclaring font encoding OMS on input line 730.
\macc@depth=\count149
\c@MaxMatrixCols=\count150
\dotsspace@=\muskip11
\c@parentequation=\count151
\dspbrk@lvl=\count152
\tag@help=\toks33
\row@=\count153
\column@=\count154
\maxfields@=\count155
\andhelp@=\toks34
\eqnshift@=\dimen181
\alignsep@=\dimen182
\tagshift@=\dimen183
\tagwidth@=\dimen184
\totwidth@=\dimen185
\lineht@=\dimen186
\@envbody=\toks35
\multlinegap=\skip52
\multlinetaggap=\skip53
\mathdisplay@stack=\toks36
LaTeX Info: Redefining \[ on input line 2844.
LaTeX Info: Redefining \] on input line 2845.
)
("C:\Users\hugod\AppData\Local\Programs\MiKTeX 2.9\tex/latex/amscls\amsthm.sty"
Package: amsthm 2017/10/31 v2.20.4
\thm@style=\toks37
\thm@bodyfont=\toks38
\thm@headfont=\toks39
\thm@notefont=\toks40
\thm@headpunct=\toks41
\thm@preskip=\skip54
\thm@postskip=\skip55
\thm@headsep=\skip56
\dth@everypar=\toks42
)
\c@theorem=\count156
)
("C:\Users\hugod\AppData\Local\Programs\MiKTeX 2.9\tex/latex/beamer\beamerbaset
hemes.sty"))
("C:\Users\hugod\AppData\Local\Programs\MiKTeX 2.9\tex/latex/beamer\beamertheme
default.sty"
("C:\Users\hugod\AppData\Local\Programs\MiKTeX 2.9\tex/latex/beamer\beamerfontt
hemedefault.sty")
("C:\Users\hugod\AppData\Local\Programs\MiKTeX 2.9\tex/latex/beamer\beamercolor
themedefault.sty")
("C:\Users\hugod\AppData\Local\Programs\MiKTeX 2.9\tex/latex/beamer\beamerinner
themedefault.sty"
\beamer@dima=\dimen187
\beamer@dimb=\dimen188
)
("C:\Users\hugod\AppData\Local\Programs\MiKTeX 2.9\tex/latex/beamer\beamerouter
themedefault.sty"))) (aulas-beamer-preamble.tex
("C:\Users\hugod\AppData\Local\Programs\MiKTeX 2.9\tex/latex/beamer\beamertheme
Warsaw.sty"
("C:\Users\hugod\AppData\Local\Programs\MiKTeX 2.9\tex/latex/beamer\beamerinner
themerounded.sty")
("C:\Users\hugod\AppData\Local\Programs\MiKTeX 2.9\tex/latex/beamer\beamerouter
themeshadow.sty"
("C:\Users\hugod\AppData\Local\Programs\MiKTeX 2.9\tex/latex/beamer\beamerouter
themesplit.sty"))
("C:\Users\hugod\AppData\Local\Programs\MiKTeX 2.9\tex/latex/beamer\beamercolor
themeorchid.sty")
("C:\Users\hugod\AppData\Local\Programs\MiKTeX 2.9\tex/latex/beamer\beamercolor
themewhale.sty"))
("C:\Users\hugod\AppData\Local\Programs\MiKTeX 2.9\tex/generic/babel\babel.sty"
Package: babel 2019/09/27 3.34 The Babel package
("C:\Users\hugod\AppData\Local\Programs\MiKTeX 2.9\tex/generic/babel\switch.def
"
File: switch.def 2019/09/27 3.34 Babel switching mechanism
)
*************************************
* Local config file bblopts.cfg used
*
("C:\Users\hugod\AppData\Local\Programs\MiKTeX 2.9\tex/latex/arabi\bblopts.cfg"
File: bblopts.cfg 2005/09/08 v0.1 add Arabic and Farsi to "declared" options of
 babel
)
("C:\Users\hugod\AppData\Local\Programs\MiKTeX 2.9\tex/latex/babel-portuges\por
tuges.ldf"
Language: portuges 2008/03/18 v1.2q Portuguese support from the babel system

("C:\Users\hugod\AppData\Local\Programs\MiKTeX 2.9\tex/generic/babel\babel.def"
File: babel.def 2019/09/27 3.34 Babel common definitions
\babel@savecnt=\count157
\U@D=\dimen189

("C:\Users\hugod\AppData\Local\Programs\MiKTeX 2.9\tex/generic/babel\txtbabel.d
ef")
LaTeX Info: Redefining \textlatin on input line 2154.
\bbl@dirlevel=\count158
)
\l@brazil = a dialect from \language\l@portuges 
Package babel Info: Making " an active character on input line 145.
))
("C:\Users\hugod\AppData\Local\Programs\MiKTeX 2.9\tex/latex/base\inputenc.sty"
Package: inputenc 2018/08/11 v1.3c Input encoding file
\inpenc@prehook=\toks43
\inpenc@posthook=\toks44
("C:\Users\hugod\AppData\Local\Programs\MiKTeX 2.9\tex/latex/base\latin1.def"
File: latin1.def 2018/08/11 v1.3c Input encoding file
)) ("C:\Users\hugod\AppData\Local\Programs\MiKTeX 2.9\tex/latex/psnfss\times.st
y"
Package: times 2005/04/12 PSNFSS-v9.2a (SPQR) 
) ("C:\Users\hugod\AppData\Local\Programs\MiKTeX 2.9\tex/latex/base\fontenc.sty
"
Package: fontenc 2018/08/11 v2.0j Standard LaTeX package
 ("C:\Users\hugod\AppData\Local\Programs\MiKTeX 2.9\tex/latex/base\t1enc.def"
File: t1enc.def 2018/08/11 v2.0j Standard LaTeX file
LaTeX Font Info:    Redeclaring font encoding T1 on input line 48.
))
("C:\Users\hugod\AppData\Local\Programs\MiKTeX 2.9\tex/latex/graphics\epsfig.st
y"
Package: epsfig 2017/06/25 v1.7b (e)psfig emulation (SPQR)
\epsfxsize=\dimen190
\epsfysize=\dimen191
)
("C:\Users\hugod\AppData\Local\Programs\MiKTeX 2.9\tex/latex/listings\listings.
sty"
\lst@mode=\count159
\lst@gtempboxa=\box55
\lst@token=\toks45
\lst@length=\count160
\lst@currlwidth=\dimen192
\lst@column=\count161
\lst@pos=\count162
\lst@lostspace=\dimen193
\lst@width=\dimen194
\lst@newlines=\count163
\lst@lineno=\count164
\lst@maxwidth=\dimen195

("C:\Users\hugod\AppData\Local\Programs\MiKTeX 2.9\tex/latex/listings\lstmisc.s
ty"
File: lstmisc.sty 2019/09/10 1.8c (Carsten Heinz)
\c@lstnumber=\count165
\lst@skipnumbers=\count166
\lst@framebox=\box56
)
("C:\Users\hugod\AppData\Local\Programs\MiKTeX 2.9\tex/latex/listings\listings.
cfg"
File: listings.cfg 2019/09/10 1.8c listings configuration
))
Package: listings 2019/09/10 1.8c (Carsten Heinz)

("C:\Users\hugod\AppData\Local\Programs\MiKTeX 2.9\tex/latex/multirow\multirow.
sty"
Package: multirow 2019/05/31 v2.5 Span multiple rows of a table
\multirow@colwidth=\skip57
\multirow@cntb=\count167
\multirow@dima=\skip58
\bigstrutjot=\dimen196
)
("C:\Users\hugod\AppData\Local\Programs\MiKTeX 2.9\tex/latex/tools\multicol.sty
"
Package: multicol 2018/12/27 v1.8v multicolumn formatting (FMi)
\c@tracingmulticols=\count168
\mult@box=\box57
\multicol@leftmargin=\dimen197
\c@unbalance=\count169
\c@collectmore=\count170
\doublecol@number=\count171
\multicoltolerance=\count172
\multicolpretolerance=\count173
\full@width=\dimen198
\page@free=\dimen199
\premulticols=\dimen256
\postmulticols=\dimen257
\multicolsep=\skip59
\multicolbaselineskip=\skip60
\partial@page=\box58
\last@line=\box59
\maxbalancingoverflow=\dimen258
\mult@rightbox=\box60
\mult@grightbox=\box61
\mult@gfirstbox=\box62
\mult@firstbox=\box63
\@tempa=\box64
\@tempa=\box65
\@tempa=\box66
\@tempa=\box67
\@tempa=\box68
\@tempa=\box69
\@tempa=\box70
\@tempa=\box71
\@tempa=\box72
\@tempa=\box73
\@tempa=\box74
\@tempa=\box75
\@tempa=\box76
\@tempa=\box77
\@tempa=\box78
\@tempa=\box79
\@tempa=\box80
\c@columnbadness=\count174
\c@finalcolumnbadness=\count175
\last@try=\dimen259
\multicolovershoot=\dimen260
\multicolundershoot=\dimen261
\mult@nat@firstbox=\box81
\colbreak@box=\box82
\mc@col@check@num=\count176
)
("C:\Users\hugod\AppData\Local\Programs\MiKTeX 2.9\tex/latex/pgf/frontendlayer\
tikz.sty"
("C:\Users\hugod\AppData\Local\Programs\MiKTeX 2.9\tex/latex/pgf/basiclayer\pgf
.sty"
Package: pgf 2019/08/03 v3.1.4b (3.1.4b)

("C:\Users\hugod\AppData\Local\Programs\MiKTeX 2.9\tex/generic/pgf/modules\pgfm
oduleshapes.code.tex"
File: pgfmoduleshapes.code.tex 2019/08/03 v3.1.4b (3.1.4b)
\pgfnodeparttextbox=\box83
)
("C:\Users\hugod\AppData\Local\Programs\MiKTeX 2.9\tex/generic/pgf/modules\pgfm
oduleplot.code.tex"
File: pgfmoduleplot.code.tex 2019/08/03 v3.1.4b (3.1.4b)
)
("C:\Users\hugod\AppData\Local\Programs\MiKTeX 2.9\tex/latex/pgf/compatibility\
pgfcomp-version-0-65.sty"
Package: pgfcomp-version-0-65 2019/08/03 v3.1.4b (3.1.4b)
\pgf@nodesepstart=\dimen262
\pgf@nodesepend=\dimen263
)
("C:\Users\hugod\AppData\Local\Programs\MiKTeX 2.9\tex/latex/pgf/compatibility\
pgfcomp-version-1-18.sty"
Package: pgfcomp-version-1-18 2019/08/03 v3.1.4b (3.1.4b)
))
("C:\Users\hugod\AppData\Local\Programs\MiKTeX 2.9\tex/latex/pgf/utilities\pgff
or.sty"
("C:\Users\hugod\AppData\Local\Programs\MiKTeX 2.9\tex/latex/pgf/utilities\pgfk
eys.sty"
("C:\Users\hugod\AppData\Local\Programs\MiKTeX 2.9\tex/generic/pgf/utilities\pg
fkeys.code.tex"))
("C:\Users\hugod\AppData\Local\Programs\MiKTeX 2.9\tex/latex/pgf/math\pgfmath.s
ty"
("C:\Users\hugod\AppData\Local\Programs\MiKTeX 2.9\tex/generic/pgf/math\pgfmath
.code.tex"))
("C:\Users\hugod\AppData\Local\Programs\MiKTeX 2.9\tex/generic/pgf/utilities\pg
ffor.code.tex"
Package: pgffor 2019/08/03 v3.1.4b (3.1.4b)

("C:\Users\hugod\AppData\Local\Programs\MiKTeX 2.9\tex/generic/pgf/math\pgfmath
.code.tex")
\pgffor@iter=\dimen264
\pgffor@skip=\dimen265
\pgffor@stack=\toks46
\pgffor@toks=\toks47
))
("C:\Users\hugod\AppData\Local\Programs\MiKTeX 2.9\tex/generic/pgf/frontendlaye
r/tikz\tikz.code.tex"
Package: tikz 2019/08/03 v3.1.4b (3.1.4b)

("C:\Users\hugod\AppData\Local\Programs\MiKTeX 2.9\tex/generic/pgf/libraries\pg
flibraryplothandlers.code.tex"
File: pgflibraryplothandlers.code.tex 2019/08/03 v3.1.4b (3.1.4b)
\pgf@plot@mark@count=\count177
\pgfplotmarksize=\dimen266
)
\tikz@lastx=\dimen267
\tikz@lasty=\dimen268
\tikz@lastxsaved=\dimen269
\tikz@lastysaved=\dimen270
\tikz@lastmovetox=\dimen271
\tikz@lastmovetoy=\dimen272
\tikzleveldistance=\dimen273
\tikzsiblingdistance=\dimen274
\tikz@figbox=\box84
\tikz@figbox@bg=\box85
\tikz@tempbox=\box86
\tikz@tempbox@bg=\box87
\tikztreelevel=\count178
\tikznumberofchildren=\count179
\tikznumberofcurrentchild=\count180
\tikz@fig@count=\count181

("C:\Users\hugod\AppData\Local\Programs\MiKTeX 2.9\tex/generic/pgf/modules\pgfm
odulematrix.code.tex"
File: pgfmodulematrix.code.tex 2019/08/03 v3.1.4b (3.1.4b)
\pgfmatrixcurrentrow=\count182
\pgfmatrixcurrentcolumn=\count183
\pgf@matrix@numberofcolumns=\count184
)
\tikz@expandcount=\count185

("C:\Users\hugod\AppData\Local\Programs\MiKTeX 2.9\tex/generic/pgf/frontendlaye
r/tikz/libraries\tikzlibrarytopaths.code.tex"
File: tikzlibrarytopaths.code.tex 2019/08/03 v3.1.4b (3.1.4b)
)))
("C:\Users\hugod\AppData\Local\Programs\MiKTeX 2.9\tex/latex/textpos\textpos.st
y"
Package: textpos 2019/04/15 v1.9.1

Package: textpos 2019/04/15 1.9.1, absolute positioning of text on the page
\TP@textbox=\box88
\TPHorizModule=\dimen275
\TPVertModule=\dimen276
\TP@margin=\dimen277
\TP@absmargin=\dimen278
Grid set 16 x 16 = 22.7622pt x 17.07166pt
\TPboxrulesize=\dimen279
\TP@tbargs=\toks48
\TP@prevdepth=\dimen280
) ("C:\Users\hugod\AppData\Local\Programs\MiKTeX 2.9\tex/latex/framed\framed.st
y"
Package: framed 2011/10/22 v 0.96: framed or shaded text with page breaks
\OuterFrameSep=\skip61
\fb@frw=\dimen281
\fb@frh=\dimen282
\FrameRule=\dimen283
\FrameSep=\dimen284
)
("C:\Users\hugod\AppData\Local\Programs\MiKTeX 2.9\tex/latex/wrapfig\wrapfig.st
y"
\wrapoverhang=\dimen285
\WF@size=\dimen286
\c@WF@wrappedlines=\count186
\WF@box=\box89
\WF@everypar=\toks49
Package: wrapfig 2003/01/31  v 3.6
) ("C:\Users\hugod\AppData\Local\Programs\MiKTeX 2.9\tex/latex/tools\array.sty"
Package: array 2018/12/30 v2.4k Tabular extension package (FMi)
\col@sep=\dimen287
\ar@mcellbox=\box90
\extrarowheight=\dimen288
\NC@list=\toks50
\extratabsurround=\skip62
\backup@length=\skip63
\ar@cellbox=\box91
)
("C:\Users\hugod\AppData\Local\Programs\MiKTeX 2.9\tex/latex/booktabs\booktabs.
sty"
Package: booktabs 2005/04/14 v1.61803 publication quality tables
\heavyrulewidth=\dimen289
\lightrulewidth=\dimen290
\cmidrulewidth=\dimen291
\belowrulesep=\dimen292
\belowbottomsep=\dimen293
\aboverulesep=\dimen294
\abovetopsep=\dimen295
\cmidrulesep=\dimen296
\cmidrulekern=\dimen297
\defaultaddspace=\dimen298
\@cmidla=\count187
\@cmidlb=\count188
\@aboverulesep=\dimen299
\@belowrulesep=\dimen300
\@thisruleclass=\count189
\@lastruleclass=\count190
\@thisrulewidth=\dimen301
)
("C:\Users\hugod\AppData\Local\Programs\MiKTeX 2.9\tex/latex/tools\verbatim.sty
"
Package: verbatim 2014/10/28 v1.5q LaTeX2e package for verbatim enhancements
\every@verbatim=\toks51
\verbatim@line=\toks52
\verbatim@in@stream=\read2
)
("C:\Users\hugod\AppData\Local\Programs\MiKTeX 2.9\tex/latex/tikzuml\tikz-uml.s
ty"
Package: tikz-uml 2011/01/26
 ("C:\Users\hugod\AppData\Local\Programs\MiKTeX 2.9\tex/latex/base\ifthen.sty"
Package: ifthen 2014/09/29 v1.1c Standard LaTeX ifthen package (DPC)
)
("C:\Users\hugod\AppData\Local\Programs\MiKTeX 2.9\tex/latex/xstring\xstring.st
y"
("C:\Users\hugod\AppData\Local\Programs\MiKTeX 2.9\tex/generic/xstring\xstring.
tex"
\integerpart=\count191
\decimalpart=\count192
)
Package: xstring 2019/02/06 v1.83 String manipulations (CT)
)
("C:\Users\hugod\AppData\Local\Programs\MiKTeX 2.9\tex/latex/tools\calc.sty"
Package: calc 2017/05/25 v4.3 Infix arithmetic (KKT,FJ)
\calc@Acount=\count193
\calc@Bcount=\count194
\calc@Adimen=\dimen302
\calc@Bdimen=\dimen303
\calc@Askip=\skip64
\calc@Bskip=\skip65
LaTeX Info: Redefining \setlength on input line 80.
LaTeX Info: Redefining \addtolength on input line 81.
\calc@Ccount=\count195
\calc@Cskip=\skip66
)
("C:\Users\hugod\AppData\Local\Programs\MiKTeX 2.9\tex/latex/pgfopts\pgfopts.st
y"
Package: pgfopts 2014/07/10 v2.1a LaTeX package options with pgfkeys
\pgfopts@list@add@a@toks=\toks53
\pgfopts@list@add@b@toks=\toks54
)
("C:\Users\hugod\AppData\Local\Programs\MiKTeX 2.9\tex/generic/pgf/frontendlaye
r/tikz/libraries\tikzlibrarybackgrounds.code.tex"
File: tikzlibrarybackgrounds.code.tex 2019/08/03 v3.1.4b (3.1.4b)
\pgf@layerbox@background=\box92
\pgf@layerboxsaved@background=\box93
)
("C:\Users\hugod\AppData\Local\Programs\MiKTeX 2.9\tex/generic/pgf/frontendlaye
r/tikz/libraries\tikzlibraryarrows.code.tex"
File: tikzlibraryarrows.code.tex 2019/08/03 v3.1.4b (3.1.4b)

("C:\Users\hugod\AppData\Local\Programs\MiKTeX 2.9\tex/generic/pgf/libraries\pg
flibraryarrows.code.tex"
File: pgflibraryarrows.code.tex 2019/08/03 v3.1.4b (3.1.4b)
\arrowsize=\dimen304
))
("C:\Users\hugod\AppData\Local\Programs\MiKTeX 2.9\tex/generic/pgf/frontendlaye
r/tikz/libraries\tikzlibraryshapes.code.tex"
File: tikzlibraryshapes.code.tex 2019/08/03 v3.1.4b (3.1.4b)

("C:\Users\hugod\AppData\Local\Programs\MiKTeX 2.9\tex/generic/pgf/frontendlaye
r/tikz/libraries\tikzlibraryshapes.geometric.code.tex"
File: tikzlibraryshapes.geometric.code.tex 2019/08/03 v3.1.4b (3.1.4b)

("C:\Users\hugod\AppData\Local\Programs\MiKTeX 2.9\tex/generic/pgf/libraries/sh
apes\pgflibraryshapes.geometric.code.tex"
File: pgflibraryshapes.geometric.code.tex 2019/08/03 v3.1.4b (3.1.4b)
))
("C:\Users\hugod\AppData\Local\Programs\MiKTeX 2.9\tex/generic/pgf/frontendlaye
r/tikz/libraries\tikzlibraryshapes.misc.code.tex"
File: tikzlibraryshapes.misc.code.tex 2019/08/03 v3.1.4b (3.1.4b)

("C:\Users\hugod\AppData\Local\Programs\MiKTeX 2.9\tex/generic/pgf/libraries/sh
apes\pgflibraryshapes.misc.code.tex"
File: pgflibraryshapes.misc.code.tex 2019/08/03 v3.1.4b (3.1.4b)
))
("C:\Users\hugod\AppData\Local\Programs\MiKTeX 2.9\tex/generic/pgf/frontendlaye
r/tikz/libraries\tikzlibraryshapes.symbols.code.tex"
File: tikzlibraryshapes.symbols.code.tex 2019/08/03 v3.1.4b (3.1.4b)

("C:\Users\hugod\AppData\Local\Programs\MiKTeX 2.9\tex/generic/pgf/libraries/sh
apes\pgflibraryshapes.symbols.code.tex"
File: pgflibraryshapes.symbols.code.tex 2019/08/03 v3.1.4b (3.1.4b)
))
("C:\Users\hugod\AppData\Local\Programs\MiKTeX 2.9\tex/generic/pgf/frontendlaye
r/tikz/libraries\tikzlibraryshapes.arrows.code.tex"
File: tikzlibraryshapes.arrows.code.tex 2019/08/03 v3.1.4b (3.1.4b)

("C:\Users\hugod\AppData\Local\Programs\MiKTeX 2.9\tex/generic/pgf/libraries/sh
apes\pgflibraryshapes.arrows.code.tex"
File: pgflibraryshapes.arrows.code.tex 2019/08/03 v3.1.4b (3.1.4b)
))
("C:\Users\hugod\AppData\Local\Programs\MiKTeX 2.9\tex/generic/pgf/frontendlaye
r/tikz/libraries\tikzlibraryshapes.callouts.code.tex"
("C:\Users\hugod\AppData\Local\Programs\MiKTeX 2.9\tex/generic/pgf/libraries/sh
apes\pgflibraryshapes.callouts.code.tex"))
("C:\Users\hugod\AppData\Local\Programs\MiKTeX 2.9\tex/generic/pgf/frontendlaye
r/tikz/libraries\tikzlibraryshapes.multipart.code.tex"
File: tikzlibraryshapes.multipart.code.tex 2019/08/03 v3.1.4b (3.1.4b)

("C:\Users\hugod\AppData\Local\Programs\MiKTeX 2.9\tex/generic/pgf/libraries/sh
apes\pgflibraryshapes.multipart.code.tex"
File: pgflibraryshapes.multipart.code.tex 2019/08/03 v3.1.4b (3.1.4b)
\pgfnodepartlowerbox=\box94
\pgfnodeparttwobox=\box95
\pgfnodepartthreebox=\box96
\pgfnodepartfourbox=\box97
\pgfnodeparttwentybox=\box98
\pgfnodepartnineteenbox=\box99
\pgfnodeparteighteenbox=\box100
\pgfnodepartseventeenbox=\box101
\pgfnodepartsixteenbox=\box102
\pgfnodepartfifteenbox=\box103
\pgfnodepartfourteenbox=\box104
\pgfnodepartthirteenbox=\box105
\pgfnodeparttwelvebox=\box106
\pgfnodepartelevenbox=\box107
\pgfnodeparttenbox=\box108
\pgfnodepartninebox=\box109
\pgfnodeparteightbox=\box110
\pgfnodepartsevenbox=\box111
\pgfnodepartsixbox=\box112
\pgfnodepartfivebox=\box113
)))
("C:\Users\hugod\AppData\Local\Programs\MiKTeX 2.9\tex/generic/pgf/frontendlaye
r/tikz/libraries\tikzlibraryfit.code.tex"
File: tikzlibraryfit.code.tex 2019/08/03 v3.1.4b (3.1.4b)
)
("C:\Users\hugod\AppData\Local\Programs\MiKTeX 2.9\tex/generic/pgf/frontendlaye
r/tikz/libraries\tikzlibraryshadows.code.tex"
File: tikzlibraryshadows.code.tex 2019/08/03 v3.1.4b (3.1.4b)

("C:\Users\hugod\AppData\Local\Programs\MiKTeX 2.9\tex/generic/pgf/frontendlaye
r/tikz/libraries\tikzlibraryfadings.code.tex"
File: tikzlibraryfadings.code.tex 2019/08/03 v3.1.4b (3.1.4b)

("C:\Users\hugod\AppData\Local\Programs\MiKTeX 2.9\tex/generic/pgf/libraries\pg
flibraryfadings.code.tex"
File: pgflibraryfadings.code.tex 2019/08/03 v3.1.4b (3.1.4b)
)))
("C:\Users\hugod\AppData\Local\Programs\MiKTeX 2.9\tex/generic/pgf/frontendlaye
r/tikz/libraries\tikzlibrarydecorations.markings.code.tex"
("C:\Users\hugod\AppData\Local\Programs\MiKTeX 2.9\tex/generic/pgf/frontendlaye
r/tikz/libraries\tikzlibrarydecorations.code.tex"
("C:\Users\hugod\AppData\Local\Programs\MiKTeX 2.9\tex/generic/pgf/modules\pgfm
oduledecorations.code.tex"
\pgfdecoratedcompleteddistance=\dimen305
\pgfdecoratedremainingdistance=\dimen306
\pgfdecoratedinputsegmentcompleteddistance=\dimen307
\pgfdecoratedinputsegmentremainingdistance=\dimen308
\pgf@decorate@distancetomove=\dimen309
\pgf@decorate@repeatstate=\count196
\pgfdecorationsegmentamplitude=\dimen310
\pgfdecorationsegmentlength=\dimen311
)
\tikz@lib@dec@box=\box114
)
("C:\Users\hugod\AppData\Local\Programs\MiKTeX 2.9\tex/generic/pgf/libraries/de
corations\pgflibrarydecorations.markings.code.tex"))
\c@tikzumlPackageLayers=\count197
\pgf@layerbox@package0=\box115
\pgf@layerboxsaved@package0=\box116
\pgf@layerbox@package1=\box117
\pgf@layerboxsaved@package1=\box118
\pgf@layerbox@package2=\box119
\pgf@layerboxsaved@package2=\box120
\pgf@layerbox@package3=\box121
\pgf@layerboxsaved@package3=\box122
\c@tikzumlFragmentLayers=\count198
\pgf@layerbox@fragment0=\box123
\pgf@layerboxsaved@fragment0=\box124
\pgf@layerbox@fragment1=\box125
\pgf@layerboxsaved@fragment1=\box126
\pgf@layerbox@fragment2=\box127
\pgf@layerboxsaved@fragment2=\box128
\pgf@layerbox@fragment3=\box129
\pgf@layerboxsaved@fragment3=\box130
\c@tikzumlStateLayers=\count199
\pgf@layerbox@state0=\box131
\pgf@layerboxsaved@state0=\box132
\pgf@layerbox@state1=\box133
\pgf@layerboxsaved@state1=\box134
\pgf@layerbox@state2=\box135
\pgf@layerboxsaved@state2=\box136
\pgf@layerbox@state3=\box137
\pgf@layerboxsaved@state3=\box138
\c@tikzumlComponentLayers=\count266
\pgf@layerbox@component0=\box139
\pgf@layerboxsaved@component0=\box140
\pgf@layerbox@component1=\box141
\pgf@layerboxsaved@component1=\box142
\pgf@layerbox@component2=\box143
\pgf@layerboxsaved@component2=\box144
\pgf@layerbox@component3=\box145
\pgf@layerboxsaved@component3=\box146
\pgf@layerbox@lifelines=\box147
\pgf@layerboxsaved@lifelines=\box148
\pgf@layerbox@activity=\box149
\pgf@layerboxsaved@activity=\box150
\pgf@layerbox@connections=\box151
\pgf@layerboxsaved@connections=\box152
\c@tikzumlPackageClassNum=\count267
\c@tikzumlPackageSubPackageNum=\count268
\c@tikzumlRelationNum=\count269
\c@tikzumlNoteNum=\count270
\c@pos=\count271
\c@posT=\count272
\c@posStereo=\count273
\c@tikzumlPackageLevel=\count274
\tikzumlNestingSymbolSize=\dimen312
\c@tikzumlSystemUseCaseNum=\count275
\c@tikzumlSystemLevel=\count276
\c@tikzumlUseCaseNum=\count277
\c@tikzumlActorNum=\count278
\c@tikzumlStateJoinNum=\count279
\c@tikzumlStateDecisionNum=\count280
\c@tikzumlStateInitialNum=\count281
\c@tikzumlStateFinalNum=\count282
\c@tikzumlStateEnterNum=\count283
\c@tikzumlStateExitNum=\count284
\c@tikzumlStateEndNum=\count285
\c@tikzumlStateHistoryNum=\count286
\c@tikzumlStateDeepHistoryNum=\count287
\c@tikzumlStateLevel=\count288
\c@tikzumlStateSubStateNum=\count289
\c@tikzumlStateText=\count290
\c@tikzumlObjectNum=\count291
\c@tikzumlCallLevel=\count292
\c@tikzumlCallNum=\count293
\c@tikzumlFragmentLevel=\count294
\c@tikzumlFragmentLevelNum=\count295
\c@tikzumlFragmentNum=\count296
\c@tikzumlFragmentPartNum=\count297
\c@tikzumlCallStartFragmentNum=\count298
\c@tikzumlCallEndFragmentNum=\count299
\c@tikzumlSDNodeNum=\count300
\tikzumlCall@xa=\skip67
\tikzumlCall@xb=\skip68
\c@tikzumlComponentLevel=\count301
\c@tikzumlComponentSubComponentNum=\count302
\c@tikzumlConnectorNum=\count303
\tikzuml@AC@xa=\skip69
\tikzuml@AC@ya=\skip70
\tikzuml@AC@xb=\skip71
\tikzuml@AC@yb=\skip72
\tikzuml@AC@xi=\skip73
\tikzuml@AC@yi=\skip74
\tikzuml@AC@xic=\skip75
\tikzuml@AC@yic=\skip76
\tikzuml@AC@xio=\skip77
\tikzuml@AC@yio=\skip78
\tikzuml@AC@AB=\skip79
\tikzuml@AC@lambda=\skip80
\tikzuml@AC@xtrc=\skip81
\tikzuml@AC@ytrc=\skip82
\tikzuml@AC@xtlc=\skip83
\tikzuml@AC@ytlc=\skip84
\tikzuml@AC@xblc=\skip85
\tikzuml@AC@yblc=\skip86
\tikzuml@AC@xbrc=\skip87
\tikzuml@AC@ybrc=\skip88
\tikzuml@AC@middleArm=\skip89
))
("C:\Users\hugod\AppData\Local\Programs\MiKTeX 2.9\tex/latex/listings\lstlang1.
sty"
File: lstlang1.sty 2019/09/10 1.8c listings language file
) (programacao-modular-16-web-services.aux)
\openout1 = `programacao-modular-16-web-services.aux'.

LaTeX Font Info:    Checking defaults for OML/cmm/m/it on input line 28.
LaTeX Font Info:    ... okay on input line 28.
LaTeX Font Info:    Checking defaults for T1/cmr/m/n on input line 28.
LaTeX Font Info:    ... okay on input line 28.
LaTeX Font Info:    Checking defaults for OT1/cmr/m/n on input line 28.
LaTeX Font Info:    ... okay on input line 28.
LaTeX Font Info:    Checking defaults for OMS/cmsy/m/n on input line 28.
LaTeX Font Info:    ... okay on input line 28.
LaTeX Font Info:    Checking defaults for OMX/cmex/m/n on input line 28.
LaTeX Font Info:    ... okay on input line 28.
LaTeX Font Info:    Checking defaults for U/cmr/m/n on input line 28.
LaTeX Font Info:    ... okay on input line 28.
LaTeX Font Info:    Checking defaults for PD1/pdf/m/n on input line 28.
LaTeX Font Info:    ... okay on input line 28.
LaTeX Font Info:    Try loading font information for T1+phv on input line 28.

("C:\Users\hugod\AppData\Local\Programs\MiKTeX 2.9\tex/latex/psnfss\t1phv.fd"
File: t1phv.fd 2001/06/04 scalable font definitions for T1/phv.
)
*geometry* driver: auto-detecting
*geometry* detected driver: pdftex
*geometry* verbose mode - [ preamble ] result:
* driver: pdftex
* paper: custom
* layout: <same size as paper>
* layoutoffset:(h,v)=(0.0pt,0.0pt)
* modes: includehead includefoot 
* h-part:(L,W,R)=(28.45274pt, 307.28987pt, 28.45274pt)
* v-part:(T,H,B)=(0.0pt, 273.14662pt, 0.0pt)
* \paperwidth=364.19536pt
* \paperheight=273.14662pt
* \textwidth=307.28987pt
* \textheight=244.6939pt
* \oddsidemargin=-43.81725pt
* \evensidemargin=-43.81725pt
* \topmargin=-72.26999pt
* \headheight=14.22636pt
* \headsep=0.0pt
* \topskip=11.0pt
* \footskip=14.22636pt
* \marginparwidth=4.0pt
* \marginparsep=10.0pt
* \columnsep=10.0pt
* \skip\footins=10.0pt plus 4.0pt minus 2.0pt
* \hoffset=0.0pt
* \voffset=0.0pt
* \mag=1000
* \@twocolumnfalse
* \@twosidefalse
* \@mparswitchfalse
* \@reversemarginfalse
* (1in=72.27pt=25.4mm, 1cm=28.453pt)


("C:\Users\hugod\AppData\Local\Programs\MiKTeX 2.9\tex/context/base/mkii\supp-p
df.mkii"
[Loading MPS to PDF converter (version 2006.09.02).]
\scratchcounter=\count304
\scratchdimen=\dimen313
\scratchbox=\box153
\nofMPsegments=\count305
\nofMParguments=\count306
\everyMPshowfont=\toks55
\MPscratchCnt=\count307
\MPscratchDim=\dimen314
\MPnumerator=\count308
\makeMPintoPDFobject=\count309
\everyMPtoPDFconversion=\toks56
)
("C:\Users\hugod\AppData\Local\Programs\MiKTeX 2.9\tex/latex/oberdiek\epstopdf-
base.sty"
Package: epstopdf-base 2016/05/15 v2.6 Base part for package epstopdf

("C:\Users\hugod\AppData\Local\Programs\MiKTeX 2.9\tex/latex/oberdiek\grfext.st
y"
Package: grfext 2016/05/16 v1.2 Manage graphics extensions (HO)
)
Package epstopdf-base Info: Redefining graphics rule for `.eps' on input line 4
38.
Package grfext Info: Graphics extension search list:
(grfext)             [.pdf,.png,.jpg,.mps,.jpeg,.jbig2,.jb2,.PDF,.PNG,.JPG,.JPE
G,.JBIG2,.JB2,.eps]
(grfext)             \AppendGraphicsExtensions on input line 456.
) ABD: EveryShipout initializing macros
\AtBeginShipoutBox=\box154
Package hyperref Info: Link coloring OFF on input line 28.

("C:\Users\hugod\AppData\Local\Programs\MiKTeX 2.9\tex/latex/hyperref\nameref.s
ty"
Package: nameref 2019/09/12 v2.45 Cross-referencing by name of section

("C:\Users\hugod\AppData\Local\Programs\MiKTeX 2.9\tex/generic/oberdiek\gettitl
estring.sty"
Package: gettitlestring 2016/05/16 v1.5 Cleanup title references (HO)
)
\c@section@level=\count310
)
LaTeX Info: Redefining \ref on input line 28.
LaTeX Info: Redefining \pageref on input line 28.
LaTeX Info: Redefining \nameref on input line 28.
 (programacao-modular-16-web-services.out)
(programacao-modular-16-web-services.out)
\@outlinefile=\write5
\openout5 = `programacao-modular-16-web-services.out'.

LaTeX Font Info:    Overwriting symbol font `operators' in version `normal'
(Font)                  OT1/cmr/m/n --> OT1/cmss/m/n on input line 28.
LaTeX Font Info:    Overwriting symbol font `operators' in version `bold'
(Font)                  OT1/cmr/bx/n --> OT1/cmss/bx/n on input line 28.
\symnumbers=\mathgroup6
\sympureletters=\mathgroup7
LaTeX Font Info:    Overwriting math alphabet `\mathrm' in version `normal'
(Font)                  OT1/cmss/m/n --> T1/ptm/m/n on input line 28.
LaTeX Font Info:    Redeclaring math alphabet \mathbf on input line 28.
LaTeX Font Info:    Overwriting math alphabet `\mathbf' in version `normal'
(Font)                  OT1/cmr/bx/n --> T1/phv/bx/n on input line 28.
LaTeX Font Info:    Overwriting math alphabet `\mathbf' in version `bold'
(Font)                  OT1/cmr/bx/n --> T1/phv/bx/n on input line 28.
LaTeX Font Info:    Redeclaring math alphabet \mathsf on input line 28.
LaTeX Font Info:    Overwriting math alphabet `\mathsf' in version `normal'
(Font)                  OT1/cmss/m/n --> T1/phv/m/n on input line 28.
LaTeX Font Info:    Overwriting math alphabet `\mathsf' in version `bold'
(Font)                  OT1/cmss/bx/n --> T1/phv/m/n on input line 28.
LaTeX Font Info:    Redeclaring math alphabet \mathit on input line 28.
LaTeX Font Info:    Overwriting math alphabet `\mathit' in version `normal'
(Font)                  OT1/cmr/m/it --> T1/phv/m/it on input line 28.
LaTeX Font Info:    Overwriting math alphabet `\mathit' in version `bold'
(Font)                  OT1/cmr/bx/it --> T1/phv/m/it on input line 28.
LaTeX Font Info:    Redeclaring math alphabet \mathtt on input line 28.
LaTeX Font Info:    Overwriting math alphabet `\mathtt' in version `normal'
(Font)                  OT1/cmtt/m/n --> T1/pcr/m/n on input line 28.
LaTeX Font Info:    Overwriting math alphabet `\mathtt' in version `bold'
(Font)                  OT1/cmtt/m/n --> T1/pcr/m/n on input line 28.
LaTeX Font Info:    Overwriting symbol font `numbers' in version `bold'
(Font)                  T1/phv/m/n --> T1/phv/bx/n on input line 28.
LaTeX Font Info:    Overwriting symbol font `pureletters' in version `bold'
(Font)                  T1/phv/m/it --> T1/phv/bx/it on input line 28.
LaTeX Font Info:    Overwriting math alphabet `\mathrm' in version `bold'
(Font)                  OT1/cmss/bx/n --> T1/ptm/bx/n on input line 28.
LaTeX Font Info:    Overwriting math alphabet `\mathbf' in version `bold'
(Font)                  T1/phv/bx/n --> T1/phv/bx/n on input line 28.
LaTeX Font Info:    Overwriting math alphabet `\mathsf' in version `bold'
(Font)                  T1/phv/m/n --> T1/phv/bx/n on input line 28.
LaTeX Font Info:    Overwriting math alphabet `\mathit' in version `bold'
(Font)                  T1/phv/m/it --> T1/phv/bx/it on input line 28.
LaTeX Font Info:    Overwriting math alphabet `\mathtt' in version `bold'
(Font)                  T1/pcr/m/n --> T1/pcr/bx/n on input line 28.

("C:\Users\hugod\AppData\Local\Programs\MiKTeX 2.9\tex/latex/translator\transla
tor-basic-dictionary-English.dict"
Dictionary: translator-basic-dictionary, Language: English 
)
("C:\Users\hugod\AppData\Local\Programs\MiKTeX 2.9\tex/latex/translator\transla
tor-bibliography-dictionary-English.dict"
Dictionary: translator-bibliography-dictionary, Language: English 
)
("C:\Users\hugod\AppData\Local\Programs\MiKTeX 2.9\tex/latex/translator\transla
tor-environment-dictionary-English.dict"
Dictionary: translator-environment-dictionary, Language: English 
)
("C:\Users\hugod\AppData\Local\Programs\MiKTeX 2.9\tex/latex/translator\transla
tor-months-dictionary-English.dict"
Dictionary: translator-months-dictionary, Language: English 
)
("C:\Users\hugod\AppData\Local\Programs\MiKTeX 2.9\tex/latex/translator\transla
tor-numbers-dictionary-English.dict"
Dictionary: translator-numbers-dictionary, Language: English 
)
("C:\Users\hugod\AppData\Local\Programs\MiKTeX 2.9\tex/latex/translator\transla
tor-theorem-dictionary-English.dict"
Dictionary: translator-theorem-dictionary, Language: English 
)
\c@lstlisting=\count311
 (programacao-modular-16-web-services.nav)
Overfull \vbox (0.8034pt too high) detected at line 28
 []

<puc_engesoft_logo.png, id=105, 554.82281pt x 235.63031pt>
File: puc_engesoft_logo.png Graphic file (type png)
<use puc_engesoft_logo.png>
Package pdftex.def Info: puc_engesoft_logo.png  used on input line 35.
(pdftex.def)             Requested size: 113.81102pt x 48.33328pt.

Overfull \vbox (0.8034pt too high) has occurred while \output is active []


[1{C:/Users/hugod/AppData/Local/MiKTeX/2.9/pdftex/config/pdftex.map}

 <./puc_engesoft_logo.png>] (programacao-modular-16-web-services.toc
LaTeX Font Info:    Font shape `T1/phv/m/it' in size <10.95> not available
(Font)              Font shape `T1/phv/m/sl' tried instead on input line 16.
)
Overfull \vbox (0.8034pt too high) has occurred while \output is active []


[2

]
LaTeX Font Info:    Font shape `T1/phv/m/it' in size <14.4> not available
(Font)              Font shape `T1/phv/m/sl' tried instead on input line 68.
<puclogo_small_bw.pdf, id=164, 125.0271pt x 119.0046pt>
File: puclogo_small_bw.pdf Graphic file (type pdf)
<use puclogo_small_bw.pdf>
Package pdftex.def Info: puclogo_small_bw.pdf  used on input line 68.
(pdftex.def)             Requested size: 29.89264pt x 28.45274pt.

Overfull \hbox (1.4399pt too wide) in paragraph at lines 68--68
[][]  
 []


Overfull \vbox (0.8034pt too high) has occurred while \output is active []


[3

 <./puclogo_small_bw.pdf>]
\openout4 = `programacao-modular-16-web-services.vrb'.

 (programacao-modular-16-web-services.vrb
LaTeX Font Info:    Try loading font information for T1+pcr on input line 5.

("C:\Users\hugod\AppData\Local\Programs\MiKTeX 2.9\tex/latex/psnfss\t1pcr.fd"
File: t1pcr.fd 2001/06/04 font definitions for T1/pcr.
)
LaTeX Font Info:    Try loading font information for U+msa on input line 5.

("C:\Users\hugod\AppData\Local\Programs\MiKTeX 2.9\tex/latex/amsfonts\umsa.fd"
File: umsa.fd 2013/01/14 v3.01 AMS symbols A
)
LaTeX Font Info:    Try loading font information for U+msb on input line 5.
("C:\Users\hugod\AppData\Local\Programs\MiKTeX 2.9\tex/latex/amsfonts\umsb.fd"
File: umsb.fd 2013/01/14 v3.01 AMS symbols B
)
LaTeX Font Info:    Font shape `T1/phv/m/it' in size <10> not available
(Font)              Font shape `T1/phv/m/sl' tried instead on input line 5.
LaTeX Font Info:    Font shape `T1/phv/m/it' in size <7> not available
(Font)              Font shape `T1/phv/m/sl' tried instead on input line 5.
LaTeX Font Info:    Font shape `T1/phv/m/it' in size <5> not available
(Font)              Font shape `T1/phv/m/sl' tried instead on input line 5.

("C:\Users\hugod\AppData\Local\Programs\MiKTeX 2.9\tex/latex/listings\lstlang1.
sty"
File: lstlang1.sty 2019/09/10 1.8c listings language file
)
("C:\Users\hugod\AppData\Local\Programs\MiKTeX 2.9\tex/latex/listings\lstmisc.s
ty"
File: lstmisc.sty 2019/09/10 1.8c (Carsten Heinz)
)
LaTeX Font Info:    Font shape `T1/phv/bx/n' in size <6> not available
(Font)              Font shape `T1/phv/b/n' tried instead on input line 7.
LaTeX Font Info:    Font shape `T1/phv/m/it' in size <6> not available
(Font)              Font shape `T1/phv/m/sl' tried instead on input line 8.

Overfull \hbox (2.31328pt too wide) in paragraph at lines 9--10
[][][][][][][][] 
 []

)
File: puclogo_small_bw.pdf Graphic file (type pdf)
<use puclogo_small_bw.pdf>
Package pdftex.def Info: puclogo_small_bw.pdf  used on input line 92.
(pdftex.def)             Requested size: 29.89264pt x 28.45274pt.

Overfull \hbox (1.4399pt too wide) in paragraph at lines 92--92
[][]  
 []


Overfull \vbox (0.8034pt too high) has occurred while \output is active []


[4

]
\openout4 = `programacao-modular-16-web-services.vrb'.

 (programacao-modular-16-web-services.vrb
LaTeX Font Info:    Font shape `T1/phv/bx/n' in size <10> not available
(Font)              Font shape `T1/phv/b/n' tried instead on input line 6.
)
File: puclogo_small_bw.pdf Graphic file (type pdf)
<use puclogo_small_bw.pdf>
Package pdftex.def Info: puclogo_small_bw.pdf  used on input line 107.
(pdftex.def)             Requested size: 29.89264pt x 28.45274pt.

Overfull \hbox (1.4399pt too wide) in paragraph at lines 107--107
[][]  
 []


Overfull \vbox (0.8034pt too high) has occurred while \output is active []


[5

]
\openout4 = `programacao-modular-16-web-services.vrb'.

 (programacao-modular-16-web-services.vrb
LaTeX Font Info:    Font shape `T1/phv/bx/n' in size <9> not available
(Font)              Font shape `T1/phv/b/n' tried instead on input line 12.
)
File: puclogo_small_bw.pdf Graphic file (type pdf)
<use puclogo_small_bw.pdf>
Package pdftex.def Info: puclogo_small_bw.pdf  used on input line 130.
(pdftex.def)             Requested size: 29.89264pt x 28.45274pt.

Overfull \hbox (1.4399pt too wide) in paragraph at lines 130--130
[][]  
 []


Overfull \vbox (0.8034pt too high) has occurred while \output is active []


[6

]
\openout4 = `programacao-modular-16-web-services.vrb'.

 (programacao-modular-16-web-services.vrb
LaTeX Font Info:    Font shape `T1/phv/m/it' in size <8> not available
(Font)              Font shape `T1/phv/m/sl' tried instead on input line 10.
)
File: puclogo_small_bw.pdf Graphic file (type pdf)
<use puclogo_small_bw.pdf>
Package pdftex.def Info: puclogo_small_bw.pdf  used on input line 152.
(pdftex.def)             Requested size: 29.89264pt x 28.45274pt.

Overfull \hbox (1.4399pt too wide) in paragraph at lines 152--152
[][]  
 []


Overfull \vbox (0.8034pt too high) has occurred while \output is active []


[7

]
\openout4 = `programacao-modular-16-web-services.vrb'.

 (programacao-modular-16-web-services.vrb
LaTeX Font Info:    Font shape `T1/phv/bx/n' in size <8> not available
(Font)              Font shape `T1/phv/b/n' tried instead on input line 8.

Overfull \hbox (14.3134pt too wide) in paragraph at lines 14--15
[][][][][][][][][][][][][][][][][][][][][][][][] 
 []

)
File: puclogo_small_bw.pdf Graphic file (type pdf)
<use puclogo_small_bw.pdf>
Package pdftex.def Info: puclogo_small_bw.pdf  used on input line 177.
(pdftex.def)             Requested size: 29.89264pt x 28.45274pt.

Overfull \hbox (1.4399pt too wide) in paragraph at lines 177--177
[][]  
 []


Overfull \vbox (0.8034pt too high) has occurred while \output is active []


[8

]
\openout4 = `programacao-modular-16-web-services.vrb'.

 (programacao-modular-16-web-services.vrb
Overfull \hbox (19.11345pt too wide) in paragraph at lines 12--13
[][][][][][][][][] 
 []


Overfull \hbox (19.11345pt too wide) in paragraph at lines 17--18
[][][][][][][][][][][][][][][][][][][][][][][][] 
 []

)
File: puclogo_small_bw.pdf Graphic file (type pdf)
<use puclogo_small_bw.pdf>
Package pdftex.def Info: puclogo_small_bw.pdf  used on input line 204.
(pdftex.def)             Requested size: 29.89264pt x 28.45274pt.

Overfull \hbox (1.4399pt too wide) in paragraph at lines 204--204
[][]  
 []


Overfull \vbox (0.8034pt too high) has occurred while \output is active []


[9

]
\openout4 = `programacao-modular-16-web-services.vrb'.

 (programacao-modular-16-web-services.vrb)
File: puclogo_small_bw.pdf Graphic file (type pdf)
<use puclogo_small_bw.pdf>
Package pdftex.def Info: puclogo_small_bw.pdf  used on input line 228.
(pdftex.def)             Requested size: 29.89264pt x 28.45274pt.

Overfull \hbox (1.4399pt too wide) in paragraph at lines 228--228
[][]  
 []


Overfull \vbox (0.8034pt too high) has occurred while \output is active []


[10

]
\openout4 = `programacao-modular-16-web-services.vrb'.

 (programacao-modular-16-web-services.vrb)
File: puclogo_small_bw.pdf Graphic file (type pdf)
<use puclogo_small_bw.pdf>
Package pdftex.def Info: puclogo_small_bw.pdf  used on input line 255.
(pdftex.def)             Requested size: 29.89264pt x 28.45274pt.

Overfull \hbox (1.4399pt too wide) in paragraph at lines 255--255
[][]  
 []


Overfull \vbox (0.8034pt too high) has occurred while \output is active []


[11

]
\openout4 = `programacao-modular-16-web-services.vrb'.

 (programacao-modular-16-web-services.vrb)
File: puclogo_small_bw.pdf Graphic file (type pdf)
<use puclogo_small_bw.pdf>
Package pdftex.def Info: puclogo_small_bw.pdf  used on input line 287.
(pdftex.def)             Requested size: 29.89264pt x 28.45274pt.

Overfull \hbox (1.4399pt too wide) in paragraph at lines 287--287
[][]  
 []


Overfull \vbox (0.8034pt too high) has occurred while \output is active []


[12

]
\openout4 = `programacao-modular-16-web-services.vrb'.

 (programacao-modular-16-web-services.vrb)
File: puclogo_small_bw.pdf Graphic file (type pdf)
<use puclogo_small_bw.pdf>
Package pdftex.def Info: puclogo_small_bw.pdf  used on input line 306.
(pdftex.def)             Requested size: 29.89264pt x 28.45274pt.

Overfull \hbox (1.4399pt too wide) in paragraph at lines 306--306
[][]  
 []


Overfull \vbox (0.8034pt too high) has occurred while \output is active []


[13

]
File: puclogo_small_bw.pdf Graphic file (type pdf)
<use puclogo_small_bw.pdf>
Package pdftex.def Info: puclogo_small_bw.pdf  used on input line 329.
(pdftex.def)             Requested size: 29.89264pt x 28.45274pt.

Overfull \hbox (1.4399pt too wide) in paragraph at lines 329--329
[][]  
 []


Overfull \vbox (0.8034pt too high) has occurred while \output is active []


[14

]
\openout4 = `programacao-modular-16-web-services.vrb'.

 (programacao-modular-16-web-services.vrb
Overfull \hbox (27.63736pt too wide) in paragraph at lines 6--16
 [] 
 []


Overfull \hbox (24.00002pt too wide) in paragraph at lines 3--30
[][]  
 []

)
File: puclogo_small_bw.pdf Graphic file (type pdf)
<use puclogo_small_bw.pdf>
Package pdftex.def Info: puclogo_small_bw.pdf  used on input line 361.
(pdftex.def)             Requested size: 29.89264pt x 28.45274pt.

Overfull \hbox (1.4399pt too wide) in paragraph at lines 361--361
[][]  
 []


Overfull \vbox (0.8034pt too high) has occurred while \output is active []


[15

]
\openout4 = `programacao-modular-16-web-services.vrb'.

 (programacao-modular-16-web-services.vrb
LaTeX Font Info:    Font shape `T1/phv/bx/n' in size <7> not available
(Font)              Font shape `T1/phv/b/n' tried instead on input line 4.

Overfull \hbox (8.64877pt too wide) in paragraph at lines 14--15
 [] 
 []

)
File: puclogo_small_bw.pdf Graphic file (type pdf)
<use puclogo_small_bw.pdf>
Package pdftex.def Info: puclogo_small_bw.pdf  used on input line 382.
(pdftex.def)             Requested size: 29.89264pt x 28.45274pt.

Overfull \hbox (1.4399pt too wide) in paragraph at lines 382--382
[][]  
 []


Overfull \vbox (0.22832pt too high) detected at line 382
 []


Overfull \vbox (0.8034pt too high) has occurred while \output is active []


[16

]
\openout4 = `programacao-modular-16-web-services.vrb'.

 (programacao-modular-16-web-services.vrb
<ajax-process-flow.png, id=351, 583.17876pt x 401.5pt>
File: ajax-process-flow.png Graphic file (type png)
<use ajax-process-flow.png>
Package pdftex.def Info: ajax-process-flow.png  used on input line 7.
(pdftex.def)             Requested size: 256.0748pt x 176.3052pt.
)
File: puclogo_small_bw.pdf Graphic file (type pdf)
<use puclogo_small_bw.pdf>
Package pdftex.def Info: puclogo_small_bw.pdf  used on input line 399.
(pdftex.def)             Requested size: 29.89264pt x 28.45274pt.

Overfull \hbox (1.4399pt too wide) in paragraph at lines 399--399
[][]  
 []


Overfull \vbox (4.34999pt too high) detected at line 399
 []


Overfull \vbox (0.8034pt too high) has occurred while \output is active []


[17

 <./ajax-process-flow.png>]
\openout4 = `programacao-modular-16-web-services.vrb'.

 (programacao-modular-16-web-services.vrb)
File: puclogo_small_bw.pdf Graphic file (type pdf)
<use puclogo_small_bw.pdf>
Package pdftex.def Info: puclogo_small_bw.pdf  used on input line 408.
(pdftex.def)             Requested size: 29.89264pt x 28.45274pt.

Overfull \hbox (1.4399pt too wide) in paragraph at lines 408--408
[][]  
 []


Overfull \vbox (0.8034pt too high) has occurred while \output is active []


[18

]
Overfull \hbox (7.04216pt too wide) in paragraph at lines 425--425
 [] 
 []

File: puclogo_small_bw.pdf Graphic file (type pdf)
<use puclogo_small_bw.pdf>
Package pdftex.def Info: puclogo_small_bw.pdf  used on input line 425.
(pdftex.def)             Requested size: 29.89264pt x 28.45274pt.

Overfull \hbox (1.4399pt too wide) in paragraph at lines 425--425
[][]  
 []


Overfull \vbox (0.8034pt too high) has occurred while \output is active []


[19

]
\openout4 = `programacao-modular-16-web-services.vrb'.

 (programacao-modular-16-web-services.vrb)
File: puclogo_small_bw.pdf Graphic file (type pdf)
<use puclogo_small_bw.pdf>
Package pdftex.def Info: puclogo_small_bw.pdf  used on input line 436.
(pdftex.def)             Requested size: 29.89264pt x 28.45274pt.

Overfull \hbox (1.4399pt too wide) in paragraph at lines 436--436
[][]  
 []


Overfull \vbox (0.8034pt too high) has occurred while \output is active []


[20

]
\openout4 = `programacao-modular-16-web-services.vrb'.

 (programacao-modular-16-web-services.vrb
Overfull \hbox (14.3134pt too wide) in paragraph at lines 22--23
[][][][][][][][][][][][][][][][][][][][][][][] 
 []

)
File: puclogo_small_bw.pdf Graphic file (type pdf)
<use puclogo_small_bw.pdf>
Package pdftex.def Info: puclogo_small_bw.pdf  used on input line 466.
(pdftex.def)             Requested size: 29.89264pt x 28.45274pt.

Overfull \hbox (1.4399pt too wide) in paragraph at lines 466--466
[][]  
 []


Overfull \vbox (3.48991pt too high) detected at line 466
 []


Overfull \vbox (0.8034pt too high) has occurred while \output is active []


[21

]
\openout4 = `programacao-modular-16-web-services.vrb'.

 (programacao-modular-16-web-services.vrb
Overfull \hbox (19.11345pt too wide) in paragraph at lines 12--13
[][][][][][][] 
 []


Overfull \hbox (19.11345pt too wide) in paragraph at lines 13--14
[][][][][][][][][][][][][][][][][][][] 
 []


Overfull \hbox (19.11345pt too wide) in paragraph at lines 14--15
[][][][][][][][][][][][][][][][][][][] 
 []

)
File: puclogo_small_bw.pdf Graphic file (type pdf)
<use puclogo_small_bw.pdf>
Package pdftex.def Info: puclogo_small_bw.pdf  used on input line 495.
(pdftex.def)             Requested size: 29.89264pt x 28.45274pt.

Overfull \hbox (1.4399pt too wide) in paragraph at lines 495--495
[][]  
 []


Overfull \vbox (3.48991pt too high) detected at line 495
 []


Overfull \vbox (0.8034pt too high) has occurred while \output is active []


[22

]
\openout4 = `programacao-modular-16-web-services.vrb'.

 (programacao-modular-16-web-services.vrb
Overfull \hbox (4.7133pt too wide) in paragraph at lines 4--6
[][][][][][][][][][][][][][][][][][][] 
 []


Overfull \hbox (14.3134pt too wide) in paragraph at lines 20--21
[][][][][][][][][][][][][][][][][][][][][][][][][][][][][][][][][][][][] 
 []

)
File: puclogo_small_bw.pdf Graphic file (type pdf)
<use puclogo_small_bw.pdf>
Package pdftex.def Info: puclogo_small_bw.pdf  used on input line 522.
(pdftex.def)             Requested size: 29.89264pt x 28.45274pt.

Overfull \hbox (1.4399pt too wide) in paragraph at lines 522--522
[][]  
 []


Overfull \vbox (0.8034pt too high) has occurred while \output is active []


[23

]
\openout4 = `programacao-modular-16-web-services.vrb'.

 (programacao-modular-16-web-services.vrb
LaTeX Font Info:    Font shape `T1/phv/bx/n' in size <10.95> not available
(Font)              Font shape `T1/phv/b/n' tried instead on input line 14.
)
File: puclogo_small_bw.pdf Graphic file (type pdf)
<use puclogo_small_bw.pdf>
Package pdftex.def Info: puclogo_small_bw.pdf  used on input line 552.
(pdftex.def)             Requested size: 29.89264pt x 28.45274pt.

Overfull \hbox (1.4399pt too wide) in paragraph at lines 552--552
[][]  
 []


Overfull \vbox (0.8034pt too high) has occurred while \output is active []


[24

]
\openout4 = `programacao-modular-16-web-services.vrb'.

 (programacao-modular-16-web-services.vrb)
File: puclogo_small_bw.pdf Graphic file (type pdf)
<use puclogo_small_bw.pdf>
Package pdftex.def Info: puclogo_small_bw.pdf  used on input line 566.
(pdftex.def)             Requested size: 29.89264pt x 28.45274pt.

Overfull \hbox (1.4399pt too wide) in paragraph at lines 566--566
[][]  
 []


Overfull \vbox (0.8034pt too high) has occurred while \output is active []


[25

]
\openout4 = `programacao-modular-16-web-services.vrb'.

 (programacao-modular-16-web-services.vrb
<ambvar.png, id=472, 785.93625pt x 441.90094pt>
File: ambvar.png Graphic file (type png)
<use ambvar.png>
Package pdftex.def Info: ambvar.png  used on input line 4.
(pdftex.def)             Requested size: 354.19536pt x 199.15701pt.
)
File: puclogo_small_bw.pdf Graphic file (type pdf)
<use puclogo_small_bw.pdf>
Package pdftex.def Info: puclogo_small_bw.pdf  used on input line 574.
(pdftex.def)             Requested size: 29.89264pt x 28.45274pt.

Overfull \hbox (1.4399pt too wide) in paragraph at lines 574--574
[][]  
 []


Overfull \vbox (2.7969pt too high) detected at line 574
 []


Overfull \vbox (0.8034pt too high) has occurred while \output is active []


[26

 <./ambvar.png>]
\openout4 = `programacao-modular-16-web-services.vrb'.

 (programacao-modular-16-web-services.vrb)
File: puclogo_small_bw.pdf Graphic file (type pdf)
<use puclogo_small_bw.pdf>
Package pdftex.def Info: puclogo_small_bw.pdf  used on input line 590.
(pdftex.def)             Requested size: 29.89264pt x 28.45274pt.

Overfull \hbox (1.4399pt too wide) in paragraph at lines 590--590
[][]  
 []


Overfull \vbox (0.8034pt too high) has occurred while \output is active []


[27

]
\openout4 = `programacao-modular-16-web-services.vrb'.

 (programacao-modular-16-web-services.vrb
<catalog.png, id=500, 578.16pt x 435.87843pt>
File: catalog.png Graphic file (type png)
<use catalog.png>
Package pdftex.def Info: catalog.png  used on input line 2.
(pdftex.def)             Requested size: 291.92444pt x 220.08029pt.
)
File: puclogo_small_bw.pdf Graphic file (type pdf)
<use puclogo_small_bw.pdf>
Package pdftex.def Info: puclogo_small_bw.pdf  used on input line 595.
(pdftex.def)             Requested size: 29.89264pt x 28.45274pt.

Overfull \hbox (1.4399pt too wide) in paragraph at lines 595--595
[][]  
 []


Overfull \vbox (23.72018pt too high) detected at line 595
 []


Overfull \vbox (0.8034pt too high) has occurred while \output is active []


[28

 <./catalog.png>]
\openout4 = `programacao-modular-16-web-services.vrb'.

 (programacao-modular-16-web-services.vrb
<archetype.png, id=514, 563.85657pt x 338.01282pt>
File: archetype.png Graphic file (type png)
<use archetype.png>
Package pdftex.def Info: archetype.png  used on input line 6.
(pdftex.def)             Requested size: 307.28987pt x 184.21074pt.
)
File: puclogo_small_bw.pdf Graphic file (type pdf)
<use puclogo_small_bw.pdf>
Package pdftex.def Info: puclogo_small_bw.pdf  used on input line 604.
(pdftex.def)             Requested size: 29.89264pt x 28.45274pt.

Overfull \hbox (1.4399pt too wide) in paragraph at lines 604--604
[][]  
 []


Overfull \vbox (4.75552pt too high) detected at line 604
 []


Overfull \vbox (0.8034pt too high) has occurred while \output is active []


[29

 <./archetype.png>]
File: puclogo_small_bw.pdf Graphic file (type pdf)
<use puclogo_small_bw.pdf>
Package pdftex.def Info: puclogo_small_bw.pdf  used on input line 614.
(pdftex.def)             Requested size: 29.89264pt x 28.45274pt.

Overfull \hbox (1.4399pt too wide) in paragraph at lines 614--614
[][]  
 []


Overfull \vbox (0.8034pt too high) has occurred while \output is active []


[30

]
\openout4 = `programacao-modular-16-web-services.vrb'.

 (programacao-modular-16-web-services.vrb)
File: puclogo_small_bw.pdf Graphic file (type pdf)
<use puclogo_small_bw.pdf>
Package pdftex.def Info: puclogo_small_bw.pdf  used on input line 638.
(pdftex.def)             Requested size: 29.89264pt x 28.45274pt.

Overfull \hbox (1.4399pt too wide) in paragraph at lines 638--638
[][]  
 []


Overfull \vbox (0.8034pt too high) has occurred while \output is active []


[31

]
\openout4 = `programacao-modular-16-web-services.vrb'.

 (programacao-modular-16-web-services.vrb
Overfull \hbox (28.71355pt too wide) in paragraph at lines 10--12
[][][][][][][][][][][][][][][] 
 []

)
File: puclogo_small_bw.pdf Graphic file (type pdf)
<use puclogo_small_bw.pdf>
Package pdftex.def Info: puclogo_small_bw.pdf  used on input line 659.
(pdftex.def)             Requested size: 29.89264pt x 28.45274pt.

Overfull \hbox (1.4399pt too wide) in paragraph at lines 659--659
[][]  
 []


Overfull \vbox (0.8034pt too high) has occurred while \output is active []


[32

]
\openout4 = `programacao-modular-16-web-services.vrb'.

 (programacao-modular-16-web-services.vrb
Overfull \hbox (19.11345pt too wide) in paragraph at lines 9--10
[][][][][][][][][][][][][][][][][][][][][][][][][] 
 []


Overfull \hbox (4.7133pt too wide) in paragraph at lines 10--11
[][][][][][][][][][][][][][][][][][][][][][][][][][][] 
 []

)
File: puclogo_small_bw.pdf Graphic file (type pdf)
<use puclogo_small_bw.pdf>
Package pdftex.def Info: puclogo_small_bw.pdf  used on input line 679.
(pdftex.def)             Requested size: 29.89264pt x 28.45274pt.

Overfull \hbox (1.4399pt too wide) in paragraph at lines 679--679
[][]  
 []


Overfull \vbox (0.8034pt too high) has occurred while \output is active []


[33

]
\openout4 = `programacao-modular-16-web-services.vrb'.

 (programacao-modular-16-web-services.vrb)
File: puclogo_small_bw.pdf Graphic file (type pdf)
<use puclogo_small_bw.pdf>
Package pdftex.def Info: puclogo_small_bw.pdf  used on input line 703.
(pdftex.def)             Requested size: 29.89264pt x 28.45274pt.

Overfull \hbox (1.4399pt too wide) in paragraph at lines 703--703
[][]  
 []


Overfull \vbox (0.8034pt too high) has occurred while \output is active []


[34

]
Overfull \hbox (6.20872pt too wide) in paragraph at lines 725--725
[]|\T1/phv/b/n/10.95 DELETE| 
 []

File: puclogo_small_bw.pdf Graphic file (type pdf)
<use puclogo_small_bw.pdf>
Package pdftex.def Info: puclogo_small_bw.pdf  used on input line 725.
(pdftex.def)             Requested size: 29.89264pt x 28.45274pt.

Overfull \hbox (1.4399pt too wide) in paragraph at lines 725--725
[][]  
 []


Overfull \vbox (0.8034pt too high) has occurred while \output is active []


[35

]
File: puclogo_small_bw.pdf Graphic file (type pdf)
<use puclogo_small_bw.pdf>
Package pdftex.def Info: puclogo_small_bw.pdf  used on input line 746.
(pdftex.def)             Requested size: 29.89264pt x 28.45274pt.

Overfull \hbox (1.4399pt too wide) in paragraph at lines 746--746
[][]  
 []


Overfull \vbox (0.8034pt too high) has occurred while \output is active []


[36

]
\openout4 = `programacao-modular-16-web-services.vrb'.

 (programacao-modular-16-web-services.vrb
Overfull \hbox (12.21321pt too wide) in paragraph at lines 27--28
[][][][][][][][][][][][][][][][][][][][][][][] 
 []

)
File: puclogo_small_bw.pdf Graphic file (type pdf)
<use puclogo_small_bw.pdf>
Package pdftex.def Info: puclogo_small_bw.pdf  used on input line 780.
(pdftex.def)             Requested size: 29.89264pt x 28.45274pt.

Overfull \hbox (1.4399pt too wide) in paragraph at lines 780--780
[][]  
 []


Overfull \vbox (0.8034pt too high) has occurred while \output is active []


[37

]
\openout4 = `programacao-modular-16-web-services.vrb'.

 (programacao-modular-16-web-services.vrb)
File: puclogo_small_bw.pdf Graphic file (type pdf)
<use puclogo_small_bw.pdf>
Package pdftex.def Info: puclogo_small_bw.pdf  used on input line 813.
(pdftex.def)             Requested size: 29.89264pt x 28.45274pt.

Overfull \hbox (1.4399pt too wide) in paragraph at lines 813--813
[][]  
 []


Overfull \vbox (0.8034pt too high) has occurred while \output is active []


[38

]
\openout4 = `programacao-modular-16-web-services.vrb'.

 (programacao-modular-16-web-services.vrb
Overfull \hbox (2.61018pt too wide) in paragraph at lines 5--5
[][][]\T1/pcr/m/n/10 <artifactId>maven-dependency-plugin</artifactId>  
 []

)
File: puclogo_small_bw.pdf Graphic file (type pdf)
<use puclogo_small_bw.pdf>
Package pdftex.def Info: puclogo_small_bw.pdf  used on input line 827.
(pdftex.def)             Requested size: 29.89264pt x 28.45274pt.

Overfull \hbox (1.4399pt too wide) in paragraph at lines 827--827
[][]  
 []


Overfull \vbox (0.8034pt too high) has occurred while \output is active []


[39

]
\openout4 = `programacao-modular-16-web-services.vrb'.

 (programacao-modular-16-web-services.vrb
Overfull \hbox (17.00984pt too wide) in paragraph at lines 10--11
[][]     []\T1/pcr/m/n/9 ws_03_produto_service-0.1-jar-with-dependencies.jar  
 []

)
File: puclogo_small_bw.pdf Graphic file (type pdf)
<use puclogo_small_bw.pdf>
Package pdftex.def Info: puclogo_small_bw.pdf  used on input line 844.
(pdftex.def)             Requested size: 29.89264pt x 28.45274pt.

Overfull \hbox (1.4399pt too wide) in paragraph at lines 844--844
[][]  
 []


Overfull \vbox (0.8034pt too high) has occurred while \output is active []


[40

]
File: puclogo_small_bw.pdf Graphic file (type pdf)
<use puclogo_small_bw.pdf>
Package pdftex.def Info: puclogo_small_bw.pdf  used on input line 853.
(pdftex.def)             Requested size: 29.89264pt x 28.45274pt.

Overfull \hbox (1.4399pt too wide) in paragraph at lines 853--853
[][]  
 []


Overfull \vbox (0.8034pt too high) has occurred while \output is active []


[41

]
<CORS_principle.png, id=673, 607.725pt x 422.451pt>
File: CORS_principle.png Graphic file (type png)
<use CORS_principle.png>
Package pdftex.def Info: CORS_principle.png  used on input line 864.
(pdftex.def)             Requested size: 245.83282pt x 170.88544pt.
File: puclogo_small_bw.pdf Graphic file (type pdf)
<use puclogo_small_bw.pdf>
Package pdftex.def Info: puclogo_small_bw.pdf  used on input line 864.
(pdftex.def)             Requested size: 29.89264pt x 28.45274pt.

Overfull \hbox (1.4399pt too wide) in paragraph at lines 864--864
[][]  
 []


Overfull \vbox (0.8034pt too high) has occurred while \output is active []


[42

 <./CORS_principle.png>]
\openout4 = `programacao-modular-16-web-services.vrb'.

 (programacao-modular-16-web-services.vrb
Overfull \hbox (9.51335pt too wide) in paragraph at lines 7--8
[][][][][][][][][][][][][][][] 
 []


Overfull \hbox (23.9135pt too wide) in paragraph at lines 8--9
[][][][][][][][][][][][][][][] 
 []

LaTeX Font Info:    Try loading font information for OMS+phv on input line 9.
("C:\Users\hugod\AppData\Local\Programs\MiKTeX 2.9\tex/latex/psnfss\omsphv.fd"
File: omsphv.fd 
)
LaTeX Font Info:    Font shape `OMS/phv/m/n' in size <8> not available
(Font)              Font shape `OMS/cmsy/m/n' tried instead on input line 9.

Overfull \hbox (23.9135pt too wide) in paragraph at lines 11--12
[][][][][][][][][][][][][][][][][][] 
 []


Overfull \hbox (28.71355pt too wide) in paragraph at lines 12--13
[][][][][][][][][][][][][][][][][][][][][][][][] 
 []

)
File: puclogo_small_bw.pdf Graphic file (type pdf)
<use puclogo_small_bw.pdf>
Package pdftex.def Info: puclogo_small_bw.pdf  used on input line 886.
(pdftex.def)             Requested size: 29.89264pt x 28.45274pt.

Overfull \hbox (1.4399pt too wide) in paragraph at lines 886--886
[][]  
 []


Overfull \vbox (0.8034pt too high) has occurred while \output is active []


[43

]
\tf@nav=\write6
\openout6 = `programacao-modular-16-web-services.nav'.

\tf@toc=\write7
\openout7 = `programacao-modular-16-web-services.toc'.

\tf@snm=\write8
\openout8 = `programacao-modular-16-web-services.snm'.

Package atveryend Info: Empty hook `BeforeClearDocument' on input line 906.
Package atveryend Info: Empty hook `AfterLastShipout' on input line 906.
 (programacao-modular-16-web-services.aux)
Package atveryend Info: Executing hook `AtVeryEndDocument' on input line 906.
Package atveryend Info: Executing hook `AtEndAfterFileList' on input line 906.
Package rerunfilecheck Info: File `programacao-modular-16-web-services.out' has
 not changed.
(rerunfilecheck)             Checksum: 0440AA9271A97C3F71E3B3AAA74D06F4;990.
 ) 
Here is how much of TeX's memory you used:
 29344 strings out of 494790
 603871 string characters out of 3175303
 953086 words of memory out of 3000000
 32175 multiletter control sequences out of 15000+200000
 77165 words of font info for 94 fonts, out of 3000000 for 9000
 30 hyphenation exceptions out of 8191
 56i,23n,90p,804b,1683s stack positions out of 5000i,500n,10000p,200000b,50000s
{C:/Users/hugod/AppData/Local/Programs/MiKTeX 2.9/fonts/enc/dvips/base/8r.enc
}<C:/Users/hugod/AppData/Local/Programs/MiKTeX 2.9/fonts/type1/public/amsfonts/
cm/cmsy10.pfb><C:/Users/hugod/AppData/Local/Programs/MiKTeX 2.9/fonts/type1/pub
lic/amsfonts/cm/cmsy6.pfb><C:/Users/hugod/AppData/Local/Programs/MiKTeX 2.9/fon
ts/type1/public/amsfonts/cm/cmsy7.pfb><C:/Users/hugod/AppData/Local/Programs/Mi
KTeX 2.9/fonts/type1/public/amsfonts/cm/cmsy8.pfb><C:/Users/hugod/AppData/Local
/Programs/MiKTeX 2.9/fonts/type1/urw/courier/ucrr8a.pfb><C:/Users/hugod/AppData
/Local/Programs/MiKTeX 2.9/fonts/type1/urw/helvetic/uhvb8a.pfb><C:/Users/hugod/
AppData/Local/Programs/MiKTeX 2.9/fonts/type1/urw/helvetic/uhvr8a.pfb><C:/Users
/hugod/AppData/Local/Programs/MiKTeX 2.9/fonts/type1/urw/helvetic/uhvro8a.pfb>
Output written on programacao-modular-16-web-services.pdf (43 pages, 549744 byt
es).
PDF statistics:
 752 PDF objects out of 1000 (max. 8388607)
 101 named destinations out of 1000 (max. 500000)
 340 words of extra memory for PDF output out of 10000 (max. 10000000)

