This is pdfTeX, Version 3.141592653-2.6-1.40.26 (MiKTeX 24.4 Portable) (preloaded format=pdflatex 2024.11.18)  18 NOV 2024 17:14
entering extended mode
 restricted \write18 enabled.
 %&-line parsing enabled.
**./programacao-modular-27-padroes-comportamentais.tex
(programacao-modular-27-padroes-comportamentais.tex
LaTeX2e <2023-11-01> patch level 1
L3 programming layer <2024-03-14>
(D:\Program Files\MikTex\texmfs\install\tex/latex/beamer\beamer.cls
Document Class: beamer 2024/01/06 v3.71 A class for typesetting presentations
(D:\Program Files\MikTex\texmfs\install\tex/latex/beamer\beamerbasemodes.sty
(D:\Program Files\MikTex\texmfs\install\tex/latex/etoolbox\etoolbox.sty
Package: etoolbox 2020/10/05 v2.5k e-TeX tools for LaTeX (JAW)
\etb@tempcnta=\count188
)
\beamer@tempbox=\box51
\beamer@tempcount=\count189
\c@beamerpauses=\count190

(D:\Program Files\MikTex\texmfs\install\tex/latex/beamer\beamerbasedecode.sty
\beamer@slideinframe=\count191
\beamer@minimum=\count192
\beamer@decode@box=\box52
)
\beamer@commentbox=\box53
\beamer@modecount=\count193
) (D:\Program Files\MikTex\texmfs\install\tex/generic/iftex\iftex.sty
Package: iftex 2022/02/03 v1.0f TeX engine tests
)
\headdp=\dimen140
\footheight=\dimen141
\sidebarheight=\dimen142
\beamer@tempdim=\dimen143
\beamer@finalheight=\dimen144
\beamer@animht=\dimen145
\beamer@animdp=\dimen146
\beamer@animwd=\dimen147
\beamer@leftmargin=\dimen148
\beamer@rightmargin=\dimen149
\beamer@leftsidebar=\dimen150
\beamer@rightsidebar=\dimen151
\beamer@boxsize=\dimen152
\beamer@vboxoffset=\dimen153
\beamer@descdefault=\dimen154
\beamer@descriptionwidth=\dimen155
\beamer@lastskip=\skip48
\beamer@areabox=\box54
\beamer@animcurrent=\box55
\beamer@animshowbox=\box56
\beamer@sectionbox=\box57
\beamer@logobox=\box58
\beamer@linebox=\box59
\beamer@sectioncount=\count194
\beamer@subsubsectionmax=\count195
\beamer@subsectionmax=\count196
\beamer@sectionmax=\count197
\beamer@totalheads=\count198
\beamer@headcounter=\count199
\beamer@partstartpage=\count266
\beamer@sectionstartpage=\count267
\beamer@subsectionstartpage=\count268
\beamer@animationtempa=\count269
\beamer@animationtempb=\count270
\beamer@xpos=\count271
\beamer@ypos=\count272
\beamer@ypos@offset=\count273
\beamer@showpartnumber=\count274
\beamer@currentsubsection=\count275
\beamer@coveringdepth=\count276
\beamer@sectionadjust=\count277
\beamer@toclastsection=\count278
\beamer@tocsectionnumber=\count279

(D:\Program Files\MikTex\texmfs\install\tex/latex/beamer\beamerbaseoptions.sty
(D:\Program Files\MikTex\texmfs\install\tex/latex/graphics\keyval.sty
Package: keyval 2022/05/29 v1.15 key=value parser (DPC)
\KV@toks@=\toks17
))
\beamer@paperwidth=\skip49
\beamer@paperheight=\skip50

(D:\Program Files\MikTex\texmfs\install\tex/latex/geometry\geometry.sty
Package: geometry 2020/01/02 v5.9 Page Geometry

(D:\Program Files\MikTex\texmfs\install\tex/generic/iftex\ifvtex.sty
Package: ifvtex 2019/10/25 v1.7 ifvtex legacy package. Use iftex instead.
)
\Gm@cnth=\count280
\Gm@cntv=\count281
\c@Gm@tempcnt=\count282
\Gm@bindingoffset=\dimen156
\Gm@wd@mp=\dimen157
\Gm@odd@mp=\dimen158
\Gm@even@mp=\dimen159
\Gm@layoutwidth=\dimen160
\Gm@layoutheight=\dimen161
\Gm@layouthoffset=\dimen162
\Gm@layoutvoffset=\dimen163
\Gm@dimlist=\toks18

(D:\Program Files\MikTex\texmfs\install\tex/latex/geometry\geometry.cfg))
(D:\Program Files\MikTex\texmfs\install\tex/latex/pgf/math\pgfmath.sty
(D:\Program Files\MikTex\texmfs\install\tex/latex/pgf/utilities\pgfrcs.sty
(D:\Program Files\MikTex\texmfs\install\tex/generic/pgf/utilities\pgfutil-commo
n.tex
\pgfutil@everybye=\toks19
\pgfutil@tempdima=\dimen164
\pgfutil@tempdimb=\dimen165
)
(D:\Program Files\MikTex\texmfs\install\tex/generic/pgf/utilities\pgfutil-latex
.def
\pgfutil@abb=\box60
)
(D:\Program Files\MikTex\texmfs\install\tex/generic/pgf/utilities\pgfrcs.code.t
ex (D:\Program Files\MikTex\texmfs\install\tex/generic/pgf\pgf.revision.tex)
Package: pgfrcs 2023-01-15 v3.1.10 (3.1.10)
))
(D:\Program Files\MikTex\texmfs\install\tex/latex/pgf/utilities\pgfkeys.sty
(D:\Program Files\MikTex\texmfs\install\tex/generic/pgf/utilities\pgfkeys.code.
tex
\pgfkeys@pathtoks=\toks20
\pgfkeys@temptoks=\toks21

(D:\Program Files\MikTex\texmfs\install\tex/generic/pgf/utilities\pgfkeyslibrar
yfiltered.code.tex
\pgfkeys@tmptoks=\toks22
)))
(D:\Program Files\MikTex\texmfs\install\tex/generic/pgf/math\pgfmath.code.tex
(D:\Program Files\MikTex\texmfs\install\tex/generic/pgf/math\pgfmathutil.code.t
ex
\pgf@x=\dimen166
\pgf@xa=\dimen167
\pgf@xb=\dimen168
\pgf@xc=\dimen169
\pgf@y=\dimen170
\pgf@ya=\dimen171
\pgf@yb=\dimen172
\pgf@yc=\dimen173
\c@pgf@counta=\count283
\c@pgf@countb=\count284
\c@pgf@countc=\count285
\c@pgf@countd=\count286
)
(D:\Program Files\MikTex\texmfs\install\tex/generic/pgf/math\pgfmathparser.code
.tex
\pgfmath@dimen=\dimen174
\pgfmath@count=\count287
\pgfmath@box=\box61
\pgfmath@toks=\toks23
\pgfmath@stack@operand=\toks24
\pgfmath@stack@operation=\toks25
)
(D:\Program Files\MikTex\texmfs\install\tex/generic/pgf/math\pgfmathfunctions.c
ode.tex)
(D:\Program Files\MikTex\texmfs\install\tex/generic/pgf/math\pgfmathfunctions.b
asic.code.tex)
(D:\Program Files\MikTex\texmfs\install\tex/generic/pgf/math\pgfmathfunctions.t
rigonometric.code.tex)
(D:\Program Files\MikTex\texmfs\install\tex/generic/pgf/math\pgfmathfunctions.r
andom.code.tex)
(D:\Program Files\MikTex\texmfs\install\tex/generic/pgf/math\pgfmathfunctions.c
omparison.code.tex)
(D:\Program Files\MikTex\texmfs\install\tex/generic/pgf/math\pgfmathfunctions.b
ase.code.tex)
(D:\Program Files\MikTex\texmfs\install\tex/generic/pgf/math\pgfmathfunctions.r
ound.code.tex)
(D:\Program Files\MikTex\texmfs\install\tex/generic/pgf/math\pgfmathfunctions.m
isc.code.tex)
(D:\Program Files\MikTex\texmfs\install\tex/generic/pgf/math\pgfmathfunctions.i
ntegerarithmetics.code.tex)
(D:\Program Files\MikTex\texmfs\install\tex/generic/pgf/math\pgfmathcalc.code.t
ex)
(D:\Program Files\MikTex\texmfs\install\tex/generic/pgf/math\pgfmathfloat.code.
tex
\c@pgfmathroundto@lastzeros=\count288
))) (D:\Program Files\MikTex\texmfs\install\tex/latex/base\size11.clo
File: size11.clo 2023/05/17 v1.4n Standard LaTeX file (size option)
)
(D:\Program Files\MikTex\texmfs\install\tex/latex/pgf/basiclayer\pgfcore.sty
(D:\Program Files\MikTex\texmfs\install\tex/latex/graphics\graphicx.sty
Package: graphicx 2021/09/16 v1.2d Enhanced LaTeX Graphics (DPC,SPQR)

(D:\Program Files\MikTex\texmfs\install\tex/latex/graphics\graphics.sty
Package: graphics 2022/03/10 v1.4e Standard LaTeX Graphics (DPC,SPQR)

(D:\Program Files\MikTex\texmfs\install\tex/latex/graphics\trig.sty
Package: trig 2021/08/11 v1.11 sin cos tan (DPC)
)
(D:\Program Files\MikTex\texmfs\install\tex/latex/graphics-cfg\graphics.cfg
File: graphics.cfg 2016/06/04 v1.11 sample graphics configuration
)
Package graphics Info: Driver file: pdftex.def on input line 107.

(D:\Program Files\MikTex\texmfs\install\tex/latex/graphics-def\pdftex.def
File: pdftex.def 2024/04/13 v1.2c Graphics/color driver for pdftex
))
\Gin@req@height=\dimen175
\Gin@req@width=\dimen176
)
(D:\Program Files\MikTex\texmfs\install\tex/latex/pgf/systemlayer\pgfsys.sty
(D:\Program Files\MikTex\texmfs\install\tex/generic/pgf/systemlayer\pgfsys.code
.tex
Package: pgfsys 2023-01-15 v3.1.10 (3.1.10)
\pgf@x=\dimen177
\pgf@y=\dimen178
\pgf@xa=\dimen179
\pgf@ya=\dimen180
\pgf@xb=\dimen181
\pgf@yb=\dimen182
\pgf@xc=\dimen183
\pgf@yc=\dimen184
\pgf@xd=\dimen185
\pgf@yd=\dimen186
\w@pgf@writea=\write3
\r@pgf@reada=\read2
\c@pgf@counta=\count289
\c@pgf@countb=\count290
\c@pgf@countc=\count291
\c@pgf@countd=\count292
\t@pgf@toka=\toks26
\t@pgf@tokb=\toks27
\t@pgf@tokc=\toks28
\pgf@sys@id@count=\count293

(D:\Program Files\MikTex\texmfs\install\tex/generic/pgf/systemlayer\pgf.cfg
File: pgf.cfg 2023-01-15 v3.1.10 (3.1.10)
)
Driver file for pgf: pgfsys-pdftex.def

(D:\Program Files\MikTex\texmfs\install\tex/generic/pgf/systemlayer\pgfsys-pdft
ex.def
File: pgfsys-pdftex.def 2023-01-15 v3.1.10 (3.1.10)

(D:\Program Files\MikTex\texmfs\install\tex/generic/pgf/systemlayer\pgfsys-comm
on-pdf.def
File: pgfsys-common-pdf.def 2023-01-15 v3.1.10 (3.1.10)
)))
(D:\Program Files\MikTex\texmfs\install\tex/generic/pgf/systemlayer\pgfsyssoftp
ath.code.tex
File: pgfsyssoftpath.code.tex 2023-01-15 v3.1.10 (3.1.10)
\pgfsyssoftpath@smallbuffer@items=\count294
\pgfsyssoftpath@bigbuffer@items=\count295
)
(D:\Program Files\MikTex\texmfs\install\tex/generic/pgf/systemlayer\pgfsysproto
col.code.tex
File: pgfsysprotocol.code.tex 2023-01-15 v3.1.10 (3.1.10)
))
(D:\Program Files\MikTex\texmfs\install\tex/latex/xcolor\xcolor.sty
Package: xcolor 2023/11/15 v3.01 LaTeX color extensions (UK)

(D:\Program Files\MikTex\texmfs\install\tex/latex/graphics-cfg\color.cfg
File: color.cfg 2016/01/02 v1.6 sample color configuration
)
Package xcolor Info: Driver file: pdftex.def on input line 274.

(D:\Program Files\MikTex\texmfs\install\tex/latex/graphics\mathcolor.ltx)
Package xcolor Info: Model `cmy' substituted by `cmy0' on input line 1350.
Package xcolor Info: Model `hsb' substituted by `rgb' on input line 1354.
Package xcolor Info: Model `RGB' extended on input line 1366.
Package xcolor Info: Model `HTML' substituted by `rgb' on input line 1368.
Package xcolor Info: Model `Hsb' substituted by `hsb' on input line 1369.
Package xcolor Info: Model `tHsb' substituted by `hsb' on input line 1370.
Package xcolor Info: Model `HSB' substituted by `hsb' on input line 1371.
Package xcolor Info: Model `Gray' substituted by `gray' on input line 1372.
Package xcolor Info: Model `wave' substituted by `hsb' on input line 1373.
)
(D:\Program Files\MikTex\texmfs\install\tex/generic/pgf/basiclayer\pgfcore.code
.tex
Package: pgfcore 2023-01-15 v3.1.10 (3.1.10)

(D:\Program Files\MikTex\texmfs\install\tex/generic/pgf/math\pgfint.code.tex)
(D:\Program Files\MikTex\texmfs\install\tex/generic/pgf/basiclayer\pgfcorepoint
s.code.tex
File: pgfcorepoints.code.tex 2023-01-15 v3.1.10 (3.1.10)
\pgf@picminx=\dimen187
\pgf@picmaxx=\dimen188
\pgf@picminy=\dimen189
\pgf@picmaxy=\dimen190
\pgf@pathminx=\dimen191
\pgf@pathmaxx=\dimen192
\pgf@pathminy=\dimen193
\pgf@pathmaxy=\dimen194
\pgf@xx=\dimen195
\pgf@xy=\dimen196
\pgf@yx=\dimen197
\pgf@yy=\dimen198
\pgf@zx=\dimen199
\pgf@zy=\dimen256
)
(D:\Program Files\MikTex\texmfs\install\tex/generic/pgf/basiclayer\pgfcorepathc
onstruct.code.tex
File: pgfcorepathconstruct.code.tex 2023-01-15 v3.1.10 (3.1.10)
\pgf@path@lastx=\dimen257
\pgf@path@lasty=\dimen258
)
(D:\Program Files\MikTex\texmfs\install\tex/generic/pgf/basiclayer\pgfcorepathu
sage.code.tex
File: pgfcorepathusage.code.tex 2023-01-15 v3.1.10 (3.1.10)
\pgf@shorten@end@additional=\dimen259
\pgf@shorten@start@additional=\dimen260
)
(D:\Program Files\MikTex\texmfs\install\tex/generic/pgf/basiclayer\pgfcorescope
s.code.tex
File: pgfcorescopes.code.tex 2023-01-15 v3.1.10 (3.1.10)
\pgfpic=\box62
\pgf@hbox=\box63
\pgf@layerbox@main=\box64
\pgf@picture@serial@count=\count296
)
(D:\Program Files\MikTex\texmfs\install\tex/generic/pgf/basiclayer\pgfcoregraph
icstate.code.tex
File: pgfcoregraphicstate.code.tex 2023-01-15 v3.1.10 (3.1.10)
\pgflinewidth=\dimen261
)
(D:\Program Files\MikTex\texmfs\install\tex/generic/pgf/basiclayer\pgfcoretrans
formations.code.tex
File: pgfcoretransformations.code.tex 2023-01-15 v3.1.10 (3.1.10)
\pgf@pt@x=\dimen262
\pgf@pt@y=\dimen263
\pgf@pt@temp=\dimen264
)
(D:\Program Files\MikTex\texmfs\install\tex/generic/pgf/basiclayer\pgfcorequick
.code.tex
File: pgfcorequick.code.tex 2023-01-15 v3.1.10 (3.1.10)
)
(D:\Program Files\MikTex\texmfs\install\tex/generic/pgf/basiclayer\pgfcoreobjec
ts.code.tex
File: pgfcoreobjects.code.tex 2023-01-15 v3.1.10 (3.1.10)
)
(D:\Program Files\MikTex\texmfs\install\tex/generic/pgf/basiclayer\pgfcorepathp
rocessing.code.tex
File: pgfcorepathprocessing.code.tex 2023-01-15 v3.1.10 (3.1.10)
)
(D:\Program Files\MikTex\texmfs\install\tex/generic/pgf/basiclayer\pgfcorearrow
s.code.tex
File: pgfcorearrows.code.tex 2023-01-15 v3.1.10 (3.1.10)
\pgfarrowsep=\dimen265
)
(D:\Program Files\MikTex\texmfs\install\tex/generic/pgf/basiclayer\pgfcoreshade
.code.tex
File: pgfcoreshade.code.tex 2023-01-15 v3.1.10 (3.1.10)
\pgf@max=\dimen266
\pgf@sys@shading@range@num=\count297
\pgf@shadingcount=\count298
)
(D:\Program Files\MikTex\texmfs\install\tex/generic/pgf/basiclayer\pgfcoreimage
.code.tex
File: pgfcoreimage.code.tex 2023-01-15 v3.1.10 (3.1.10)
)
(D:\Program Files\MikTex\texmfs\install\tex/generic/pgf/basiclayer\pgfcoreexter
nal.code.tex
File: pgfcoreexternal.code.tex 2023-01-15 v3.1.10 (3.1.10)
\pgfexternal@startupbox=\box65
)
(D:\Program Files\MikTex\texmfs\install\tex/generic/pgf/basiclayer\pgfcorelayer
s.code.tex
File: pgfcorelayers.code.tex 2023-01-15 v3.1.10 (3.1.10)
)
(D:\Program Files\MikTex\texmfs\install\tex/generic/pgf/basiclayer\pgfcoretrans
parency.code.tex
File: pgfcoretransparency.code.tex 2023-01-15 v3.1.10 (3.1.10)
)
(D:\Program Files\MikTex\texmfs\install\tex/generic/pgf/basiclayer\pgfcorepatte
rns.code.tex
File: pgfcorepatterns.code.tex 2023-01-15 v3.1.10 (3.1.10)
)
(D:\Program Files\MikTex\texmfs\install\tex/generic/pgf/basiclayer\pgfcorerdf.c
ode.tex
File: pgfcorerdf.code.tex 2023-01-15 v3.1.10 (3.1.10)
)))
(D:\Program Files\MikTex\texmfs\install\tex/latex/pgf/utilities\xxcolor.sty
Package: xxcolor 2003/10/24 ver 0.1
\XC@nummixins=\count299
\XC@countmixins=\count300
)
(D:\Program Files\MikTex\texmfs\install\tex/latex/base\atbegshi-ltx.sty
Package: atbegshi-ltx 2021/01/10 v1.0c Emulation of the original atbegshi
package with kernel methods
)
(D:\Program Files\MikTex\texmfs\install\tex/latex/hyperref\hyperref.sty
Package: hyperref 2024-01-20 v7.01h Hypertext links for LaTeX

(D:\Program Files\MikTex\texmfs\install\tex/latex/kvsetkeys\kvsetkeys.sty
Package: kvsetkeys 2022-10-05 v1.19 Key value parser (HO)
)
(D:\Program Files\MikTex\texmfs\install\tex/generic/kvdefinekeys\kvdefinekeys.s
ty
Package: kvdefinekeys 2019-12-19 v1.6 Define keys (HO)
) (D:\Program Files\MikTex\texmfs\install\tex/generic/pdfescape\pdfescape.sty
Package: pdfescape 2019/12/09 v1.15 Implements pdfTeX's escape features (HO)
(D:\Program Files\MikTex\texmfs\install\tex/generic/ltxcmds\ltxcmds.sty
Package: ltxcmds 2023-12-04 v1.26 LaTeX kernel commands for general use (HO)
)
(D:\Program Files\MikTex\texmfs\install\tex/generic/pdftexcmds\pdftexcmds.sty
Package: pdftexcmds 2020-06-27 v0.33 Utility functions of pdfTeX for LuaTeX (HO
)

(D:\Program Files\MikTex\texmfs\install\tex/generic/infwarerr\infwarerr.sty
Package: infwarerr 2019/12/03 v1.5 Providing info/warning/error messages (HO)
)
Package pdftexcmds Info: \pdf@primitive is available.
Package pdftexcmds Info: \pdf@ifprimitive is available.
Package pdftexcmds Info: \pdfdraftmode found.
))
(D:\Program Files\MikTex\texmfs\install\tex/latex/hycolor\hycolor.sty
Package: hycolor 2020-01-27 v1.10 Color options for hyperref/bookmark (HO)
)
(D:\Program Files\MikTex\texmfs\install\tex/latex/auxhook\auxhook.sty
Package: auxhook 2019-12-17 v1.6 Hooks for auxiliary files (HO)
)
(D:\Program Files\MikTex\texmfs\install\tex/latex/hyperref\nameref.sty
Package: nameref 2023-11-26 v2.56 Cross-referencing by name of section

(D:\Program Files\MikTex\texmfs\install\tex/latex/refcount\refcount.sty
Package: refcount 2019/12/15 v3.6 Data extraction from label references (HO)
)
(D:\Program Files\MikTex\texmfs\install\tex/generic/gettitlestring\gettitlestri
ng.sty
Package: gettitlestring 2019/12/15 v1.6 Cleanup title references (HO)

(D:\Program Files\MikTex\texmfs\install\tex/latex/kvoptions\kvoptions.sty
Package: kvoptions 2022-06-15 v3.15 Key value format for package options (HO)
))
\c@section@level=\count301
)
\@linkdim=\dimen267
\Hy@linkcounter=\count302
\Hy@pagecounter=\count303

(D:\Program Files\MikTex\texmfs\install\tex/latex/hyperref\pd1enc.def
File: pd1enc.def 2024-01-20 v7.01h Hyperref: PDFDocEncoding definition (HO)
Now handling font encoding PD1 ...
... no UTF-8 mapping file for font encoding PD1
)
(D:\Program Files\MikTex\texmfs\install\tex/generic/intcalc\intcalc.sty
Package: intcalc 2019/12/15 v1.3 Expandable calculations with integers (HO)
)
\Hy@SavedSpaceFactor=\count304

(D:\Program Files\MikTex\texmfs\install\tex/latex/hyperref\puenc.def
File: puenc.def 2024-01-20 v7.01h Hyperref: PDF Unicode definition (HO)
Now handling font encoding PU ...
... no UTF-8 mapping file for font encoding PU
)
Package hyperref Info: Option `bookmarks' set `true' on input line 4062.
Package hyperref Info: Option `bookmarksopen' set `true' on input line 4062.
Package hyperref Info: Option `implicit' set `false' on input line 4062.
Package hyperref Info: Hyper figures OFF on input line 4179.
Package hyperref Info: Link nesting OFF on input line 4184.
Package hyperref Info: Hyper index ON on input line 4187.
Package hyperref Info: Plain pages OFF on input line 4194.
Package hyperref Info: Backreferencing OFF on input line 4199.
Package hyperref Info: Implicit mode OFF; no redefinition of LaTeX internals.
Package hyperref Info: Bookmarks ON on input line 4446.
\c@Hy@tempcnt=\count305

(D:\Program Files\MikTex\texmfs\install\tex/latex/url\url.sty
\Urlmuskip=\muskip16
Package: url 2013/09/16  ver 3.4  Verb mode for urls, etc.
)
LaTeX Info: Redefining \url on input line 4784.
\XeTeXLinkMargin=\dimen268

(D:\Program Files\MikTex\texmfs\install\tex/generic/bitset\bitset.sty
Package: bitset 2019/12/09 v1.3 Handle bit-vector datatype (HO)

(D:\Program Files\MikTex\texmfs\install\tex/generic/bigintcalc\bigintcalc.sty
Package: bigintcalc 2019/12/15 v1.5 Expandable calculations on big integers (HO
)
))
\Fld@menulength=\count306
\Field@Width=\dimen269
\Fld@charsize=\dimen270
Package hyperref Info: Hyper figures OFF on input line 6063.
Package hyperref Info: Link nesting OFF on input line 6068.
Package hyperref Info: Hyper index ON on input line 6071.
Package hyperref Info: backreferencing OFF on input line 6078.
Package hyperref Info: Link coloring OFF on input line 6083.
Package hyperref Info: Link coloring with OCG OFF on input line 6088.
Package hyperref Info: PDF/A mode OFF on input line 6093.
\Hy@abspage=\count307

Package hyperref Message: Stopped early.

)
Package hyperref Info: Driver (autodetected): hpdftex.
 (D:\Program Files\MikTex\texmfs\install\tex/latex/hyperref\hpdftex.def
File: hpdftex.def 2024-01-20 v7.01h Hyperref driver for pdfTeX

(D:\Program Files\MikTex\texmfs\install\tex/latex/base\atveryend-ltx.sty
Package: atveryend-ltx 2020/08/19 v1.0a Emulation of the original atveryend pac
kage
with kernel methods
)
\Fld@listcount=\count308
\c@bookmark@seq@number=\count309

(D:\Program Files\MikTex\texmfs\install\tex/latex/rerunfilecheck\rerunfilecheck
.sty
Package: rerunfilecheck 2022-07-10 v1.10 Rerun checks for auxiliary files (HO)

(D:\Program Files\MikTex\texmfs\install\tex/generic/uniquecounter\uniquecounter
.sty
Package: uniquecounter 2019/12/15 v1.4 Provide unlimited unique counter (HO)
)
Package uniquecounter Info: New unique counter `rerunfilecheck' on input line 2
85.
))
(D:\Program Files\MikTex\texmfs\install\tex/latex/beamer\beamerbaserequires.sty

(D:\Program Files\MikTex\texmfs\install\tex/latex/beamer\beamerbasecompatibilit
y.sty)
(D:\Program Files\MikTex\texmfs\install\tex/latex/beamer\beamerbasefont.sty
(D:\Program Files\MikTex\texmfs\install\tex/latex/amsfonts\amssymb.sty
Package: amssymb 2013/01/14 v3.01 AMS font symbols

(D:\Program Files\MikTex\texmfs\install\tex/latex/amsfonts\amsfonts.sty
Package: amsfonts 2013/01/14 v3.01 Basic AMSFonts support
\@emptytoks=\toks29
\symAMSa=\mathgroup4
\symAMSb=\mathgroup5
LaTeX Font Info:    Redeclaring math symbol \hbar on input line 98.
LaTeX Font Info:    Overwriting math alphabet `\mathfrak' in version `bold'
(Font)                  U/euf/m/n --> U/euf/b/n on input line 106.
))
(D:\Program Files\MikTex\texmfs\install\tex/latex/sansmathaccent\sansmathaccent
.sty
Package: sansmathaccent 2020/01/31
 (D:\Program Files\MikTex\texmfs\install\tex/latex/koma-script\scrlfile.sty
Package: scrlfile 2023/07/07 v3.41 KOMA-Script package (file load hooks)

(D:\Program Files\MikTex\texmfs\install\tex/latex/koma-script\scrlfile-hook.sty
Package: scrlfile-hook 2023/07/07 v3.41 KOMA-Script package (using LaTeX hooks)

(D:\Program Files\MikTex\texmfs\install\tex/latex/koma-script\scrlogo.sty
Package: scrlogo 2023/07/07 v3.41 KOMA-Script package (logo)
)))))
(D:\Program Files\MikTex\texmfs\install\tex/latex/beamer\beamerbasetranslator.s
ty (D:\Program Files\MikTex\texmfs\install\tex/latex/translator\translator.sty
Package: translator 2021-05-31 v1.12d Easy translation of strings in LaTeX
)) (D:\Program Files\MikTex\texmfs\install\tex/latex/beamer\beamerbasemisc.sty)

(D:\Program Files\MikTex\texmfs\install\tex/latex/beamer\beamerbasetwoscreens.s
ty)
(D:\Program Files\MikTex\texmfs\install\tex/latex/beamer\beamerbaseoverlay.sty
\beamer@argscount=\count310
\beamer@lastskipcover=\skip51
\beamer@trivlistdepth=\count311
) (D:\Program Files\MikTex\texmfs\install\tex/latex/beamer\beamerbasetitle.sty)

(D:\Program Files\MikTex\texmfs\install\tex/latex/beamer\beamerbasesection.sty
\c@lecture=\count312
\c@part=\count313
\c@section=\count314
\c@subsection=\count315
\c@subsubsection=\count316
) (D:\Program Files\MikTex\texmfs\install\tex/latex/beamer\beamerbaseframe.sty
\beamer@framebox=\box66
\beamer@frametitlebox=\box67
\beamer@zoombox=\box68
\beamer@zoomcount=\count317
\beamer@zoomframecount=\count318
\beamer@frametextheight=\dimen271
\c@subsectionslide=\count319
\beamer@frametopskip=\skip52
\beamer@framebottomskip=\skip53
\beamer@frametopskipautobreak=\skip54
\beamer@framebottomskipautobreak=\skip55
\beamer@envbody=\toks30
\framewidth=\dimen272
\c@framenumber=\count320
)
(D:\Program Files\MikTex\texmfs\install\tex/latex/beamer\beamerbaseverbatim.sty
\beamer@verbatimfileout=\write4
)
(D:\Program Files\MikTex\texmfs\install\tex/latex/beamer\beamerbaseframesize.st
y
\beamer@splitbox=\box69
\beamer@autobreakcount=\count321
\beamer@autobreaklastheight=\dimen273
\beamer@frametitletoks=\toks31
\beamer@framesubtitletoks=\toks32
)
(D:\Program Files\MikTex\texmfs\install\tex/latex/beamer\beamerbaseframecompone
nts.sty
\beamer@footins=\box70
)
(D:\Program Files\MikTex\texmfs\install\tex/latex/beamer\beamerbasecolor.sty)
(D:\Program Files\MikTex\texmfs\install\tex/latex/beamer\beamerbasenotes.sty
\beamer@frameboxcopy=\box71
)
(D:\Program Files\MikTex\texmfs\install\tex/latex/beamer\beamerbasetoc.sty)
(D:\Program Files\MikTex\texmfs\install\tex/latex/beamer\beamerbasetemplates.st
y
\beamer@sbttoks=\toks33

(D:\Program Files\MikTex\texmfs\install\tex/latex/beamer\beamerbaseauxtemplates
.sty
(D:\Program Files\MikTex\texmfs\install\tex/latex/beamer\beamerbaseboxes.sty
\bmb@box=\box72
\bmb@colorbox=\box73
\bmb@boxwidth=\dimen274
\bmb@boxheight=\dimen275
\bmb@prevheight=\dimen276
\bmb@temp=\dimen277
\bmb@dima=\dimen278
\bmb@dimb=\dimen279
\bmb@prevheight=\dimen280
)
\beamer@blockheadheight=\dimen281
))
(D:\Program Files\MikTex\texmfs\install\tex/latex/beamer\beamerbaselocalstructu
re.sty (D:\Program Files\MikTex\texmfs\install\tex/latex/tools\enumerate.sty
Package: enumerate 2023/07/04 v3.00 enumerate extensions (DPC)
\@enLab=\toks34
)
\beamer@bibiconwidth=\skip56
\c@figure=\count322
\c@table=\count323
\abovecaptionskip=\skip57
\belowcaptionskip=\skip58
)
(D:\Program Files\MikTex\texmfs\install\tex/latex/beamer\beamerbasenavigation.s
ty
(D:\Program Files\MikTex\texmfs\install\tex/latex/beamer\beamerbasenavigationsy
mbols.tex)
\beamer@section@min@dim=\dimen282
)
(D:\Program Files\MikTex\texmfs\install\tex/latex/beamer\beamerbasetheorems.sty
(D:\Program Files\MikTex\texmfs\install\tex/latex/amsmath\amsmath.sty
Package: amsmath 2023/05/13 v2.17o AMS math features
\@mathmargin=\skip59

For additional information on amsmath, use the `?' option.
(D:\Program Files\MikTex\texmfs\install\tex/latex/amsmath\amstext.sty
Package: amstext 2021/08/26 v2.01 AMS text

(D:\Program Files\MikTex\texmfs\install\tex/latex/amsmath\amsgen.sty
File: amsgen.sty 1999/11/30 v2.0 generic functions
\@emptytoks=\toks35
\ex@=\dimen283
))
(D:\Program Files\MikTex\texmfs\install\tex/latex/amsmath\amsbsy.sty
Package: amsbsy 1999/11/29 v1.2d Bold Symbols
\pmbraise@=\dimen284
)
(D:\Program Files\MikTex\texmfs\install\tex/latex/amsmath\amsopn.sty
Package: amsopn 2022/04/08 v2.04 operator names
)
\inf@bad=\count324
LaTeX Info: Redefining \frac on input line 234.
\uproot@=\count325
\leftroot@=\count326
LaTeX Info: Redefining \overline on input line 399.
LaTeX Info: Redefining \colon on input line 410.
\classnum@=\count327
\DOTSCASE@=\count328
LaTeX Info: Redefining \ldots on input line 496.
LaTeX Info: Redefining \dots on input line 499.
LaTeX Info: Redefining \cdots on input line 620.
\Mathstrutbox@=\box74
\strutbox@=\box75
LaTeX Info: Redefining \big on input line 722.
LaTeX Info: Redefining \Big on input line 723.
LaTeX Info: Redefining \bigg on input line 724.
LaTeX Info: Redefining \Bigg on input line 725.
\big@size=\dimen285
LaTeX Font Info:    Redeclaring font encoding OML on input line 743.
LaTeX Font Info:    Redeclaring font encoding OMS on input line 744.
\macc@depth=\count329
LaTeX Info: Redefining \bmod on input line 905.
LaTeX Info: Redefining \pmod on input line 910.
LaTeX Info: Redefining \smash on input line 940.
LaTeX Info: Redefining \relbar on input line 970.
LaTeX Info: Redefining \Relbar on input line 971.
\c@MaxMatrixCols=\count330
\dotsspace@=\muskip17
\c@parentequation=\count331
\dspbrk@lvl=\count332
\tag@help=\toks36
\row@=\count333
\column@=\count334
\maxfields@=\count335
\andhelp@=\toks37
\eqnshift@=\dimen286
\alignsep@=\dimen287
\tagshift@=\dimen288
\tagwidth@=\dimen289
\totwidth@=\dimen290
\lineht@=\dimen291
\@envbody=\toks38
\multlinegap=\skip60
\multlinetaggap=\skip61
\mathdisplay@stack=\toks39
LaTeX Info: Redefining \[ on input line 2953.
LaTeX Info: Redefining \] on input line 2954.
)
(D:\Program Files\MikTex\texmfs\install\tex/latex/amscls\amsthm.sty
Package: amsthm 2020/05/29 v2.20.6
\thm@style=\toks40
\thm@bodyfont=\toks41
\thm@headfont=\toks42
\thm@notefont=\toks43
\thm@headpunct=\toks44
\thm@preskip=\skip62
\thm@postskip=\skip63
\thm@headsep=\skip64
\dth@everypar=\toks45
)
\c@theorem=\count336
)
(D:\Program Files\MikTex\texmfs\install\tex/latex/beamer\beamerbasethemes.sty))

(D:\Program Files\MikTex\texmfs\install\tex/latex/beamer\beamerthemedefault.sty

(D:\Program Files\MikTex\texmfs\install\tex/latex/beamer\beamerfontthemedefault
.sty)
(D:\Program Files\MikTex\texmfs\install\tex/latex/beamer\beamercolorthemedefaul
t.sty)
(D:\Program Files\MikTex\texmfs\install\tex/latex/beamer\beamerinnerthemedefaul
t.sty
\beamer@dima=\dimen292
\beamer@dimb=\dimen293
)
(D:\Program Files\MikTex\texmfs\install\tex/latex/beamer\beamerouterthemedefaul
t.sty))) (aulas-beamer-preamble.tex
(D:\Program Files\MikTex\texmfs\install\tex/latex/beamer\beamerthemeWarsaw.sty
(D:\Program Files\MikTex\texmfs\install\tex/latex/beamer\beamerinnerthemerounde
d.sty)
(D:\Program Files\MikTex\texmfs\install\tex/latex/beamer\beamerouterthemeshadow
.sty
(D:\Program Files\MikTex\texmfs\install\tex/latex/beamer\beamerouterthemesplit.
sty))
(D:\Program Files\MikTex\texmfs\install\tex/latex/beamer\beamercolorthemeorchid
.sty)
(D:\Program Files\MikTex\texmfs\install\tex/latex/beamer\beamercolorthemewhale.
sty)) (D:\Program Files\MikTex\texmfs\install\tex/generic/babel\babel.sty
Package: babel 2024/04/20 v24.4 The Babel package
\babel@savecnt=\count337
\U@D=\dimen294
\l@unhyphenated=\language79

(D:\Program Files\MikTex\texmfs\install\tex/generic/babel\txtbabel.def)
\bbl@readstream=\read3
LaTeX Info: Redefining \textlatin on input line 3930.
\bbl@dirlevel=\count338

*************************************
* Local config file bblopts.cfg used
*
(D:\Program Files\MikTex\texmfs\install\tex/latex/arabi\bblopts.cfg
File: bblopts.cfg 2005/09/08 v0.1 add Arabic and Farsi to "declared" options of
 babel
)
(D:\Program Files\MikTex\texmfs\install\tex/latex/babel-portuges\brazil.ldf
Language: portuges 2021/07/09 v1.2t Portuguese support from the babel system
Package babel Info: Hyphen rules for 'brazil' set to \l@portuguese
(babel)             (\language56). Reported on input line 111.
Package babel Info: Making " an active character on input line 143.
))
(D:\Program Files\MikTex\texmfs\install\tex/latex/base\inputenc.sty
Package: inputenc 2021/02/14 v1.3d Input encoding file
\inpenc@prehook=\toks46
\inpenc@posthook=\toks47

(D:\Program Files\MikTex\texmfs\install\tex/latex/base\latin1.def
File: latin1.def 2021/02/14 v1.3d Input encoding file
))
(D:\Program Files\MikTex\texmfs\install\tex/latex/psnfss\times.sty
Package: times 2020/03/25 PSNFSS-v9.3 (SPQR) 
)
(D:\Program Files\MikTex\texmfs\install\tex/latex/base\fontenc.sty
Package: fontenc 2021/04/29 v2.0v Standard LaTeX package
LaTeX Font Info:    Trying to load font information for T1+phv on input line 11
2.

(D:\Program Files\MikTex\texmfs\install\tex/latex/psnfss\t1phv.fd
File: t1phv.fd 2020/03/25 scalable font definitions for T1/phv.
))
(D:\Program Files\MikTex\texmfs\install\tex/latex/graphics\epsfig.sty
Package: epsfig 2017/06/25 v1.7b (e)psfig emulation (SPQR)
\epsfxsize=\dimen295
\epsfysize=\dimen296
)
(D:\Program Files\MikTex\texmfs\install\tex/latex/listings\listings.sty
\lst@mode=\count339
\lst@gtempboxa=\box76
\lst@token=\toks48
\lst@length=\count340
\lst@currlwidth=\dimen297
\lst@column=\count341
\lst@pos=\count342
\lst@lostspace=\dimen298
\lst@width=\dimen299
\lst@newlines=\count343
\lst@lineno=\count344
\lst@maxwidth=\dimen300

(D:\Program Files\MikTex\texmfs\install\tex/latex/listings\lstpatch.sty
File: lstpatch.sty 2024/03/11 1.10a (Carsten Heinz)
)
(D:\Program Files\MikTex\texmfs\install\tex/latex/listings\lstmisc.sty
File: lstmisc.sty 2024/03/11 1.10a (Carsten Heinz)
\c@lstnumber=\count345
\lst@skipnumbers=\count346
\lst@framebox=\box77
)
(D:\Program Files\MikTex\texmfs\install\tex/latex/listings\listings.cfg
File: listings.cfg 2024/03/11 1.10a listings configuration
))
Package: listings 2024/03/11 1.10a (Carsten Heinz)

(D:\Program Files\MikTex\texmfs\install\tex/latex/multirow\multirow.sty
Package: multirow 2021/03/15 v2.8 Span multiple rows of a table
\multirow@colwidth=\skip65
\multirow@cntb=\count347
\multirow@dima=\skip66
\bigstrutjot=\dimen301
)
(D:\Program Files\MikTex\texmfs\install\tex/latex/tools\multicol.sty
Package: multicol 2023/03/30 v1.9f multicolumn formatting (FMi)
\c@tracingmulticols=\count348
\mult@box=\box78
\multicol@leftmargin=\dimen302
\c@unbalance=\count349
\c@collectmore=\count350
\doublecol@number=\count351
\multicoltolerance=\count352
\multicolpretolerance=\count353
\full@width=\dimen303
\page@free=\dimen304
\premulticols=\dimen305
\postmulticols=\dimen306
\multicolsep=\skip67
\multicolbaselineskip=\skip68
\partial@page=\box79
\last@line=\box80
\mc@boxedresult=\box81
\maxbalancingoverflow=\dimen307
\mult@rightbox=\box82
\mult@grightbox=\box83
\mult@firstbox=\box84
\mult@gfirstbox=\box85
\@tempa=\box86
\@tempa=\box87
\@tempa=\box88
\@tempa=\box89
\@tempa=\box90
\@tempa=\box91
\@tempa=\box92
\@tempa=\box93
\@tempa=\box94
\@tempa=\box95
\@tempa=\box96
\@tempa=\box97
\@tempa=\box98
\@tempa=\box99
\@tempa=\box100
\@tempa=\box101
\@tempa=\box102
\@tempa=\box103
\@tempa=\box104
\@tempa=\box105
\@tempa=\box106
\@tempa=\box107
\@tempa=\box108
\@tempa=\box109
\@tempa=\box110
\@tempa=\box111
\@tempa=\box112
\@tempa=\box113
\@tempa=\box114
\@tempa=\box115
\@tempa=\box116
\@tempa=\box117
\@tempa=\box118
\@tempa=\box119
\@tempa=\box120
\@tempa=\box121
\c@minrows=\count354
\c@columnbadness=\count355
\c@finalcolumnbadness=\count356
\last@try=\dimen308
\multicolovershoot=\dimen309
\multicolundershoot=\dimen310
\mult@nat@firstbox=\box122
\colbreak@box=\box123
\mc@col@check@num=\count357
)
(D:\Program Files\MikTex\texmfs\install\tex/latex/pgf/frontendlayer\tikz.sty
(D:\Program Files\MikTex\texmfs\install\tex/latex/pgf/basiclayer\pgf.sty
Package: pgf 2023-01-15 v3.1.10 (3.1.10)

(D:\Program Files\MikTex\texmfs\install\tex/generic/pgf/modules\pgfmoduleshapes
.code.tex
File: pgfmoduleshapes.code.tex 2023-01-15 v3.1.10 (3.1.10)
\pgfnodeparttextbox=\box124
)
(D:\Program Files\MikTex\texmfs\install\tex/generic/pgf/modules\pgfmoduleplot.c
ode.tex
File: pgfmoduleplot.code.tex 2023-01-15 v3.1.10 (3.1.10)
)
(D:\Program Files\MikTex\texmfs\install\tex/latex/pgf/compatibility\pgfcomp-ver
sion-0-65.sty
Package: pgfcomp-version-0-65 2023-01-15 v3.1.10 (3.1.10)
\pgf@nodesepstart=\dimen311
\pgf@nodesepend=\dimen312
)
(D:\Program Files\MikTex\texmfs\install\tex/latex/pgf/compatibility\pgfcomp-ver
sion-1-18.sty
Package: pgfcomp-version-1-18 2023-01-15 v3.1.10 (3.1.10)
))
(D:\Program Files\MikTex\texmfs\install\tex/latex/pgf/utilities\pgffor.sty
(D:\Program Files\MikTex\texmfs\install\tex/generic/pgf/utilities\pgffor.code.t
ex
Package: pgffor 2023-01-15 v3.1.10 (3.1.10)
\pgffor@iter=\dimen313
\pgffor@skip=\dimen314
\pgffor@stack=\toks49
\pgffor@toks=\toks50
))
(D:\Program Files\MikTex\texmfs\install\tex/generic/pgf/frontendlayer/tikz\tikz
.code.tex
Package: tikz 2023-01-15 v3.1.10 (3.1.10)

(D:\Program Files\MikTex\texmfs\install\tex/generic/pgf/libraries\pgflibraryplo
thandlers.code.tex
File: pgflibraryplothandlers.code.tex 2023-01-15 v3.1.10 (3.1.10)
\pgf@plot@mark@count=\count358
\pgfplotmarksize=\dimen315
)
\tikz@lastx=\dimen316
\tikz@lasty=\dimen317
\tikz@lastxsaved=\dimen318
\tikz@lastysaved=\dimen319
\tikz@lastmovetox=\dimen320
\tikz@lastmovetoy=\dimen321
\tikzleveldistance=\dimen322
\tikzsiblingdistance=\dimen323
\tikz@figbox=\box125
\tikz@figbox@bg=\box126
\tikz@tempbox=\box127
\tikz@tempbox@bg=\box128
\tikztreelevel=\count359
\tikznumberofchildren=\count360
\tikznumberofcurrentchild=\count361
\tikz@fig@count=\count362

(D:\Program Files\MikTex\texmfs\install\tex/generic/pgf/modules\pgfmodulematrix
.code.tex
File: pgfmodulematrix.code.tex 2023-01-15 v3.1.10 (3.1.10)
\pgfmatrixcurrentrow=\count363
\pgfmatrixcurrentcolumn=\count364
\pgf@matrix@numberofcolumns=\count365
)
\tikz@expandcount=\count366

(D:\Program Files\MikTex\texmfs\install\tex/generic/pgf/frontendlayer/tikz/libr
aries\tikzlibrarytopaths.code.tex
File: tikzlibrarytopaths.code.tex 2023-01-15 v3.1.10 (3.1.10)
)))
(D:\Program Files\MikTex\texmfs\install\tex/latex/textpos\textpos.sty
Package: textpos 2022/07/23 v1.10.1
Package textpos Info: choosing support for LaTeX3 on input line 60.
\TP@textbox=\box129
\TPHorizModule=\dimen324
\TPVertModule=\dimen325
\TP@margin=\dimen326
\TP@absmargin=\dimen327

Grid set 16 x 16 = 22.7622pt x 17.07166pt
\TPboxrulesize=\dimen328
\TP@tbargs=\toks51
) (D:\Program Files\MikTex\texmfs\install\tex/latex/framed\framed.sty
Package: framed 2011/10/22 v 0.96: framed or shaded text with page breaks
\OuterFrameSep=\skip69
\fb@frw=\dimen329
\fb@frh=\dimen330
\FrameRule=\dimen331
\FrameSep=\dimen332
)
(D:\Program Files\MikTex\texmfs\install\tex/latex/wrapfig\wrapfig.sty
\wrapoverhang=\dimen333
\WF@size=\dimen334
\c@WF@wrappedlines=\count367
\WF@box=\box130
\WF@everypar=\toks52
Package: wrapfig 2003/01/31  v 3.6
)
(D:\Program Files\MikTex\texmfs\install\tex/latex/tools\array.sty
Package: array 2023/10/16 v2.5g Tabular extension package (FMi)
\col@sep=\dimen335
\ar@mcellbox=\box131
\extrarowheight=\dimen336
\NC@list=\toks53
\extratabsurround=\skip70
\backup@length=\skip71
\ar@cellbox=\box132
)
(D:\Program Files\MikTex\texmfs\install\tex/latex/booktabs\booktabs.sty
Package: booktabs 2020/01/12 v1.61803398 Publication quality tables
\heavyrulewidth=\dimen337
\lightrulewidth=\dimen338
\cmidrulewidth=\dimen339
\belowrulesep=\dimen340
\belowbottomsep=\dimen341
\aboverulesep=\dimen342
\abovetopsep=\dimen343
\cmidrulesep=\dimen344
\cmidrulekern=\dimen345
\defaultaddspace=\dimen346
\@cmidla=\count368
\@cmidlb=\count369
\@aboverulesep=\dimen347
\@belowrulesep=\dimen348
\@thisruleclass=\count370
\@lastruleclass=\count371
\@thisrulewidth=\dimen349
)
(D:\Program Files\MikTex\texmfs\install\tex/latex/tools\verbatim.sty
Package: verbatim 2023-11-06 v1.5v LaTeX2e package for verbatim enhancements
\every@verbatim=\toks54
\verbatim@line=\toks55
\verbatim@in@stream=\read4
)
(D:\Program Files\MikTex\texmfs\install\tex/latex/tikzuml\tikz-uml.sty
Package: tikz-uml 2011/01/26

(D:\Program Files\MikTex\texmfs\install\tex/latex/base\ifthen.sty
Package: ifthen 2022/04/13 v1.1d Standard LaTeX ifthen package (DPC)
)
(D:\Program Files\MikTex\texmfs\install\tex/latex/xstring\xstring.sty
(D:\Program Files\MikTex\texmfs\install\tex/generic/xstring\xstring.tex
\xs_counta=\count372
\xs_countb=\count373
)
Package: xstring 2023/08/22 v1.86 String manipulations (CT)
)
(D:\Program Files\MikTex\texmfs\install\tex/latex/tools\calc.sty
Package: calc 2023/07/08 v4.3 Infix arithmetic (KKT,FJ)
\calc@Acount=\count374
\calc@Bcount=\count375
\calc@Adimen=\dimen350
\calc@Bdimen=\dimen351
\calc@Askip=\skip72
\calc@Bskip=\skip73
LaTeX Info: Redefining \setlength on input line 80.
LaTeX Info: Redefining \addtolength on input line 81.
\calc@Ccount=\count376
\calc@Cskip=\skip74
)
(D:\Program Files\MikTex\texmfs\install\tex/latex/pgfopts\pgfopts.sty
Package: pgfopts 2014/07/10 v2.1a LaTeX package options with pgfkeys
\pgfopts@list@add@a@toks=\toks56
\pgfopts@list@add@b@toks=\toks57
)
(D:\Program Files\MikTex\texmfs\install\tex/generic/pgf/frontendlayer/tikz/libr
aries\tikzlibrarybackgrounds.code.tex
File: tikzlibrarybackgrounds.code.tex 2023-01-15 v3.1.10 (3.1.10)
\pgf@layerbox@background=\box133
\pgf@layerboxsaved@background=\box134
)
(D:\Program Files\MikTex\texmfs\install\tex/generic/pgf/frontendlayer/tikz/libr
aries\tikzlibraryarrows.code.tex
File: tikzlibraryarrows.code.tex 2023-01-15 v3.1.10 (3.1.10)

(D:\Program Files\MikTex\texmfs\install\tex/generic/pgf/libraries\pgflibraryarr
ows.code.tex
File: pgflibraryarrows.code.tex 2023-01-15 v3.1.10 (3.1.10)
\arrowsize=\dimen352
))
(D:\Program Files\MikTex\texmfs\install\tex/generic/pgf/frontendlayer/tikz/libr
aries\tikzlibraryshapes.code.tex
File: tikzlibraryshapes.code.tex 2023-01-15 v3.1.10 (3.1.10)

(D:\Program Files\MikTex\texmfs\install\tex/generic/pgf/frontendlayer/tikz/libr
aries\tikzlibraryshapes.geometric.code.tex
File: tikzlibraryshapes.geometric.code.tex 2023-01-15 v3.1.10 (3.1.10)

(D:\Program Files\MikTex\texmfs\install\tex/generic/pgf/libraries/shapes\pgflib
raryshapes.geometric.code.tex
File: pgflibraryshapes.geometric.code.tex 2023-01-15 v3.1.10 (3.1.10)
))
(D:\Program Files\MikTex\texmfs\install\tex/generic/pgf/frontendlayer/tikz/libr
aries\tikzlibraryshapes.misc.code.tex
File: tikzlibraryshapes.misc.code.tex 2023-01-15 v3.1.10 (3.1.10)

(D:\Program Files\MikTex\texmfs\install\tex/generic/pgf/libraries/shapes\pgflib
raryshapes.misc.code.tex
File: pgflibraryshapes.misc.code.tex 2023-01-15 v3.1.10 (3.1.10)
))
(D:\Program Files\MikTex\texmfs\install\tex/generic/pgf/frontendlayer/tikz/libr
aries\tikzlibraryshapes.symbols.code.tex
File: tikzlibraryshapes.symbols.code.tex 2023-01-15 v3.1.10 (3.1.10)

(D:\Program Files\MikTex\texmfs\install\tex/generic/pgf/libraries/shapes\pgflib
raryshapes.symbols.code.tex
File: pgflibraryshapes.symbols.code.tex 2023-01-15 v3.1.10 (3.1.10)
))
(D:\Program Files\MikTex\texmfs\install\tex/generic/pgf/frontendlayer/tikz/libr
aries\tikzlibraryshapes.arrows.code.tex
File: tikzlibraryshapes.arrows.code.tex 2023-01-15 v3.1.10 (3.1.10)

(D:\Program Files\MikTex\texmfs\install\tex/generic/pgf/libraries/shapes\pgflib
raryshapes.arrows.code.tex
File: pgflibraryshapes.arrows.code.tex 2023-01-15 v3.1.10 (3.1.10)
))
(D:\Program Files\MikTex\texmfs\install\tex/generic/pgf/frontendlayer/tikz/libr
aries\tikzlibraryshapes.callouts.code.tex
(D:\Program Files\MikTex\texmfs\install\tex/generic/pgf/libraries/shapes\pgflib
raryshapes.callouts.code.tex))
(D:\Program Files\MikTex\texmfs\install\tex/generic/pgf/frontendlayer/tikz/libr
aries\tikzlibraryshapes.multipart.code.tex
File: tikzlibraryshapes.multipart.code.tex 2023-01-15 v3.1.10 (3.1.10)

(D:\Program Files\MikTex\texmfs\install\tex/generic/pgf/libraries/shapes\pgflib
raryshapes.multipart.code.tex
File: pgflibraryshapes.multipart.code.tex 2023-01-15 v3.1.10 (3.1.10)
\pgfnodepartlowerbox=\box135
\pgfnodeparttwobox=\box136
\pgfnodepartthreebox=\box137
\pgfnodepartfourbox=\box138
\pgfnodeparttwentybox=\box139
\pgfnodepartnineteenbox=\box140
\pgfnodeparteighteenbox=\box141
\pgfnodepartseventeenbox=\box142
\pgfnodepartsixteenbox=\box143
\pgfnodepartfifteenbox=\box144
\pgfnodepartfourteenbox=\box145
\pgfnodepartthirteenbox=\box146
\pgfnodeparttwelvebox=\box147
\pgfnodepartelevenbox=\box148
\pgfnodeparttenbox=\box149
\pgfnodepartninebox=\box150
\pgfnodeparteightbox=\box151
\pgfnodepartsevenbox=\box152
\pgfnodepartsixbox=\box153
\pgfnodepartfivebox=\box154
)))
(D:\Program Files\MikTex\texmfs\install\tex/generic/pgf/frontendlayer/tikz/libr
aries\tikzlibraryfit.code.tex
File: tikzlibraryfit.code.tex 2023-01-15 v3.1.10 (3.1.10)
)
(D:\Program Files\MikTex\texmfs\install\tex/generic/pgf/frontendlayer/tikz/libr
aries\tikzlibraryshadows.code.tex
File: tikzlibraryshadows.code.tex 2023-01-15 v3.1.10 (3.1.10)

(D:\Program Files\MikTex\texmfs\install\tex/generic/pgf/frontendlayer/tikz/libr
aries\tikzlibraryfadings.code.tex
File: tikzlibraryfadings.code.tex 2023-01-15 v3.1.10 (3.1.10)

(D:\Program Files\MikTex\texmfs\install\tex/generic/pgf/libraries\pgflibraryfad
ings.code.tex
File: pgflibraryfadings.code.tex 2023-01-15 v3.1.10 (3.1.10)
)))
(D:\Program Files\MikTex\texmfs\install\tex/generic/pgf/frontendlayer/tikz/libr
aries\tikzlibrarydecorations.markings.code.tex
(D:\Program Files\MikTex\texmfs\install\tex/generic/pgf/frontendlayer/tikz/libr
aries\tikzlibrarydecorations.code.tex
(D:\Program Files\MikTex\texmfs\install\tex/generic/pgf/modules\pgfmoduledecora
tions.code.tex
\pgfdecoratedcompleteddistance=\dimen353
\pgfdecoratedremainingdistance=\dimen354
\pgfdecoratedinputsegmentcompleteddistance=\dimen355
\pgfdecoratedinputsegmentremainingdistance=\dimen356
\pgf@decorate@distancetomove=\dimen357
\pgf@decorate@repeatstate=\count377
\pgfdecorationsegmentamplitude=\dimen358
\pgfdecorationsegmentlength=\dimen359
)
\tikz@lib@dec@box=\box155
)
(D:\Program Files\MikTex\texmfs\install\tex/generic/pgf/libraries/decorations\p
gflibrarydecorations.markings.code.tex))
\c@tikzumlPackageLayers=\count378
\pgf@layerbox@package0=\box156
\pgf@layerboxsaved@package0=\box157
\pgf@layerbox@package1=\box158
\pgf@layerboxsaved@package1=\box159
\pgf@layerbox@package2=\box160
\pgf@layerboxsaved@package2=\box161
\pgf@layerbox@package3=\box162
\pgf@layerboxsaved@package3=\box163
\c@tikzumlFragmentLayers=\count379
\pgf@layerbox@fragment0=\box164
\pgf@layerboxsaved@fragment0=\box165
\pgf@layerbox@fragment1=\box166
\pgf@layerboxsaved@fragment1=\box167
\pgf@layerbox@fragment2=\box168
\pgf@layerboxsaved@fragment2=\box169
\pgf@layerbox@fragment3=\box170
\pgf@layerboxsaved@fragment3=\box171
\c@tikzumlStateLayers=\count380
\pgf@layerbox@state0=\box172
\pgf@layerboxsaved@state0=\box173
\pgf@layerbox@state1=\box174
\pgf@layerboxsaved@state1=\box175
\pgf@layerbox@state2=\box176
\pgf@layerboxsaved@state2=\box177
\pgf@layerbox@state3=\box178
\pgf@layerboxsaved@state3=\box179
\c@tikzumlComponentLayers=\count381
\pgf@layerbox@component0=\box180
\pgf@layerboxsaved@component0=\box181
\pgf@layerbox@component1=\box182
\pgf@layerboxsaved@component1=\box183
\pgf@layerbox@component2=\box184
\pgf@layerboxsaved@component2=\box185
\pgf@layerbox@component3=\box186
\pgf@layerboxsaved@component3=\box187
\pgf@layerbox@lifelines=\box188
\pgf@layerboxsaved@lifelines=\box189
\pgf@layerbox@activity=\box190
\pgf@layerboxsaved@activity=\box191
\pgf@layerbox@connections=\box192
\pgf@layerboxsaved@connections=\box193
\c@tikzumlPackageClassNum=\count382
\c@tikzumlPackageSubPackageNum=\count383
\c@tikzumlRelationNum=\count384
\c@tikzumlNoteNum=\count385
\c@pos=\count386
\c@posT=\count387
\c@posStereo=\count388
\c@tikzumlPackageLevel=\count389
\tikzumlNestingSymbolSize=\dimen360
\c@tikzumlSystemUseCaseNum=\count390
\c@tikzumlSystemLevel=\count391
\c@tikzumlUseCaseNum=\count392
\c@tikzumlActorNum=\count393
\c@tikzumlStateJoinNum=\count394
\c@tikzumlStateDecisionNum=\count395
\c@tikzumlStateInitialNum=\count396
\c@tikzumlStateFinalNum=\count397
\c@tikzumlStateEnterNum=\count398
\c@tikzumlStateExitNum=\count399
\c@tikzumlStateEndNum=\count400
\c@tikzumlStateHistoryNum=\count401
\c@tikzumlStateDeepHistoryNum=\count402
\c@tikzumlStateLevel=\count403
\c@tikzumlStateSubStateNum=\count404
\c@tikzumlStateText=\count405
\c@tikzumlObjectNum=\count406
\c@tikzumlCallLevel=\count407
\c@tikzumlCallNum=\count408
\c@tikzumlFragmentLevel=\count409
\c@tikzumlFragmentLevelNum=\count410
\c@tikzumlFragmentNum=\count411
\c@tikzumlFragmentPartNum=\count412
\c@tikzumlCallStartFragmentNum=\count413
\c@tikzumlCallEndFragmentNum=\count414
\c@tikzumlSDNodeNum=\count415
\tikzumlCall@xa=\skip75
\tikzumlCall@xb=\skip76
\c@tikzumlComponentLevel=\count416
\c@tikzumlComponentSubComponentNum=\count417
\c@tikzumlConnectorNum=\count418
\tikzuml@AC@xa=\skip77
\tikzuml@AC@ya=\skip78
\tikzuml@AC@xb=\skip79
\tikzuml@AC@yb=\skip80
\tikzuml@AC@xi=\skip81
\tikzuml@AC@yi=\skip82
\tikzuml@AC@xic=\skip83
\tikzuml@AC@yic=\skip84
\tikzuml@AC@xio=\skip85
\tikzuml@AC@yio=\skip86
\tikzuml@AC@AB=\skip87
\tikzuml@AC@lambda=\skip88
\tikzuml@AC@xtrc=\skip89
\tikzuml@AC@ytrc=\skip90
\tikzuml@AC@xtlc=\skip91
\tikzuml@AC@ytlc=\skip92
\tikzuml@AC@xblc=\skip93
\tikzuml@AC@yblc=\skip94
\tikzuml@AC@xbrc=\skip95
\tikzuml@AC@ybrc=\skip96
\tikzuml@AC@middleArm=\skip97
))
(D:\Program Files\MikTex\texmfs\install\tex/latex/listings\lstlang1.sty
File: lstlang1.sty 2024/03/11 1.10a listings language file
)
(D:\Program Files\MikTex\texmfs\install\tex/latex/l3backend\l3backend-pdftex.de
f
File: l3backend-pdftex.def 2024-03-14 L3 backend support: PDF output (pdfTeX)
\l__color_backend_stack_int=\count419
\l__pdf_internal_box=\box194
) (programacao-modular-27-padroes-comportamentais.aux)
\openout1 = `programacao-modular-27-padroes-comportamentais.aux'.

LaTeX Font Info:    Checking defaults for OML/cmm/m/it on input line 30.
LaTeX Font Info:    ... okay on input line 30.
LaTeX Font Info:    Checking defaults for OMS/cmsy/m/n on input line 30.
LaTeX Font Info:    ... okay on input line 30.
LaTeX Font Info:    Checking defaults for OT1/cmr/m/n on input line 30.
LaTeX Font Info:    ... okay on input line 30.
LaTeX Font Info:    Checking defaults for T1/cmr/m/n on input line 30.
LaTeX Font Info:    ... okay on input line 30.
LaTeX Font Info:    Checking defaults for TS1/cmr/m/n on input line 30.
LaTeX Font Info:    ... okay on input line 30.
LaTeX Font Info:    Checking defaults for OMX/cmex/m/n on input line 30.
LaTeX Font Info:    ... okay on input line 30.
LaTeX Font Info:    Checking defaults for U/cmr/m/n on input line 30.
LaTeX Font Info:    ... okay on input line 30.
LaTeX Font Info:    Checking defaults for PD1/pdf/m/n on input line 30.
LaTeX Font Info:    ... okay on input line 30.
LaTeX Font Info:    Checking defaults for PU/pdf/m/n on input line 30.
LaTeX Font Info:    ... okay on input line 30.

*geometry* driver: auto-detecting
*geometry* detected driver: pdftex
*geometry* verbose mode - [ preamble ] result:
* driver: pdftex
* paper: custom
* layout: <same size as paper>
* layoutoffset:(h,v)=(0.0pt,0.0pt)
* modes: includehead includefoot 
* h-part:(L,W,R)=(28.45274pt, 307.28987pt, 28.45274pt)
* v-part:(T,H,B)=(0.0pt, 273.14662pt, 0.0pt)
* \paperwidth=364.19536pt
* \paperheight=273.14662pt
* \textwidth=307.28987pt
* \textheight=244.6939pt
* \oddsidemargin=-43.81725pt
* \evensidemargin=-43.81725pt
* \topmargin=-72.26999pt
* \headheight=14.22636pt
* \headsep=0.0pt
* \topskip=11.0pt
* \footskip=14.22636pt
* \marginparwidth=4.0pt
* \marginparsep=10.0pt
* \columnsep=10.0pt
* \skip\footins=10.0pt plus 4.0pt minus 2.0pt
* \hoffset=0.0pt
* \voffset=0.0pt
* \mag=1000
* \@twocolumnfalse
* \@twosidefalse
* \@mparswitchfalse
* \@reversemarginfalse
* (1in=72.27pt=25.4mm, 1cm=28.453pt)

(D:\Program Files\MikTex\texmfs\install\tex/context/base/mkii\supp-pdf.mkii
[Loading MPS to PDF converter (version 2006.09.02).]
\scratchcounter=\count420
\scratchdimen=\dimen361
\scratchbox=\box195
\nofMPsegments=\count421
\nofMParguments=\count422
\everyMPshowfont=\toks58
\MPscratchCnt=\count423
\MPscratchDim=\dimen362
\MPnumerator=\count424
\makeMPintoPDFobject=\count425
\everyMPtoPDFconversion=\toks59
)
(D:\Program Files\MikTex\texmfs\install\tex/latex/epstopdf-pkg\epstopdf-base.st
y
Package: epstopdf-base 2020-01-24 v2.11 Base part for package epstopdf
Package epstopdf-base Info: Redefining graphics rule for `.eps' on input line 4
85.
 (D:\Program Files\MikTex\texmfs\install\tex/latex/00miktex\epstopdf-sys.cfg
File: epstopdf-sys.cfg 2021/03/18 v2.0 Configuration of epstopdf for MiKTeX
))
Package hyperref Info: Link coloring OFF on input line 30.
(programacao-modular-27-padroes-comportamentais.out)
(programacao-modular-27-padroes-comportamentais.out)
\@outlinefile=\write5
\openout5 = `programacao-modular-27-padroes-comportamentais.out'.

LaTeX Font Info:    Overwriting symbol font `operators' in version `normal'
(Font)                  OT1/cmr/m/n --> OT1/cmss/m/n on input line 30.
LaTeX Font Info:    Overwriting symbol font `operators' in version `bold'
(Font)                  OT1/cmr/bx/n --> OT1/cmss/b/n on input line 30.
\symnumbers=\mathgroup6
\sympureletters=\mathgroup7
LaTeX Font Info:    Overwriting math alphabet `\mathrm' in version `normal'
(Font)                  OT1/cmss/m/n --> T1/ptm/m/n on input line 30.
LaTeX Font Info:    Redeclaring math alphabet \mathbf on input line 30.
LaTeX Font Info:    Overwriting math alphabet `\mathbf' in version `normal'
(Font)                  OT1/cmr/bx/n --> T1/phv/b/n on input line 30.
LaTeX Font Info:    Overwriting math alphabet `\mathbf' in version `bold'
(Font)                  OT1/cmr/bx/n --> T1/phv/b/n on input line 30.
LaTeX Font Info:    Redeclaring math alphabet \mathsf on input line 30.
LaTeX Font Info:    Overwriting math alphabet `\mathsf' in version `normal'
(Font)                  OT1/cmss/m/n --> T1/phv/m/n on input line 30.
LaTeX Font Info:    Overwriting math alphabet `\mathsf' in version `bold'
(Font)                  OT1/cmss/bx/n --> T1/phv/m/n on input line 30.
LaTeX Font Info:    Redeclaring math alphabet \mathit on input line 30.
LaTeX Font Info:    Overwriting math alphabet `\mathit' in version `normal'
(Font)                  OT1/cmr/m/it --> T1/phv/m/it on input line 30.
LaTeX Font Info:    Overwriting math alphabet `\mathit' in version `bold'
(Font)                  OT1/cmr/bx/it --> T1/phv/m/it on input line 30.
LaTeX Font Info:    Redeclaring math alphabet \mathtt on input line 30.
LaTeX Font Info:    Overwriting math alphabet `\mathtt' in version `normal'
(Font)                  OT1/cmtt/m/n --> T1/pcr/m/n on input line 30.
LaTeX Font Info:    Overwriting math alphabet `\mathtt' in version `bold'
(Font)                  OT1/cmtt/m/n --> T1/pcr/m/n on input line 30.
LaTeX Font Info:    Overwriting symbol font `numbers' in version `bold'
(Font)                  T1/phv/m/n --> T1/phv/b/n on input line 30.
LaTeX Font Info:    Overwriting symbol font `pureletters' in version `bold'
(Font)                  T1/phv/m/it --> T1/phv/b/it on input line 30.
LaTeX Font Info:    Overwriting math alphabet `\mathrm' in version `bold'
(Font)                  OT1/cmss/b/n --> T1/ptm/b/n on input line 30.
LaTeX Font Info:    Overwriting math alphabet `\mathbf' in version `bold'
(Font)                  T1/phv/b/n --> T1/phv/b/n on input line 30.
LaTeX Font Info:    Overwriting math alphabet `\mathsf' in version `bold'
(Font)                  T1/phv/m/n --> T1/phv/b/n on input line 30.
LaTeX Font Info:    Overwriting math alphabet `\mathit' in version `bold'
(Font)                  T1/phv/m/it --> T1/phv/b/it on input line 30.
LaTeX Font Info:    Overwriting math alphabet `\mathtt' in version `bold'
(Font)                  T1/pcr/m/n --> T1/pcr/b/n on input line 30.

(D:\Program Files\MikTex\texmfs\install\tex/latex/translator\translator-basic-d
ictionary-English.dict
Dictionary: translator-basic-dictionary, Language: English 
)
(D:\Program Files\MikTex\texmfs\install\tex/latex/translator\translator-bibliog
raphy-dictionary-English.dict
Dictionary: translator-bibliography-dictionary, Language: English 
)
(D:\Program Files\MikTex\texmfs\install\tex/latex/translator\translator-environ
ment-dictionary-English.dict
Dictionary: translator-environment-dictionary, Language: English 
)
(D:\Program Files\MikTex\texmfs\install\tex/latex/translator\translator-months-
dictionary-English.dict
Dictionary: translator-months-dictionary, Language: English 
)
(D:\Program Files\MikTex\texmfs\install\tex/latex/translator\translator-numbers
-dictionary-English.dict
Dictionary: translator-numbers-dictionary, Language: English 
)
(D:\Program Files\MikTex\texmfs\install\tex/latex/translator\translator-theorem
-dictionary-English.dict
Dictionary: translator-theorem-dictionary, Language: English 
)
\c@lstlisting=\count426
 (programacao-modular-27-padroes-comportamentais.nav)
<puc_engesoft_logo.png, id=86, 554.82281pt x 235.63031pt>
File: puc_engesoft_logo.png Graphic file (type png)
<use puc_engesoft_logo.png>
Package pdftex.def Info: puc_engesoft_logo.png  used on input line 37.
(pdftex.def)             Requested size: 113.81102pt x 48.33328pt.

[1{D:/Program Files/MikTex/texmfs/data/fonts/map/pdftex/pdftex.map}{D:/Program 
Files/MikTex/texmfs/install/fonts/enc/dvips/base/8r.enc}

 <./puc_engesoft_logo.png>] (programacao-modular-27-padroes-comportamentais.toc
) [2

]
File: puc_engesoft_logo.png Graphic file (type png)
<use puc_engesoft_logo.png>
Package pdftex.def Info: puc_engesoft_logo.png  used on input line 96.
(pdftex.def)             Requested size: 64.98427pt x 27.5992pt.

Overfull \hbox (36.53152pt too wide) in paragraph at lines 96--96
[][]  
 []

[3

]
File: puc_engesoft_logo.png Graphic file (type png)
<use puc_engesoft_logo.png>
Package pdftex.def Info: puc_engesoft_logo.png  used on input line 111.
(pdftex.def)             Requested size: 64.98427pt x 27.5992pt.

Overfull \hbox (36.53152pt too wide) in paragraph at lines 111--111
[][]  
 []

[4

]
<chainLogger.pdf, id=188, 597.50786pt x 845.04686pt>
File: chainLogger.pdf Graphic file (type pdf)
<use chainLogger.pdf>
Package pdftex.def Info: chainLogger.pdf  used on input line 122.
(pdftex.def)             Requested size: 230.46739pt x 325.94363pt.

Overfull \hbox (18.65376pt too wide) in paragraph at lines 122--122
 [] 
 []

File: puc_engesoft_logo.png Graphic file (type png)
<use puc_engesoft_logo.png>
Package pdftex.def Info: puc_engesoft_logo.png  used on input line 122.
(pdftex.def)             Requested size: 64.98427pt x 27.5992pt.

Overfull \hbox (36.53152pt too wide) in paragraph at lines 122--122
[][]  
 []


Overfull \vbox (57.05846pt too high) detected at line 122
 []

[5

 <./chainLogger.pdf>]
\openout4 = `programacao-modular-27-padroes-comportamentais.vrb'.

 (programacao-modular-27-padroes-comportamentais.vrb)
File: puc_engesoft_logo.png Graphic file (type png)
<use puc_engesoft_logo.png>
Package pdftex.def Info: puc_engesoft_logo.png  used on input line 151.
(pdftex.def)             Requested size: 64.98427pt x 27.5992pt.

Overfull \hbox (36.53152pt too wide) in paragraph at lines 151--151
[][]  
 []


Overfull \vbox (11.24107pt too high) detected at line 151
 []

[6

]
\openout4 = `programacao-modular-27-padroes-comportamentais.vrb'.

 (programacao-modular-27-padroes-comportamentais.vrb)
File: puc_engesoft_logo.png Graphic file (type png)
<use puc_engesoft_logo.png>
Package pdftex.def Info: puc_engesoft_logo.png  used on input line 187.
(pdftex.def)             Requested size: 64.98427pt x 27.5992pt.

Overfull \hbox (36.53152pt too wide) in paragraph at lines 187--187
[][]  
 []


Overfull \vbox (4.49107pt too high) detected at line 187
 []

[7

]
\openout4 = `programacao-modular-27-padroes-comportamentais.vrb'.

 (programacao-modular-27-padroes-comportamentais.vrb
Overfull \hbox (23.9135pt too wide) in paragraph at lines 18--19
[][][][][][][][][][][][][][][][][][][][][][][][][][][] 
 []


Overfull \hbox (23.9135pt too wide) in paragraph at lines 19--20
[][][][][][][][][][][][][][][][][][][][][][][][][][][] 
 []


Overfull \hbox (4.7133pt too wide) in paragraph at lines 20--21
[][][][][][][][][][][][][][][][][][][][][][][][][][][] 
 []

)
File: puc_engesoft_logo.png Graphic file (type png)
<use puc_engesoft_logo.png>
Package pdftex.def Info: puc_engesoft_logo.png  used on input line 214.
(pdftex.def)             Requested size: 64.98427pt x 27.5992pt.

Overfull \hbox (36.53152pt too wide) in paragraph at lines 214--214
[][]  
 []

[8

]
File: puc_engesoft_logo.png Graphic file (type png)
<use puc_engesoft_logo.png>
Package pdftex.def Info: puc_engesoft_logo.png  used on input line 223.
(pdftex.def)             Requested size: 64.98427pt x 27.5992pt.

Overfull \hbox (36.53152pt too wide) in paragraph at lines 223--223
[][]  
 []

[9

]
LaTeX Font Info:    Trying to load font information for U+msa on input line 245
.
 (D:\Program Files\MikTex\texmfs\install\tex/latex/amsfonts\umsa.fd
File: umsa.fd 2013/01/14 v3.01 AMS symbols A
)
LaTeX Font Info:    Trying to load font information for U+msb on input line 245
.

(D:\Program Files\MikTex\texmfs\install\tex/latex/amsfonts\umsb.fd
File: umsb.fd 2013/01/14 v3.01 AMS symbols B
)
LaTeX Font Info:    Font shape `T1/phv/m/it' in size <8> not available
(Font)              Font shape `T1/phv/m/sl' tried instead on input line 245.
LaTeX Font Info:    Font shape `T1/phv/m/it' in size <6> not available
(Font)              Font shape `T1/phv/m/sl' tried instead on input line 245.
LaTeX Font Info:    Font shape `T1/phv/m/it' in size <5> not available
(Font)              Font shape `T1/phv/m/sl' tried instead on input line 245.
File: puc_engesoft_logo.png Graphic file (type png)
<use puc_engesoft_logo.png>
Package pdftex.def Info: puc_engesoft_logo.png  used on input line 245.
(pdftex.def)             Requested size: 64.98427pt x 27.5992pt.

Overfull \hbox (36.53152pt too wide) in paragraph at lines 245--245
[][]  
 []

[10

]
Overfull \hbox (18.70264pt too wide) in paragraph at lines 265--265
 [] 
 []

File: puc_engesoft_logo.png Graphic file (type png)
<use puc_engesoft_logo.png>
Package pdftex.def Info: puc_engesoft_logo.png  used on input line 265.
(pdftex.def)             Requested size: 64.98427pt x 27.5992pt.

Overfull \hbox (36.53152pt too wide) in paragraph at lines 265--265
[][]  
 []

[11

]
\tf@nav=\write6
\openout6 = `programacao-modular-27-padroes-comportamentais.nav'.

\tf@toc=\write7
\openout7 = `programacao-modular-27-padroes-comportamentais.toc'.

\tf@snm=\write8
\openout8 = `programacao-modular-27-padroes-comportamentais.snm'.

 (programacao-modular-27-padroes-comportamentais.aux)
 ***********
LaTeX2e <2023-11-01> patch level 1
L3 programming layer <2024-03-14>
 ***********
Package rerunfilecheck Info: File `programacao-modular-27-padroes-comportamenta
is.out' has not changed.
(rerunfilecheck)             Checksum: 1B94A42AD09C90528F55E8516C5A127C;953.
 ) 
Here is how much of TeX's memory you used:
 33766 strings out of 474424
 695485 string characters out of 5744516
 1977496 words of memory out of 5000000
 55402 multiletter control sequences out of 15000+600000
 599459 words of font info for 77 fonts, out of 8000000 for 9000
 1141 hyphenation exceptions out of 8191
 128i,19n,123p,543b,1223s stack positions out of 10000i,1000n,20000p,200000b,200000s
<D:/Program Files/MikTex/texmfs/install/fonts/type1/urw/helvetic/uhvb8a.pfb><
D:/Program Files/MikTex/texmfs/install/fonts/type1/urw/helvetic/uhvr8a.pfb><D:/
Program Files/MikTex/texmfs/install/fonts/type1/urw/helvetic/uhvro8a.pfb>
Output written on programacao-modular-27-padroes-comportamentais.pdf (11 pages,
 165713 bytes).
PDF statistics:
 366 PDF objects out of 1000 (max. 8388607)
 29 named destinations out of 1000 (max. 500000)
 383 words of extra memory for PDF output out of 10000 (max. 10000000)

