This is pdfTeX, Version 3.14159265-2.6-1.40.20 (MiKTeX 2.9.6960 64-bit) (preloaded format=pdflatex 2019.2.4)  18 FEB 2019 20:05
entering extended mode
**./programacao-modular-04-TDD.tex
(programacao-modular-04-TDD.tex
LaTeX2e <2018-12-01>
("C:\Program Files\MiKTeX 2.9\tex/latex/beamer\beamer.cls"
Document Class: beamer 2018/12/02 v3.55 A class for typesetting presentations
("C:\Program Files\MiKTeX 2.9\tex/latex/beamer\beamerbasemodes.sty"
(C:\Users\Hugo\AppData\Roaming\MiKTeX\2.9\tex/latex/etoolbox\etoolbox.sty
Package: etoolbox 2018/08/19 v2.5f e-TeX tools for LaTeX (JAW)
\etb@tempcnta=\count80
)
\beamer@tempbox=\box27
\beamer@tempcount=\count81
\c@beamerpauses=\count82

("C:\Program Files\MiKTeX 2.9\tex/latex/beamer\beamerbasedecode.sty"
\beamer@slideinframe=\count83
\beamer@minimum=\count84
)
\beamer@commentbox=\box28
\beamer@modecount=\count85
)
("C:\Program Files\MiKTeX 2.9\tex/generic/oberdiek\ifpdf.sty"
Package: ifpdf 2018/09/07 v3.3 Provides the ifpdf switch
)
\headdp=\dimen102
\footheight=\dimen103
\sidebarheight=\dimen104
\beamer@tempdim=\dimen105
\beamer@finalheight=\dimen106
\beamer@animht=\dimen107
\beamer@animdp=\dimen108
\beamer@animwd=\dimen109
\beamer@leftmargin=\dimen110
\beamer@rightmargin=\dimen111
\beamer@leftsidebar=\dimen112
\beamer@rightsidebar=\dimen113
\beamer@boxsize=\dimen114
\beamer@vboxoffset=\dimen115
\beamer@descdefault=\dimen116
\beamer@descriptionwidth=\dimen117
\beamer@lastskip=\skip41
\beamer@areabox=\box29
\beamer@animcurrent=\box30
\beamer@animshowbox=\box31
\beamer@sectionbox=\box32
\beamer@logobox=\box33
\beamer@linebox=\box34
\beamer@sectioncount=\count86
\beamer@subsubsectionmax=\count87
\beamer@subsectionmax=\count88
\beamer@sectionmax=\count89
\beamer@totalheads=\count90
\beamer@headcounter=\count91
\beamer@partstartpage=\count92
\beamer@sectionstartpage=\count93
\beamer@subsectionstartpage=\count94
\beamer@animationtempa=\count95
\beamer@animationtempb=\count96
\beamer@xpos=\count97
\beamer@ypos=\count98
\beamer@ypos@offset=\count99
\beamer@showpartnumber=\count100
\beamer@currentsubsection=\count101
\beamer@coveringdepth=\count102
\beamer@sectionadjust=\count103
\beamer@tocsectionnumber=\count104

("C:\Program Files\MiKTeX 2.9\tex/latex/beamer\beamerbaseoptions.sty"
("C:\Program Files\MiKTeX 2.9\tex/latex/graphics\keyval.sty"
Package: keyval 2014/10/28 v1.15 key=value parser (DPC)
\KV@toks@=\toks14
))
\beamer@paperwidth=\skip42
\beamer@paperheight=\skip43

("C:\Program Files\MiKTeX 2.9\tex/latex/geometry\geometry.sty"
Package: geometry 2018/04/16 v5.8 Page Geometry

("C:\Program Files\MiKTeX 2.9\tex/generic/oberdiek\ifvtex.sty"
Package: ifvtex 2016/05/16 v1.6 Detect VTeX and its facilities (HO)
Package ifvtex Info: VTeX not detected.
)
("C:\Program Files\MiKTeX 2.9\tex/generic/ifxetex\ifxetex.sty"
Package: ifxetex 2010/09/12 v0.6 Provides ifxetex conditional
)
\Gm@cnth=\count105
\Gm@cntv=\count106
\c@Gm@tempcnt=\count107
\Gm@bindingoffset=\dimen118
\Gm@wd@mp=\dimen119
\Gm@odd@mp=\dimen120
\Gm@even@mp=\dimen121
\Gm@layoutwidth=\dimen122
\Gm@layoutheight=\dimen123
\Gm@layouthoffset=\dimen124
\Gm@layoutvoffset=\dimen125
\Gm@dimlist=\toks15

("C:\Program Files\MiKTeX 2.9\tex/latex/geometry\geometry.cfg"))
("C:\Program Files\MiKTeX 2.9\tex/latex/base\size11.clo"
File: size11.clo 2018/09/03 v1.4i Standard LaTeX file (size option)
)
(C:\Users\Hugo\AppData\Roaming\MiKTeX\2.9\tex/latex/pgf/basiclayer\pgfcore.sty
("C:\Program Files\MiKTeX 2.9\tex/latex/graphics\graphicx.sty"
Package: graphicx 2017/06/01 v1.1a Enhanced LaTeX Graphics (DPC,SPQR)

("C:\Program Files\MiKTeX 2.9\tex/latex/graphics\graphics.sty"
Package: graphics 2017/06/25 v1.2c Standard LaTeX Graphics (DPC,SPQR)

("C:\Program Files\MiKTeX 2.9\tex/latex/graphics\trig.sty"
Package: trig 2016/01/03 v1.10 sin cos tan (DPC)
)
("C:\Program Files\MiKTeX 2.9\tex/latex/graphics-cfg\graphics.cfg"
File: graphics.cfg 2016/06/04 v1.11 sample graphics configuration
)
Package graphics Info: Driver file: pdftex.def on input line 99.

("C:\Program Files\MiKTeX 2.9\tex/latex/graphics-def\pdftex.def"
File: pdftex.def 2018/01/08 v1.0l Graphics/color driver for pdftex
))
\Gin@req@height=\dimen126
\Gin@req@width=\dimen127
)
(C:\Users\Hugo\AppData\Roaming\MiKTeX\2.9\tex/latex/pgf/systemlayer\pgfsys.sty
(C:\Users\Hugo\AppData\Roaming\MiKTeX\2.9\tex/latex/pgf/utilities\pgfrcs.sty
(C:\Users\Hugo\AppData\Roaming\MiKTeX\2.9\tex/generic/pgf/utilities\pgfutil-com
mon.tex
\pgfutil@everybye=\toks16
\pgfutil@tempdima=\dimen128
\pgfutil@tempdimb=\dimen129

(C:\Users\Hugo\AppData\Roaming\MiKTeX\2.9\tex/generic/pgf/utilities\pgfutil-com
mon-lists.tex))
(C:\Users\Hugo\AppData\Roaming\MiKTeX\2.9\tex/generic/pgf/utilities\pgfutil-lat
ex.def
\pgfutil@abb=\box35
 (C:\Users\Hugo\AppData\Roaming\MiKTeX\2.9\tex/latex/ms\everyshi.sty
Package: everyshi 2001/05/15 v3.00 EveryShipout Package (MS)
))
(C:\Users\Hugo\AppData\Roaming\MiKTeX\2.9\tex/generic/pgf/utilities\pgfrcs.code
.tex (C:\Users\Hugo\AppData\Roaming\MiKTeX\2.9\tex/generic/pgf\pgf.revision.tex
)
Package: pgfrcs 2019/01/05 v3.1 (3.1)
))
(C:\Users\Hugo\AppData\Roaming\MiKTeX\2.9\tex/generic/pgf/systemlayer\pgfsys.co
de.tex
Package: pgfsys 2019/01/05 v3.1 (3.1)

(C:\Users\Hugo\AppData\Roaming\MiKTeX\2.9\tex/generic/pgf/utilities\pgfkeys.cod
e.tex
\pgfkeys@pathtoks=\toks17
\pgfkeys@temptoks=\toks18

(C:\Users\Hugo\AppData\Roaming\MiKTeX\2.9\tex/generic/pgf/utilities\pgfkeysfilt
ered.code.tex
\pgfkeys@tmptoks=\toks19
))
\pgf@x=\dimen130
\pgf@y=\dimen131
\pgf@xa=\dimen132
\pgf@ya=\dimen133
\pgf@xb=\dimen134
\pgf@yb=\dimen135
\pgf@xc=\dimen136
\pgf@yc=\dimen137
\w@pgf@writea=\write3
\r@pgf@reada=\read1
\c@pgf@counta=\count108
\c@pgf@countb=\count109
\c@pgf@countc=\count110
\c@pgf@countd=\count111
\t@pgf@toka=\toks20
\t@pgf@tokb=\toks21
\t@pgf@tokc=\toks22
\pgf@sys@id@count=\count112

(C:\Users\Hugo\AppData\Roaming\MiKTeX\2.9\tex/generic/pgf/systemlayer\pgf.cfg
File: pgf.cfg 2019/01/05 v3.1 (3.1)
)
Driver file for pgf: pgfsys-pdftex.def

(C:\Users\Hugo\AppData\Roaming\MiKTeX\2.9\tex/generic/pgf/systemlayer\pgfsys-pd
ftex.def
File: pgfsys-pdftex.def 2019/01/05 v3.1 (3.1)

(C:\Users\Hugo\AppData\Roaming\MiKTeX\2.9\tex/generic/pgf/systemlayer\pgfsys-co
mmon-pdf.def
File: pgfsys-common-pdf.def 2019/01/05 v3.1 (3.1)
)))
(C:\Users\Hugo\AppData\Roaming\MiKTeX\2.9\tex/generic/pgf/systemlayer\pgfsyssof
tpath.code.tex
File: pgfsyssoftpath.code.tex 2019/01/05 v3.1 (3.1)
\pgfsyssoftpath@smallbuffer@items=\count113
\pgfsyssoftpath@bigbuffer@items=\count114
)
(C:\Users\Hugo\AppData\Roaming\MiKTeX\2.9\tex/generic/pgf/systemlayer\pgfsyspro
tocol.code.tex
File: pgfsysprotocol.code.tex 2019/01/05 v3.1 (3.1)
))
(C:\Users\Hugo\AppData\Roaming\MiKTeX\2.9\tex/latex/xcolor\xcolor.sty
Package: xcolor 2016/05/11 v2.12 LaTeX color extensions (UK)

("C:\Program Files\MiKTeX 2.9\tex/latex/graphics-cfg\color.cfg"
File: color.cfg 2016/01/02 v1.6 sample color configuration
)
Package xcolor Info: Driver file: pdftex.def on input line 225.
Package xcolor Info: Model `cmy' substituted by `cmy0' on input line 1348.
Package xcolor Info: Model `hsb' substituted by `rgb' on input line 1352.
Package xcolor Info: Model `RGB' extended on input line 1364.
Package xcolor Info: Model `HTML' substituted by `rgb' on input line 1366.
Package xcolor Info: Model `Hsb' substituted by `hsb' on input line 1367.
Package xcolor Info: Model `tHsb' substituted by `hsb' on input line 1368.
Package xcolor Info: Model `HSB' substituted by `hsb' on input line 1369.
Package xcolor Info: Model `Gray' substituted by `gray' on input line 1370.
Package xcolor Info: Model `wave' substituted by `hsb' on input line 1371.
)
(C:\Users\Hugo\AppData\Roaming\MiKTeX\2.9\tex/generic/pgf/basiclayer\pgfcore.co
de.tex
Package: pgfcore 2019/01/05 v3.1 (3.1)

(C:\Users\Hugo\AppData\Roaming\MiKTeX\2.9\tex/generic/pgf/math\pgfmath.code.tex

(C:\Users\Hugo\AppData\Roaming\MiKTeX\2.9\tex/generic/pgf/math\pgfmathcalc.code
.tex
(C:\Users\Hugo\AppData\Roaming\MiKTeX\2.9\tex/generic/pgf/math\pgfmathutil.code
.tex)
(C:\Users\Hugo\AppData\Roaming\MiKTeX\2.9\tex/generic/pgf/math\pgfmathparser.co
de.tex
\pgfmath@dimen=\dimen138
\pgfmath@count=\count115
\pgfmath@box=\box36
\pgfmath@toks=\toks23
\pgfmath@stack@operand=\toks24
\pgfmath@stack@operation=\toks25
)
(C:\Users\Hugo\AppData\Roaming\MiKTeX\2.9\tex/generic/pgf/math\pgfmathfunctions
.code.tex
(C:\Users\Hugo\AppData\Roaming\MiKTeX\2.9\tex/generic/pgf/math\pgfmathfunctions
.basic.code.tex)
(C:\Users\Hugo\AppData\Roaming\MiKTeX\2.9\tex/generic/pgf/math\pgfmathfunctions
.trigonometric.code.tex)
(C:\Users\Hugo\AppData\Roaming\MiKTeX\2.9\tex/generic/pgf/math\pgfmathfunctions
.random.code.tex)
(C:\Users\Hugo\AppData\Roaming\MiKTeX\2.9\tex/generic/pgf/math\pgfmathfunctions
.comparison.code.tex)
(C:\Users\Hugo\AppData\Roaming\MiKTeX\2.9\tex/generic/pgf/math\pgfmathfunctions
.base.code.tex)
(C:\Users\Hugo\AppData\Roaming\MiKTeX\2.9\tex/generic/pgf/math\pgfmathfunctions
.round.code.tex)
(C:\Users\Hugo\AppData\Roaming\MiKTeX\2.9\tex/generic/pgf/math\pgfmathfunctions
.misc.code.tex)
(C:\Users\Hugo\AppData\Roaming\MiKTeX\2.9\tex/generic/pgf/math\pgfmathfunctions
.integerarithmetics.code.tex)))
(C:\Users\Hugo\AppData\Roaming\MiKTeX\2.9\tex/generic/pgf/math\pgfmathfloat.cod
e.tex
\c@pgfmathroundto@lastzeros=\count116
))
(C:\Users\Hugo\AppData\Roaming\MiKTeX\2.9\tex/generic/pgf/basiclayer\pgfcorepoi
nts.code.tex
File: pgfcorepoints.code.tex 2019/01/05 v3.1 (3.1)
\pgf@picminx=\dimen139
\pgf@picmaxx=\dimen140
\pgf@picminy=\dimen141
\pgf@picmaxy=\dimen142
\pgf@pathminx=\dimen143
\pgf@pathmaxx=\dimen144
\pgf@pathminy=\dimen145
\pgf@pathmaxy=\dimen146
\pgf@xx=\dimen147
\pgf@xy=\dimen148
\pgf@yx=\dimen149
\pgf@yy=\dimen150
\pgf@zx=\dimen151
\pgf@zy=\dimen152
)
(C:\Users\Hugo\AppData\Roaming\MiKTeX\2.9\tex/generic/pgf/basiclayer\pgfcorepat
hconstruct.code.tex
File: pgfcorepathconstruct.code.tex 2019/01/05 v3.1 (3.1)
\pgf@path@lastx=\dimen153
\pgf@path@lasty=\dimen154
)
(C:\Users\Hugo\AppData\Roaming\MiKTeX\2.9\tex/generic/pgf/basiclayer\pgfcorepat
husage.code.tex
File: pgfcorepathusage.code.tex 2019/01/05 v3.1 (3.1)
\pgf@shorten@end@additional=\dimen155
\pgf@shorten@start@additional=\dimen156
)
(C:\Users\Hugo\AppData\Roaming\MiKTeX\2.9\tex/generic/pgf/basiclayer\pgfcoresco
pes.code.tex
File: pgfcorescopes.code.tex 2019/01/05 v3.1 (3.1)
\pgfpic=\box37
\pgf@hbox=\box38
\pgf@layerbox@main=\box39
\pgf@picture@serial@count=\count117
)
(C:\Users\Hugo\AppData\Roaming\MiKTeX\2.9\tex/generic/pgf/basiclayer\pgfcoregra
phicstate.code.tex
File: pgfcoregraphicstate.code.tex 2019/01/05 v3.1 (3.1)
\pgflinewidth=\dimen157
)
(C:\Users\Hugo\AppData\Roaming\MiKTeX\2.9\tex/generic/pgf/basiclayer\pgfcoretra
nsformations.code.tex
File: pgfcoretransformations.code.tex 2019/01/05 v3.1 (3.1)
\pgf@pt@x=\dimen158
\pgf@pt@y=\dimen159
\pgf@pt@temp=\dimen160
)
(C:\Users\Hugo\AppData\Roaming\MiKTeX\2.9\tex/generic/pgf/basiclayer\pgfcorequi
ck.code.tex
File: pgfcorequick.code.tex 2019/01/05 v3.1 (3.1)
)
(C:\Users\Hugo\AppData\Roaming\MiKTeX\2.9\tex/generic/pgf/basiclayer\pgfcoreobj
ects.code.tex
File: pgfcoreobjects.code.tex 2019/01/05 v3.1 (3.1)
)
(C:\Users\Hugo\AppData\Roaming\MiKTeX\2.9\tex/generic/pgf/basiclayer\pgfcorepat
hprocessing.code.tex
File: pgfcorepathprocessing.code.tex 2019/01/05 v3.1 (3.1)
)
(C:\Users\Hugo\AppData\Roaming\MiKTeX\2.9\tex/generic/pgf/basiclayer\pgfcorearr
ows.code.tex
File: pgfcorearrows.code.tex 2019/01/05 v3.1 (3.1)
\pgfarrowsep=\dimen161
)
(C:\Users\Hugo\AppData\Roaming\MiKTeX\2.9\tex/generic/pgf/basiclayer\pgfcoresha
de.code.tex
File: pgfcoreshade.code.tex 2019/01/05 v3.1 (3.1)
\pgf@max=\dimen162
\pgf@sys@shading@range@num=\count118
)
(C:\Users\Hugo\AppData\Roaming\MiKTeX\2.9\tex/generic/pgf/basiclayer\pgfcoreima
ge.code.tex
File: pgfcoreimage.code.tex 2019/01/05 v3.1 (3.1)

(C:\Users\Hugo\AppData\Roaming\MiKTeX\2.9\tex/generic/pgf/basiclayer\pgfcoreext
ernal.code.tex
File: pgfcoreexternal.code.tex 2019/01/05 v3.1 (3.1)
\pgfexternal@startupbox=\box40
))
(C:\Users\Hugo\AppData\Roaming\MiKTeX\2.9\tex/generic/pgf/basiclayer\pgfcorelay
ers.code.tex
File: pgfcorelayers.code.tex 2019/01/05 v3.1 (3.1)
)
(C:\Users\Hugo\AppData\Roaming\MiKTeX\2.9\tex/generic/pgf/basiclayer\pgfcoretra
nsparency.code.tex
File: pgfcoretransparency.code.tex 2019/01/05 v3.1 (3.1)
)
(C:\Users\Hugo\AppData\Roaming\MiKTeX\2.9\tex/generic/pgf/basiclayer\pgfcorepat
terns.code.tex
File: pgfcorepatterns.code.tex 2019/01/05 v3.1 (3.1)
)
(C:\Users\Hugo\AppData\Roaming\MiKTeX\2.9\tex/generic/pgf/basiclayer\pgfcorerdf
.code.tex
File: pgfcorerdf.code.tex 2019/01/05 v3.1 (3.1)
)))
(C:\Users\Hugo\AppData\Roaming\MiKTeX\2.9\tex/latex/pgf/utilities\xxcolor.sty
Package: xxcolor 2003/10/24 ver 0.1
\XC@nummixins=\count119
\XC@countmixins=\count120
)
("C:\Program Files\MiKTeX 2.9\tex/generic/oberdiek\atbegshi.sty"
Package: atbegshi 2016/06/09 v1.18 At begin shipout hook (HO)

("C:\Program Files\MiKTeX 2.9\tex/generic/oberdiek\infwarerr.sty"
Package: infwarerr 2016/05/16 v1.4 Providing info/warning/error messages (HO)
)
("C:\Program Files\MiKTeX 2.9\tex/generic/oberdiek\ltxcmds.sty"
Package: ltxcmds 2016/05/16 v1.23 LaTeX kernel commands for general use (HO)
))
("C:\Program Files\MiKTeX 2.9\tex/latex/hyperref\hyperref.sty"
Package: hyperref 2018/11/30 v6.88e Hypertext links for LaTeX

("C:\Program Files\MiKTeX 2.9\tex/generic/oberdiek\hobsub-hyperref.sty"
Package: hobsub-hyperref 2016/05/16 v1.14 Bundle oberdiek, subset hyperref (HO)


("C:\Program Files\MiKTeX 2.9\tex/generic/oberdiek\hobsub-generic.sty"
Package: hobsub-generic 2016/05/16 v1.14 Bundle oberdiek, subset generic (HO)
Package: hobsub 2016/05/16 v1.14 Construct package bundles (HO)
Package hobsub Info: Skipping package `infwarerr' (already loaded).
Package hobsub Info: Skipping package `ltxcmds' (already loaded).
Package: ifluatex 2016/05/16 v1.4 Provides the ifluatex switch (HO)
Package ifluatex Info: LuaTeX not detected.
Package hobsub Info: Skipping package `ifvtex' (already loaded).
Package: intcalc 2016/05/16 v1.2 Expandable calculations with integers (HO)
Package hobsub Info: Skipping package `ifpdf' (already loaded).
Package: etexcmds 2016/05/16 v1.6 Avoid name clashes with e-TeX commands (HO)
Package: kvsetkeys 2016/05/16 v1.17 Key value parser (HO)
Package: kvdefinekeys 2016/05/16 v1.4 Define keys (HO)
Package: pdftexcmds 2018/09/10 v0.29 Utility functions of pdfTeX for LuaTeX (HO
)
Package pdftexcmds Info: LuaTeX not detected.
Package pdftexcmds Info: \pdf@primitive is available.
Package pdftexcmds Info: \pdf@ifprimitive is available.
Package pdftexcmds Info: \pdfdraftmode found.
Package: pdfescape 2016/05/16 v1.14 Implements pdfTeX's escape features (HO)
Package: bigintcalc 2016/05/16 v1.4 Expandable calculations on big integers (HO
)
Package: bitset 2016/05/16 v1.2 Handle bit-vector datatype (HO)
Package: uniquecounter 2016/05/16 v1.3 Provide unlimited unique counter (HO)
)
Package hobsub Info: Skipping package `hobsub' (already loaded).
Package: letltxmacro 2016/05/16 v1.5 Let assignment for LaTeX macros (HO)
Package: hopatch 2016/05/16 v1.3 Wrapper for package hooks (HO)
Package: xcolor-patch 2016/05/16 xcolor patch
Package: atveryend 2016/05/16 v1.9 Hooks at the very end of document (HO)
Package hobsub Info: Skipping package `atbegshi' (already loaded).
Package: refcount 2016/05/16 v3.5 Data extraction from label references (HO)
Package: hycolor 2016/05/16 v1.8 Color options for hyperref/bookmark (HO)
)
("C:\Program Files\MiKTeX 2.9\tex/latex/oberdiek\auxhook.sty"
Package: auxhook 2016/05/16 v1.4 Hooks for auxiliary files (HO)
)
("C:\Program Files\MiKTeX 2.9\tex/latex/oberdiek\kvoptions.sty"
Package: kvoptions 2016/05/16 v3.12 Key value format for package options (HO)
)
\@linkdim=\dimen163
\Hy@linkcounter=\count121
\Hy@pagecounter=\count122

("C:\Program Files\MiKTeX 2.9\tex/latex/hyperref\pd1enc.def"
File: pd1enc.def 2018/11/30 v6.88e Hyperref: PDFDocEncoding definition (HO)
Now handling font encoding PD1 ...
... no UTF-8 mapping file for font encoding PD1
)
\Hy@SavedSpaceFactor=\count123

("C:\Program Files\MiKTeX 2.9\tex/latex/00miktex\hyperref.cfg"
File: hyperref.cfg 2002/06/06 v1.2 hyperref configuration of TeXLive
)
Package hyperref Info: Option `bookmarks' set `true' on input line 4393.
Package hyperref Info: Option `bookmarksopen' set `true' on input line 4393.
Package hyperref Info: Option `implicit' set `false' on input line 4393.
Package hyperref Info: Hyper figures OFF on input line 4519.
Package hyperref Info: Link nesting OFF on input line 4524.
Package hyperref Info: Hyper index ON on input line 4527.
Package hyperref Info: Plain pages OFF on input line 4534.
Package hyperref Info: Backreferencing OFF on input line 4539.
Package hyperref Info: Implicit mode OFF; no redefinition of LaTeX internals.
Package hyperref Info: Bookmarks ON on input line 4772.
\c@Hy@tempcnt=\count124

(C:\Users\Hugo\AppData\Roaming\MiKTeX\2.9\tex/latex/url\url.sty
\Urlmuskip=\muskip10
Package: url 2013/09/16  ver 3.4  Verb mode for urls, etc.
)
LaTeX Info: Redefining \url on input line 5125.
\XeTeXLinkMargin=\dimen164
\Fld@menulength=\count125
\Field@Width=\dimen165
\Fld@charsize=\dimen166
Package hyperref Info: Hyper figures OFF on input line 6380.
Package hyperref Info: Link nesting OFF on input line 6385.
Package hyperref Info: Hyper index ON on input line 6388.
Package hyperref Info: backreferencing OFF on input line 6395.
Package hyperref Info: Link coloring OFF on input line 6400.
Package hyperref Info: Link coloring with OCG OFF on input line 6405.
Package hyperref Info: PDF/A mode OFF on input line 6410.
LaTeX Info: Redefining \ref on input line 6450.
LaTeX Info: Redefining \pageref on input line 6454.
\Hy@abspage=\count126


Package hyperref Message: Stopped early.

)
Package hyperref Info: Driver (autodetected): hpdftex.
 ("C:\Program Files\MiKTeX 2.9\tex/latex/hyperref\hpdftex.def"
File: hpdftex.def 2018/11/30 v6.88e Hyperref driver for pdfTeX
\Fld@listcount=\count127
\c@bookmark@seq@number=\count128

("C:\Program Files\MiKTeX 2.9\tex/latex/oberdiek\rerunfilecheck.sty"
Package: rerunfilecheck 2016/05/16 v1.8 Rerun checks for auxiliary files (HO)
Package uniquecounter Info: New unique counter `rerunfilecheck' on input line 2
82.
))
("C:\Program Files\MiKTeX 2.9\tex/latex/beamer\beamerbaserequires.sty"
("C:\Program Files\MiKTeX 2.9\tex/latex/beamer\beamerbasecompatibility.sty")
("C:\Program Files\MiKTeX 2.9\tex/latex/beamer\beamerbasefont.sty"
("C:\Program Files\MiKTeX 2.9\tex/latex/amsfonts\amssymb.sty"
Package: amssymb 2013/01/14 v3.01 AMS font symbols

("C:\Program Files\MiKTeX 2.9\tex/latex/amsfonts\amsfonts.sty"
Package: amsfonts 2013/01/14 v3.01 Basic AMSFonts support
\@emptytoks=\toks26
\symAMSa=\mathgroup4
\symAMSb=\mathgroup5
LaTeX Font Info:    Overwriting math alphabet `\mathfrak' in version `bold'
(Font)                  U/euf/m/n --> U/euf/b/n on input line 106.
))
(C:\Users\Hugo\AppData\Roaming\MiKTeX\2.9\tex/latex/sansmathaccent\sansmathacce
nt.sty
Package: sansmathaccent 2013/03/28

(C:\Users\Hugo\AppData\Roaming\MiKTeX\2.9\tex/latex/filehook\filehook.sty
Package: filehook 2011/10/12 v0.5d Hooks for input files
)))
("C:\Program Files\MiKTeX 2.9\tex/latex/beamer\beamerbasetranslator.sty"
(C:\Users\Hugo\AppData\Roaming\MiKTeX\2.9\tex/latex/translator\translator.sty
Package: translator 2018/01/04 v1.12 Easy translation of strings in LaTeX
)) ("C:\Program Files\MiKTeX 2.9\tex/latex/beamer\beamerbasemisc.sty")
("C:\Program Files\MiKTeX 2.9\tex/latex/beamer\beamerbasetwoscreens.sty")
("C:\Program Files\MiKTeX 2.9\tex/latex/beamer\beamerbaseoverlay.sty"
\beamer@argscount=\count129
\beamer@lastskipcover=\skip44
\beamer@trivlistdepth=\count130
)
("C:\Program Files\MiKTeX 2.9\tex/latex/beamer\beamerbasetitle.sty")
("C:\Program Files\MiKTeX 2.9\tex/latex/beamer\beamerbasesection.sty"
\c@lecture=\count131
\c@part=\count132
\c@section=\count133
\c@subsection=\count134
\c@subsubsection=\count135
)
("C:\Program Files\MiKTeX 2.9\tex/latex/beamer\beamerbaseframe.sty"
\beamer@framebox=\box41
\beamer@frametitlebox=\box42
\beamer@zoombox=\box43
\beamer@zoomcount=\count136
\beamer@zoomframecount=\count137
\beamer@frametextheight=\dimen167
\c@subsectionslide=\count138
\beamer@frametopskip=\skip45
\beamer@framebottomskip=\skip46
\beamer@frametopskipautobreak=\skip47
\beamer@framebottomskipautobreak=\skip48
\beamer@envbody=\toks27
\framewidth=\dimen168
\c@framenumber=\count139
)
("C:\Program Files\MiKTeX 2.9\tex/latex/beamer\beamerbaseverbatim.sty"
\beamer@verbatimfileout=\write4
)
("C:\Program Files\MiKTeX 2.9\tex/latex/beamer\beamerbaseframesize.sty"
\beamer@splitbox=\box44
\beamer@autobreakcount=\count140
\beamer@autobreaklastheight=\dimen169
\beamer@frametitletoks=\toks28
\beamer@framesubtitletoks=\toks29
)
("C:\Program Files\MiKTeX 2.9\tex/latex/beamer\beamerbaseframecomponents.sty"
\beamer@footins=\box45
)
("C:\Program Files\MiKTeX 2.9\tex/latex/beamer\beamerbasecolor.sty")
("C:\Program Files\MiKTeX 2.9\tex/latex/beamer\beamerbasenotes.sty"
\beamer@frameboxcopy=\box46
)
("C:\Program Files\MiKTeX 2.9\tex/latex/beamer\beamerbasetoc.sty")
("C:\Program Files\MiKTeX 2.9\tex/latex/beamer\beamerbasetemplates.sty"
\beamer@sbttoks=\toks30

("C:\Program Files\MiKTeX 2.9\tex/latex/beamer\beamerbaseauxtemplates.sty"
("C:\Program Files\MiKTeX 2.9\tex/latex/beamer\beamerbaseboxes.sty"
\bmb@box=\box47
\bmb@colorbox=\box48
\bmb@boxshadow=\box49
\bmb@boxshadowball=\box50
\bmb@boxshadowballlarge=\box51
\bmb@temp=\dimen170
\bmb@dima=\dimen171
\bmb@dimb=\dimen172
\bmb@prevheight=\dimen173
)
\beamer@blockheadheight=\dimen174
))
("C:\Program Files\MiKTeX 2.9\tex/latex/beamer\beamerbaselocalstructure.sty"
("C:\Program Files\MiKTeX 2.9\tex/latex/tools\enumerate.sty"
Package: enumerate 2015/07/23 v3.00 enumerate extensions (DPC)
\@enLab=\toks31
)
\c@figure=\count141
\c@table=\count142
\abovecaptionskip=\skip49
\belowcaptionskip=\skip50
)
("C:\Program Files\MiKTeX 2.9\tex/latex/beamer\beamerbasenavigation.sty"
\beamer@section@min@dim=\dimen175
)
("C:\Program Files\MiKTeX 2.9\tex/latex/beamer\beamerbasetheorems.sty"
("C:\Program Files\MiKTeX 2.9\tex/latex/amsmath\amsmath.sty"
Package: amsmath 2018/12/01 v2.17b AMS math features
\@mathmargin=\skip51

For additional information on amsmath, use the `?' option.
("C:\Program Files\MiKTeX 2.9\tex/latex/amsmath\amstext.sty"
Package: amstext 2000/06/29 v2.01 AMS text

("C:\Program Files\MiKTeX 2.9\tex/latex/amsmath\amsgen.sty"
File: amsgen.sty 1999/11/30 v2.0 generic functions
\@emptytoks=\toks32
\ex@=\dimen176
))
("C:\Program Files\MiKTeX 2.9\tex/latex/amsmath\amsbsy.sty"
Package: amsbsy 1999/11/29 v1.2d Bold Symbols
\pmbraise@=\dimen177
)
("C:\Program Files\MiKTeX 2.9\tex/latex/amsmath\amsopn.sty"
Package: amsopn 2016/03/08 v2.02 operator names
)
\inf@bad=\count143
LaTeX Info: Redefining \frac on input line 223.
\uproot@=\count144
\leftroot@=\count145
LaTeX Info: Redefining \overline on input line 385.
\classnum@=\count146
\DOTSCASE@=\count147
LaTeX Info: Redefining \ldots on input line 482.
LaTeX Info: Redefining \dots on input line 485.
LaTeX Info: Redefining \cdots on input line 606.
\Mathstrutbox@=\box52
\strutbox@=\box53
\big@size=\dimen178
LaTeX Font Info:    Redeclaring font encoding OML on input line 729.
LaTeX Font Info:    Redeclaring font encoding OMS on input line 730.
\macc@depth=\count148
\c@MaxMatrixCols=\count149
\dotsspace@=\muskip11
\c@parentequation=\count150
\dspbrk@lvl=\count151
\tag@help=\toks33
\row@=\count152
\column@=\count153
\maxfields@=\count154
\andhelp@=\toks34
\eqnshift@=\dimen179
\alignsep@=\dimen180
\tagshift@=\dimen181
\tagwidth@=\dimen182
\totwidth@=\dimen183
\lineht@=\dimen184
\@envbody=\toks35
\multlinegap=\skip52
\multlinetaggap=\skip53
\mathdisplay@stack=\toks36
LaTeX Info: Redefining \[ on input line 2844.
LaTeX Info: Redefining \] on input line 2845.
)
("C:\Program Files\MiKTeX 2.9\tex/latex/amscls\amsthm.sty"
Package: amsthm 2017/10/31 v2.20.4
\thm@style=\toks37
\thm@bodyfont=\toks38
\thm@headfont=\toks39
\thm@notefont=\toks40
\thm@headpunct=\toks41
\thm@preskip=\skip54
\thm@postskip=\skip55
\thm@headsep=\skip56
\dth@everypar=\toks42
)
\c@theorem=\count155
)
("C:\Program Files\MiKTeX 2.9\tex/latex/beamer\beamerbasethemes.sty"))
("C:\Program Files\MiKTeX 2.9\tex/latex/beamer\beamerthemedefault.sty"
("C:\Program Files\MiKTeX 2.9\tex/latex/beamer\beamerfontthemedefault.sty")
("C:\Program Files\MiKTeX 2.9\tex/latex/beamer\beamercolorthemedefault.sty")
("C:\Program Files\MiKTeX 2.9\tex/latex/beamer\beamerinnerthemedefault.sty"
\beamer@dima=\dimen185
\beamer@dimb=\dimen186
)
("C:\Program Files\MiKTeX 2.9\tex/latex/beamer\beamerouterthemedefault.sty")))
(aulas-beamer-preamble.tex
("C:\Program Files\MiKTeX 2.9\tex/latex/beamer\beamerthemeWarsaw.sty"
("C:\Program Files\MiKTeX 2.9\tex/latex/beamer\beamerinnerthemerounded.sty")
("C:\Program Files\MiKTeX 2.9\tex/latex/beamer\beamerouterthemeshadow.sty"
("C:\Program Files\MiKTeX 2.9\tex/latex/beamer\beamerouterthemesplit.sty"))
("C:\Program Files\MiKTeX 2.9\tex/latex/beamer\beamercolorthemeorchid.sty")
("C:\Program Files\MiKTeX 2.9\tex/latex/beamer\beamercolorthemewhale.sty"))
("C:\Program Files\MiKTeX 2.9\tex/generic/babel\babel.sty"
Package: babel 2018/11/13 3.27 The Babel package

("C:\Program Files\MiKTeX 2.9\tex/generic/babel\switch.def"
File: switch.def 2018/11/13 3.27 Babel switching mechanism
)
*************************************
* Local config file bblopts.cfg used
*
(C:\Users\Hugo\AppData\Roaming\MiKTeX\2.9\tex/latex/arabi\bblopts.cfg
File: bblopts.cfg 2005/09/08 v0.1 add Arabic and Farsi to "declared" options of
 babel
)
(C:\Users\Hugo\AppData\Roaming\MiKTeX\2.9\tex/latex/babel-portuges\portuges.ldf
Language: portuges 2008/03/18 v1.2q Portuguese support from the babel system
("C:\Program Files\MiKTeX 2.9\tex/generic/babel\babel.def"
File: babel.def 2018/11/13 3.27 Babel common definitions
\babel@savecnt=\count156
\U@D=\dimen187

("C:\Program Files\MiKTeX 2.9\tex/generic/babel\txtbabel.def")
LaTeX Info: Redefining \textlatin on input line 2003.
\bbl@dirlevel=\count157
)
\l@brazil = a dialect from \language\l@portuges 
Package babel Info: Making " an active character on input line 145.
))
("C:\Program Files\MiKTeX 2.9\tex/latex/base\inputenc.sty"
Package: inputenc 2018/08/11 v1.3c Input encoding file
\inpenc@prehook=\toks43
\inpenc@posthook=\toks44
)
("C:\Program Files\MiKTeX 2.9\tex/latex/psnfss\times.sty"
Package: times 2005/04/12 PSNFSS-v9.2a (SPQR) 
)
("C:\Program Files\MiKTeX 2.9\tex/latex/base\fontenc.sty"
Package: fontenc 2018/08/11 v2.0j Standard LaTeX package

("C:\Program Files\MiKTeX 2.9\tex/latex/base\t1enc.def"
File: t1enc.def 2018/08/11 v2.0j Standard LaTeX file
LaTeX Font Info:    Redeclaring font encoding T1 on input line 48.
))
("C:\Program Files\MiKTeX 2.9\tex/latex/graphics\epsfig.sty"
Package: epsfig 2017/06/25 v1.7b (e)psfig emulation (SPQR)
\epsfxsize=\dimen188
\epsfysize=\dimen189
)
(C:\Users\Hugo\AppData\Roaming\MiKTeX\2.9\tex/latex/listings\listings.sty
\lst@mode=\count158
\lst@gtempboxa=\box54
\lst@token=\toks45
\lst@length=\count159
\lst@currlwidth=\dimen190
\lst@column=\count160
\lst@pos=\count161
\lst@lostspace=\dimen191
\lst@width=\dimen192
\lst@newlines=\count162
\lst@lineno=\count163
\lst@maxwidth=\dimen193

(C:\Users\Hugo\AppData\Roaming\MiKTeX\2.9\tex/latex/listings\lstmisc.sty
File: lstmisc.sty 2018/09/02 1.7 (Carsten Heinz)
\c@lstnumber=\count164
\lst@skipnumbers=\count165
\lst@framebox=\box55
)
(C:\Users\Hugo\AppData\Roaming\MiKTeX\2.9\tex/latex/listings\listings.cfg
File: listings.cfg 2018/09/02 1.7 listings configuration
))
Package: listings 2018/09/02 1.7 (Carsten Heinz)

("C:\Program Files\MiKTeX 2.9\tex/latex/multirow\multirow.sty"
Package: multirow 2019/01/01 v2.4 Span multiple rows of a table
\multirow@colwidth=\skip57
\multirow@cntb=\count166
\multirow@dima=\skip58
\bigstrutjot=\dimen194
)
(C:\Users\Hugo\AppData\Roaming\MiKTeX\2.9\tex/latex/pgf/frontendlayer\tikz.sty
(C:\Users\Hugo\AppData\Roaming\MiKTeX\2.9\tex/latex/pgf/basiclayer\pgf.sty
Package: pgf 2019/01/05 v3.1 (3.1)

(C:\Users\Hugo\AppData\Roaming\MiKTeX\2.9\tex/generic/pgf/modules\pgfmoduleshap
es.code.tex
File: pgfmoduleshapes.code.tex 2019/01/05 v3.1 (3.1)
\pgfnodeparttextbox=\box56
)
(C:\Users\Hugo\AppData\Roaming\MiKTeX\2.9\tex/generic/pgf/modules\pgfmoduleplot
.code.tex
File: pgfmoduleplot.code.tex 2019/01/05 v3.1 (3.1)
)
(C:\Users\Hugo\AppData\Roaming\MiKTeX\2.9\tex/latex/pgf/compatibility\pgfcomp-v
ersion-0-65.sty
Package: pgfcomp-version-0-65 2019/01/05 v3.1 (3.1)
\pgf@nodesepstart=\dimen195
\pgf@nodesepend=\dimen196
)
(C:\Users\Hugo\AppData\Roaming\MiKTeX\2.9\tex/latex/pgf/compatibility\pgfcomp-v
ersion-1-18.sty
Package: pgfcomp-version-1-18 2019/01/05 v3.1 (3.1)
))
(C:\Users\Hugo\AppData\Roaming\MiKTeX\2.9\tex/latex/pgf/utilities\pgffor.sty
(C:\Users\Hugo\AppData\Roaming\MiKTeX\2.9\tex/latex/pgf/utilities\pgfkeys.sty
(C:\Users\Hugo\AppData\Roaming\MiKTeX\2.9\tex/generic/pgf/utilities\pgfkeys.cod
e.tex))
(C:\Users\Hugo\AppData\Roaming\MiKTeX\2.9\tex/latex/pgf/math\pgfmath.sty
(C:\Users\Hugo\AppData\Roaming\MiKTeX\2.9\tex/generic/pgf/math\pgfmath.code.tex
))
(C:\Users\Hugo\AppData\Roaming\MiKTeX\2.9\tex/generic/pgf/utilities\pgffor.code
.tex
Package: pgffor 2019/01/05 v3.1 (3.1)

(C:\Users\Hugo\AppData\Roaming\MiKTeX\2.9\tex/generic/pgf/math\pgfmath.code.tex
)
\pgffor@iter=\dimen197
\pgffor@skip=\dimen198
\pgffor@stack=\toks46
\pgffor@toks=\toks47
))
(C:\Users\Hugo\AppData\Roaming\MiKTeX\2.9\tex/generic/pgf/frontendlayer/tikz\ti
kz.code.tex
Package: tikz 2019/01/05 v3.1 (3.1)

(C:\Users\Hugo\AppData\Roaming\MiKTeX\2.9\tex/generic/pgf/libraries\pgflibraryp
lothandlers.code.tex
File: pgflibraryplothandlers.code.tex 2019/01/05 v3.1 (3.1)
\pgf@plot@mark@count=\count167
\pgfplotmarksize=\dimen199
)
\tikz@lastx=\dimen256
\tikz@lasty=\dimen257
\tikz@lastxsaved=\dimen258
\tikz@lastysaved=\dimen259
\tikzleveldistance=\dimen260
\tikzsiblingdistance=\dimen261
\tikz@figbox=\box57
\tikz@figbox@bg=\box58
\tikz@tempbox=\box59
\tikz@tempbox@bg=\box60
\tikztreelevel=\count168
\tikznumberofchildren=\count169
\tikznumberofcurrentchild=\count170
\tikz@fig@count=\count171

(C:\Users\Hugo\AppData\Roaming\MiKTeX\2.9\tex/generic/pgf/modules\pgfmodulematr
ix.code.tex
File: pgfmodulematrix.code.tex 2019/01/05 v3.1 (3.1)
\pgfmatrixcurrentrow=\count172
\pgfmatrixcurrentcolumn=\count173
\pgf@matrix@numberofcolumns=\count174
)
\tikz@expandcount=\count175

(C:\Users\Hugo\AppData\Roaming\MiKTeX\2.9\tex/generic/pgf/frontendlayer/tikz/li
braries\tikzlibrarytopaths.code.tex
File: tikzlibrarytopaths.code.tex 2019/01/05 v3.1 (3.1)
)))
(C:\Users\Hugo\AppData\Roaming\MiKTeX\2.9\tex/latex/textpos\textpos.sty
Package: textpos 2016/06/07 v1.8

Package: textpos 2016/06/07 1.8, absolute positioning of text on the page
\TP@textbox=\box61
\TPHorizModule=\dimen262
\TPVertModule=\dimen263
\TP@margin=\dimen264
\TP@absmargin=\dimen265
Grid set 16 x 16 = 22.7622pt x 17.07166pt
\TPboxrulesize=\dimen266
\TP@tbargs=\toks48
\TP@prevdepth=\dimen267
) (C:\Users\Hugo\AppData\Roaming\MiKTeX\2.9\tex/latex/framed\framed.sty
Package: framed 2011/10/22 v 0.96: framed or shaded text with page breaks
\OuterFrameSep=\skip59
\fb@frw=\dimen268
\fb@frh=\dimen269
\FrameRule=\dimen270
\FrameSep=\dimen271
)
("C:\Program Files\MiKTeX 2.9\tex/latex/tools\multicol.sty"
Package: multicol 2018/12/27 v1.8v multicolumn formatting (FMi)
\c@tracingmulticols=\count176
\mult@box=\box62
\multicol@leftmargin=\dimen272
\c@unbalance=\count177
\c@collectmore=\count178
\doublecol@number=\count179
\multicoltolerance=\count180
\multicolpretolerance=\count181
\full@width=\dimen273
\page@free=\dimen274
\premulticols=\dimen275
\postmulticols=\dimen276
\multicolsep=\skip60
\multicolbaselineskip=\skip61
\partial@page=\box63
\last@line=\box64
\maxbalancingoverflow=\dimen277
\mult@rightbox=\box65
\mult@grightbox=\box66
\mult@gfirstbox=\box67
\mult@firstbox=\box68
\@tempa=\box69
\@tempa=\box70
\@tempa=\box71
\@tempa=\box72
\@tempa=\box73
\@tempa=\box74
\@tempa=\box75
\@tempa=\box76
\@tempa=\box77
\@tempa=\box78
\@tempa=\box79
\@tempa=\box80
\@tempa=\box81
\@tempa=\box82
\@tempa=\box83
\@tempa=\box84
\@tempa=\box85
\c@columnbadness=\count182
\c@finalcolumnbadness=\count183
\last@try=\dimen278
\multicolovershoot=\dimen279
\multicolundershoot=\dimen280
\mult@nat@firstbox=\box86
\colbreak@box=\box87
\mc@col@check@num=\count184
)
(C:\Users\Hugo\AppData\Roaming\MiKTeX\2.9\tex/latex/wrapfig\wrapfig.sty
\wrapoverhang=\dimen281
\WF@size=\dimen282
\c@WF@wrappedlines=\count185
\WF@box=\box88
\WF@everypar=\toks49
Package: wrapfig 2003/01/31  v 3.6
)
("C:\Program Files\MiKTeX 2.9\tex/latex/tools\array.sty"
Package: array 2018/12/30 v2.4k Tabular extension package (FMi)
\col@sep=\dimen283
\ar@mcellbox=\box89
\extrarowheight=\dimen284
\NC@list=\toks50
\extratabsurround=\skip62
\backup@length=\skip63
\ar@cellbox=\box90
)
(C:\Users\Hugo\AppData\Roaming\MiKTeX\2.9\tex/latex/booktabs\booktabs.sty
Package: booktabs 2005/04/14 v1.61803 publication quality tables
\heavyrulewidth=\dimen285
\lightrulewidth=\dimen286
\cmidrulewidth=\dimen287
\belowrulesep=\dimen288
\belowbottomsep=\dimen289
\aboverulesep=\dimen290
\abovetopsep=\dimen291
\cmidrulesep=\dimen292
\cmidrulekern=\dimen293
\defaultaddspace=\dimen294
\@cmidla=\count186
\@cmidlb=\count187
\@aboverulesep=\dimen295
\@belowrulesep=\dimen296
\@thisruleclass=\count188
\@lastruleclass=\count189
\@thisrulewidth=\dimen297
)
("C:\Program Files\MiKTeX 2.9\tex/latex/tools\verbatim.sty"
Package: verbatim 2014/10/28 v1.5q LaTeX2e package for verbatim enhancements
\every@verbatim=\toks51
\verbatim@line=\toks52
\verbatim@in@stream=\read2
)
("C:\Program Files\MiKTeX 2.9\tex/latex/tikz-uml\tikz-uml.sty"
Package: tikz-uml 2011/01/26

("C:\Program Files\MiKTeX 2.9\tex/latex/base\ifthen.sty"
Package: ifthen 2014/09/29 v1.1c Standard LaTeX ifthen package (DPC)
)
(C:\Users\Hugo\AppData\Roaming\MiKTeX\2.9\tex/latex/xstring\xstring.sty
(C:\Users\Hugo\AppData\Roaming\MiKTeX\2.9\tex/generic/xstring\xstring.tex
\integerpart=\count190
\decimalpart=\count191
)
Package: xstring 2019/02/06 v1.83 String manipulations (CT)
)
("C:\Program Files\MiKTeX 2.9\tex/latex/tools\calc.sty"
Package: calc 2017/05/25 v4.3 Infix arithmetic (KKT,FJ)
\calc@Acount=\count192
\calc@Bcount=\count193
\calc@Adimen=\dimen298
\calc@Bdimen=\dimen299
\calc@Askip=\skip64
\calc@Bskip=\skip65
LaTeX Info: Redefining \setlength on input line 80.
LaTeX Info: Redefining \addtolength on input line 81.
\calc@Ccount=\count194
\calc@Cskip=\skip66
)
(C:\Users\Hugo\AppData\Roaming\MiKTeX\2.9\tex/latex/pgfopts\pgfopts.sty
Package: pgfopts 2014/07/10 v2.1a LaTeX package options with pgfkeys
\pgfopts@list@add@a@toks=\toks53
\pgfopts@list@add@b@toks=\toks54
)
(C:\Users\Hugo\AppData\Roaming\MiKTeX\2.9\tex/generic/pgf/frontendlayer/tikz/li
braries\tikzlibrarybackgrounds.code.tex
File: tikzlibrarybackgrounds.code.tex 2019/01/05 v3.1 (3.1)
\pgf@layerbox@background=\box91
\pgf@layerboxsaved@background=\box92
)
(C:\Users\Hugo\AppData\Roaming\MiKTeX\2.9\tex/generic/pgf/frontendlayer/tikz/li
braries\tikzlibraryarrows.code.tex
File: tikzlibraryarrows.code.tex 2019/01/05 v3.1 (3.1)

(C:\Users\Hugo\AppData\Roaming\MiKTeX\2.9\tex/generic/pgf/libraries\pgflibrarya
rrows.code.tex
File: pgflibraryarrows.code.tex 2019/01/05 v3.1 (3.1)
\arrowsize=\dimen300
))
(C:\Users\Hugo\AppData\Roaming\MiKTeX\2.9\tex/generic/pgf/frontendlayer/tikz/li
braries\tikzlibraryshapes.code.tex
File: tikzlibraryshapes.code.tex 2019/01/05 v3.1 (3.1)

(C:\Users\Hugo\AppData\Roaming\MiKTeX\2.9\tex/generic/pgf/frontendlayer/tikz/li
braries\tikzlibraryshapes.geometric.code.tex
File: tikzlibraryshapes.geometric.code.tex 2019/01/05 v3.1 (3.1)

(C:\Users\Hugo\AppData\Roaming\MiKTeX\2.9\tex/generic/pgf/libraries/shapes\pgfl
ibraryshapes.geometric.code.tex
File: pgflibraryshapes.geometric.code.tex 2019/01/05 v3.1 (3.1)
))
(C:\Users\Hugo\AppData\Roaming\MiKTeX\2.9\tex/generic/pgf/frontendlayer/tikz/li
braries\tikzlibraryshapes.misc.code.tex
File: tikzlibraryshapes.misc.code.tex 2019/01/05 v3.1 (3.1)

(C:\Users\Hugo\AppData\Roaming\MiKTeX\2.9\tex/generic/pgf/libraries/shapes\pgfl
ibraryshapes.misc.code.tex
File: pgflibraryshapes.misc.code.tex 2019/01/05 v3.1 (3.1)
))
(C:\Users\Hugo\AppData\Roaming\MiKTeX\2.9\tex/generic/pgf/frontendlayer/tikz/li
braries\tikzlibraryshapes.symbols.code.tex
File: tikzlibraryshapes.symbols.code.tex 2019/01/05 v3.1 (3.1)

(C:\Users\Hugo\AppData\Roaming\MiKTeX\2.9\tex/generic/pgf/libraries/shapes\pgfl
ibraryshapes.symbols.code.tex
File: pgflibraryshapes.symbols.code.tex 2019/01/05 v3.1 (3.1)
))
(C:\Users\Hugo\AppData\Roaming\MiKTeX\2.9\tex/generic/pgf/frontendlayer/tikz/li
braries\tikzlibraryshapes.arrows.code.tex
File: tikzlibraryshapes.arrows.code.tex 2019/01/05 v3.1 (3.1)

(C:\Users\Hugo\AppData\Roaming\MiKTeX\2.9\tex/generic/pgf/libraries/shapes\pgfl
ibraryshapes.arrows.code.tex
File: pgflibraryshapes.arrows.code.tex 2019/01/05 v3.1 (3.1)
))
(C:\Users\Hugo\AppData\Roaming\MiKTeX\2.9\tex/generic/pgf/frontendlayer/tikz/li
braries\tikzlibraryshapes.callouts.code.tex
(C:\Users\Hugo\AppData\Roaming\MiKTeX\2.9\tex/generic/pgf/libraries/shapes\pgfl
ibraryshapes.callouts.code.tex))
(C:\Users\Hugo\AppData\Roaming\MiKTeX\2.9\tex/generic/pgf/frontendlayer/tikz/li
braries\tikzlibraryshapes.multipart.code.tex
File: tikzlibraryshapes.multipart.code.tex 2019/01/05 v3.1 (3.1)

(C:\Users\Hugo\AppData\Roaming\MiKTeX\2.9\tex/generic/pgf/libraries/shapes\pgfl
ibraryshapes.multipart.code.tex
File: pgflibraryshapes.multipart.code.tex 2019/01/05 v3.1 (3.1)
\pgfnodepartlowerbox=\box93
\pgfnodeparttwobox=\box94
\pgfnodepartthreebox=\box95
\pgfnodepartfourbox=\box96
\pgfnodeparttwentybox=\box97
\pgfnodepartnineteenbox=\box98
\pgfnodeparteighteenbox=\box99
\pgfnodepartseventeenbox=\box100
\pgfnodepartsixteenbox=\box101
\pgfnodepartfifteenbox=\box102
\pgfnodepartfourteenbox=\box103
\pgfnodepartthirteenbox=\box104
\pgfnodeparttwelvebox=\box105
\pgfnodepartelevenbox=\box106
\pgfnodeparttenbox=\box107
\pgfnodepartninebox=\box108
\pgfnodeparteightbox=\box109
\pgfnodepartsevenbox=\box110
\pgfnodepartsixbox=\box111
\pgfnodepartfivebox=\box112
)))
(C:\Users\Hugo\AppData\Roaming\MiKTeX\2.9\tex/generic/pgf/frontendlayer/tikz/li
braries\tikzlibraryfit.code.tex
File: tikzlibraryfit.code.tex 2019/01/05 v3.1 (3.1)
)
(C:\Users\Hugo\AppData\Roaming\MiKTeX\2.9\tex/generic/pgf/frontendlayer/tikz/li
braries\tikzlibraryshadows.code.tex
File: tikzlibraryshadows.code.tex 2019/01/05 v3.1 (3.1)

(C:\Users\Hugo\AppData\Roaming\MiKTeX\2.9\tex/generic/pgf/frontendlayer/tikz/li
braries\tikzlibraryfadings.code.tex
File: tikzlibraryfadings.code.tex 2019/01/05 v3.1 (3.1)

(C:\Users\Hugo\AppData\Roaming\MiKTeX\2.9\tex/generic/pgf/libraries\pgflibraryf
adings.code.tex
File: pgflibraryfadings.code.tex 2019/01/05 v3.1 (3.1)
)))
(C:\Users\Hugo\AppData\Roaming\MiKTeX\2.9\tex/generic/pgf/frontendlayer/tikz/li
braries\tikzlibrarydecorations.markings.code.tex
(C:\Users\Hugo\AppData\Roaming\MiKTeX\2.9\tex/generic/pgf/frontendlayer/tikz/li
braries\tikzlibrarydecorations.code.tex
(C:\Users\Hugo\AppData\Roaming\MiKTeX\2.9\tex/generic/pgf/modules\pgfmoduledeco
rations.code.tex
\pgfdecoratedcompleteddistance=\dimen301
\pgfdecoratedremainingdistance=\dimen302
\pgfdecoratedinputsegmentcompleteddistance=\dimen303
\pgfdecoratedinputsegmentremainingdistance=\dimen304
\pgf@decorate@distancetomove=\dimen305
\pgf@decorate@repeatstate=\count195
\pgfdecorationsegmentamplitude=\dimen306
\pgfdecorationsegmentlength=\dimen307
)
\tikz@lib@dec@box=\box113
)
(C:\Users\Hugo\AppData\Roaming\MiKTeX\2.9\tex/generic/pgf/libraries/decorations
\pgflibrarydecorations.markings.code.tex))
\c@tikzumlPackageLayers=\count196
\pgf@layerbox@package0=\box114
\pgf@layerboxsaved@package0=\box115
\pgf@layerbox@package1=\box116
\pgf@layerboxsaved@package1=\box117
\pgf@layerbox@package2=\box118
\pgf@layerboxsaved@package2=\box119
\pgf@layerbox@package3=\box120
\pgf@layerboxsaved@package3=\box121
\c@tikzumlFragmentLayers=\count197
\pgf@layerbox@fragment0=\box122
\pgf@layerboxsaved@fragment0=\box123
\pgf@layerbox@fragment1=\box124
\pgf@layerboxsaved@fragment1=\box125
\pgf@layerbox@fragment2=\box126
\pgf@layerboxsaved@fragment2=\box127
\pgf@layerbox@fragment3=\box128
\pgf@layerboxsaved@fragment3=\box129
\c@tikzumlStateLayers=\count198
\pgf@layerbox@state0=\box130
\pgf@layerboxsaved@state0=\box131
\pgf@layerbox@state1=\box132
\pgf@layerboxsaved@state1=\box133
\pgf@layerbox@state2=\box134
\pgf@layerboxsaved@state2=\box135
\pgf@layerbox@state3=\box136
\pgf@layerboxsaved@state3=\box137
\c@tikzumlComponentLayers=\count199
\pgf@layerbox@component0=\box138
\pgf@layerboxsaved@component0=\box139
\pgf@layerbox@component1=\box140
\pgf@layerboxsaved@component1=\box141
\pgf@layerbox@component2=\box142
\pgf@layerboxsaved@component2=\box143
\pgf@layerbox@component3=\box144
\pgf@layerboxsaved@component3=\box145
\pgf@layerbox@lifelines=\box146
\pgf@layerboxsaved@lifelines=\box147
\pgf@layerbox@activity=\box148
\pgf@layerboxsaved@activity=\box149
\pgf@layerbox@connections=\box150
\pgf@layerboxsaved@connections=\box151
\c@tikzumlPackageClassNum=\count266
\c@tikzumlPackageSubPackageNum=\count267
\c@tikzumlRelationNum=\count268
\c@tikzumlNoteNum=\count269
\c@pos=\count270
\c@posT=\count271
\c@posStereo=\count272
\c@tikzumlPackageLevel=\count273
\tikzumlNestingSymbolSize=\dimen308
\c@tikzumlSystemUseCaseNum=\count274
\c@tikzumlSystemLevel=\count275
\c@tikzumlUseCaseNum=\count276
\c@tikzumlActorNum=\count277
\c@tikzumlStateJoinNum=\count278
\c@tikzumlStateDecisionNum=\count279
\c@tikzumlStateInitialNum=\count280
\c@tikzumlStateFinalNum=\count281
\c@tikzumlStateEnterNum=\count282
\c@tikzumlStateExitNum=\count283
\c@tikzumlStateEndNum=\count284
\c@tikzumlStateHistoryNum=\count285
\c@tikzumlStateDeepHistoryNum=\count286
\c@tikzumlStateLevel=\count287
\c@tikzumlStateSubStateNum=\count288
\c@tikzumlStateText=\count289
\c@tikzumlObjectNum=\count290
\c@tikzumlCallLevel=\count291
\c@tikzumlCallNum=\count292
\c@tikzumlFragmentLevel=\count293
\c@tikzumlFragmentLevelNum=\count294
\c@tikzumlFragmentNum=\count295
\c@tikzumlFragmentPartNum=\count296
\c@tikzumlCallStartFragmentNum=\count297
\c@tikzumlCallEndFragmentNum=\count298
\c@tikzumlSDNodeNum=\count299
\tikzumlCall@xa=\skip67
\tikzumlCall@xb=\skip68
\c@tikzumlComponentLevel=\count300
\c@tikzumlComponentSubComponentNum=\count301
\c@tikzumlConnectorNum=\count302
\tikzuml@AC@xa=\skip69
\tikzuml@AC@ya=\skip70
\tikzuml@AC@xb=\skip71
\tikzuml@AC@yb=\skip72
\tikzuml@AC@xi=\skip73
\tikzuml@AC@yi=\skip74
\tikzuml@AC@xic=\skip75
\tikzuml@AC@yic=\skip76
\tikzuml@AC@xio=\skip77
\tikzuml@AC@yio=\skip78
\tikzuml@AC@AB=\skip79
\tikzuml@AC@lambda=\skip80
\tikzuml@AC@xtrc=\skip81
\tikzuml@AC@ytrc=\skip82
\tikzuml@AC@xtlc=\skip83
\tikzuml@AC@ytlc=\skip84
\tikzuml@AC@xblc=\skip85
\tikzuml@AC@yblc=\skip86
\tikzuml@AC@xbrc=\skip87
\tikzuml@AC@ybrc=\skip88
\tikzuml@AC@middleArm=\skip89
))
(C:\Users\Hugo\AppData\Roaming\MiKTeX\2.9\tex/latex/listings\lstlang1.sty
File: lstlang1.sty 2018/09/02 1.7 listings language file
)
(programacao-modular-04-TDD.aux)
\openout1 = `programacao-modular-04-TDD.aux'.

LaTeX Font Info:    Checking defaults for OML/cmm/m/it on input line 28.
LaTeX Font Info:    ... okay on input line 28.
LaTeX Font Info:    Checking defaults for T1/cmr/m/n on input line 28.
LaTeX Font Info:    ... okay on input line 28.
LaTeX Font Info:    Checking defaults for OT1/cmr/m/n on input line 28.
LaTeX Font Info:    ... okay on input line 28.
LaTeX Font Info:    Checking defaults for OMS/cmsy/m/n on input line 28.
LaTeX Font Info:    ... okay on input line 28.
LaTeX Font Info:    Checking defaults for OMX/cmex/m/n on input line 28.
LaTeX Font Info:    ... okay on input line 28.
LaTeX Font Info:    Checking defaults for U/cmr/m/n on input line 28.
LaTeX Font Info:    ... okay on input line 28.
LaTeX Font Info:    Checking defaults for PD1/pdf/m/n on input line 28.
LaTeX Font Info:    ... okay on input line 28.
LaTeX Font Info:    Try loading font information for T1+phv on input line 28.

("C:\Program Files\MiKTeX 2.9\tex/latex/psnfss\t1phv.fd"
File: t1phv.fd 2001/06/04 scalable font definitions for T1/phv.
)
*geometry* driver: auto-detecting
*geometry* detected driver: pdftex
*geometry* verbose mode - [ preamble ] result:
* driver: pdftex
* paper: custom
* layout: <same size as paper>
* layoutoffset:(h,v)=(0.0pt,0.0pt)
* modes: includehead includefoot 
* h-part:(L,W,R)=(28.45274pt, 307.28987pt, 28.45274pt)
* v-part:(T,H,B)=(0.0pt, 273.14662pt, 0.0pt)
* \paperwidth=364.19536pt
* \paperheight=273.14662pt
* \textwidth=307.28987pt
* \textheight=244.6939pt
* \oddsidemargin=-43.81725pt
* \evensidemargin=-43.81725pt
* \topmargin=-72.26999pt
* \headheight=14.22636pt
* \headsep=0.0pt
* \topskip=11.0pt
* \footskip=14.22636pt
* \marginparwidth=4.0pt
* \marginparsep=10.0pt
* \columnsep=10.0pt
* \skip\footins=10.0pt plus 4.0pt minus 2.0pt
* \hoffset=0.0pt
* \voffset=0.0pt
* \mag=1000
* \@twocolumnfalse
* \@twosidefalse
* \@mparswitchfalse
* \@reversemarginfalse
* (1in=72.27pt=25.4mm, 1cm=28.453pt)

(C:\Users\Hugo\AppData\Roaming\MiKTeX\2.9\tex/context/base\supp-pdf.mkii
[Loading MPS to PDF converter (version 2006.09.02).]
\scratchcounter=\count303
\scratchdimen=\dimen309
\scratchbox=\box152
\nofMPsegments=\count304
\nofMParguments=\count305
\everyMPshowfont=\toks55
\MPscratchCnt=\count306
\MPscratchDim=\dimen310
\MPnumerator=\count307
\makeMPintoPDFobject=\count308
\everyMPtoPDFconversion=\toks56
) ("C:\Program Files\MiKTeX 2.9\tex/latex/oberdiek\epstopdf-base.sty"
Package: epstopdf-base 2016/05/15 v2.6 Base part for package epstopdf

("C:\Program Files\MiKTeX 2.9\tex/latex/oberdiek\grfext.sty"
Package: grfext 2016/05/16 v1.2 Manage graphics extensions (HO)
)
Package epstopdf-base Info: Redefining graphics rule for `.eps' on input line 4
38.
Package grfext Info: Graphics extension search list:
(grfext)             [.pdf,.png,.jpg,.mps,.jpeg,.jbig2,.jb2,.PDF,.PNG,.JPG,.JPE
G,.JBIG2,.JB2,.eps]
(grfext)             \AppendGraphicsExtensions on input line 456.
)
ABD: EveryShipout initializing macros
\AtBeginShipoutBox=\box153
Package hyperref Info: Link coloring OFF on input line 28.

("C:\Program Files\MiKTeX 2.9\tex/latex/hyperref\nameref.sty"
Package: nameref 2016/05/21 v2.44 Cross-referencing by name of section

("C:\Program Files\MiKTeX 2.9\tex/generic/oberdiek\gettitlestring.sty"
Package: gettitlestring 2016/05/16 v1.5 Cleanup title references (HO)
)
\c@section@level=\count309
)
LaTeX Info: Redefining \ref on input line 28.
LaTeX Info: Redefining \pageref on input line 28.
LaTeX Info: Redefining \nameref on input line 28.

(programacao-modular-04-TDD.out) (programacao-modular-04-TDD.out)
\@outlinefile=\write5
\openout5 = `programacao-modular-04-TDD.out'.

LaTeX Font Info:    Overwriting symbol font `operators' in version `normal'
(Font)                  OT1/cmr/m/n --> OT1/cmss/m/n on input line 28.
LaTeX Font Info:    Overwriting symbol font `operators' in version `bold'
(Font)                  OT1/cmr/bx/n --> OT1/cmss/bx/n on input line 28.
\symnumbers=\mathgroup6
\sympureletters=\mathgroup7
LaTeX Font Info:    Overwriting math alphabet `\mathrm' in version `normal'
(Font)                  OT1/cmss/m/n --> T1/ptm/m/n on input line 28.
LaTeX Font Info:    Redeclaring math alphabet \mathbf on input line 28.
LaTeX Font Info:    Overwriting math alphabet `\mathbf' in version `normal'
(Font)                  OT1/cmr/bx/n --> T1/phv/bx/n on input line 28.
LaTeX Font Info:    Overwriting math alphabet `\mathbf' in version `bold'
(Font)                  OT1/cmr/bx/n --> T1/phv/bx/n on input line 28.
LaTeX Font Info:    Redeclaring math alphabet \mathsf on input line 28.
LaTeX Font Info:    Overwriting math alphabet `\mathsf' in version `normal'
(Font)                  OT1/cmss/m/n --> T1/phv/m/n on input line 28.
LaTeX Font Info:    Overwriting math alphabet `\mathsf' in version `bold'
(Font)                  OT1/cmss/bx/n --> T1/phv/m/n on input line 28.
LaTeX Font Info:    Redeclaring math alphabet \mathit on input line 28.
LaTeX Font Info:    Overwriting math alphabet `\mathit' in version `normal'
(Font)                  OT1/cmr/m/it --> T1/phv/m/it on input line 28.
LaTeX Font Info:    Overwriting math alphabet `\mathit' in version `bold'
(Font)                  OT1/cmr/bx/it --> T1/phv/m/it on input line 28.
LaTeX Font Info:    Redeclaring math alphabet \mathtt on input line 28.
LaTeX Font Info:    Overwriting math alphabet `\mathtt' in version `normal'
(Font)                  OT1/cmtt/m/n --> T1/pcr/m/n on input line 28.
LaTeX Font Info:    Overwriting math alphabet `\mathtt' in version `bold'
(Font)                  OT1/cmtt/m/n --> T1/pcr/m/n on input line 28.
LaTeX Font Info:    Overwriting symbol font `numbers' in version `bold'
(Font)                  T1/phv/m/n --> T1/phv/bx/n on input line 28.
LaTeX Font Info:    Overwriting symbol font `pureletters' in version `bold'
(Font)                  T1/phv/m/it --> T1/phv/bx/it on input line 28.
LaTeX Font Info:    Overwriting math alphabet `\mathrm' in version `bold'
(Font)                  OT1/cmss/bx/n --> T1/ptm/bx/n on input line 28.
LaTeX Font Info:    Overwriting math alphabet `\mathbf' in version `bold'
(Font)                  T1/phv/bx/n --> T1/phv/bx/n on input line 28.
LaTeX Font Info:    Overwriting math alphabet `\mathsf' in version `bold'
(Font)                  T1/phv/m/n --> T1/phv/bx/n on input line 28.
LaTeX Font Info:    Overwriting math alphabet `\mathit' in version `bold'
(Font)                  T1/phv/m/it --> T1/phv/bx/it on input line 28.
LaTeX Font Info:    Overwriting math alphabet `\mathtt' in version `bold'
(Font)                  T1/pcr/m/n --> T1/pcr/bx/n on input line 28.

(C:\Users\Hugo\AppData\Roaming\MiKTeX\2.9\tex/latex/translator\translator-basic
-dictionary-English.dict
Dictionary: translator-basic-dictionary, Language: English 
)
(C:\Users\Hugo\AppData\Roaming\MiKTeX\2.9\tex/latex/translator\translator-bibli
ography-dictionary-English.dict
Dictionary: translator-bibliography-dictionary, Language: English 
)
(C:\Users\Hugo\AppData\Roaming\MiKTeX\2.9\tex/latex/translator\translator-envir
onment-dictionary-English.dict
Dictionary: translator-environment-dictionary, Language: English 
)
(C:\Users\Hugo\AppData\Roaming\MiKTeX\2.9\tex/latex/translator\translator-month
s-dictionary-English.dict
Dictionary: translator-months-dictionary, Language: English 
)
(C:\Users\Hugo\AppData\Roaming\MiKTeX\2.9\tex/latex/translator\translator-numbe
rs-dictionary-English.dict
Dictionary: translator-numbers-dictionary, Language: English 
)
(C:\Users\Hugo\AppData\Roaming\MiKTeX\2.9\tex/latex/translator\translator-theor
em-dictionary-English.dict
Dictionary: translator-theorem-dictionary, Language: English 
)
\c@lstlisting=\count310
 (programacao-modular-04-TDD.nav)
LaTeX Font Info:    Font shape `T1/phv/m/it' in size <14.4> not available
(Font)              Font shape `T1/phv/m/sl' tried instead on input line 35.
<puclogo_small_bw.pdf, id=92, 125.0271pt x 119.0046pt>
File: puclogo_small_bw.pdf Graphic file (type pdf)
<use puclogo_small_bw.pdf>
Package pdftex.def Info: puclogo_small_bw.pdf  used on input line 35.
(pdftex.def)             Requested size: 42.67912pt x 40.62262pt.
 [1{C:/Users/Hugo/AppData/Local/MiKTeX/2.9/pdftex/config/pdftex.map}

 <./puclogo_small_bw.pdf>]
(programacao-modular-04-TDD.toc) [2

]
\openout4 = `programacao-modular-04-TDD.vrb'.

 (programacao-modular-04-TDD.vrb
LaTeX Font Info:    Font shape `T1/phv/bx/n' in size <8> not available
(Font)              Font shape `T1/phv/b/n' tried instead on input line 6.
LaTeX Font Info:    Try loading font information for OMS+phv on input line 14.

("C:\Program Files\MiKTeX 2.9\tex/latex/psnfss\omsphv.fd"
File: omsphv.fd 
)
LaTeX Font Info:    Font shape `OMS/phv/m/n' in size <8> not available
(Font)              Font shape `OMS/cmsy/m/n' tried instead on input line 14.
)
File: puclogo_small_bw.pdf Graphic file (type pdf)
<use puclogo_small_bw.pdf>
Package pdftex.def Info: puclogo_small_bw.pdf  used on input line 97.
(pdftex.def)             Requested size: 29.89264pt x 28.45274pt.

Overfull \hbox (1.4399pt too wide) in paragraph at lines 97--97
[][]  
 []


Overfull \vbox (15.78993pt too high) detected at line 97
 []

[3

]
\openout4 = `programacao-modular-04-TDD.vrb'.

 (programacao-modular-04-TDD.vrb)
File: puclogo_small_bw.pdf Graphic file (type pdf)
<use puclogo_small_bw.pdf>
Package pdftex.def Info: puclogo_small_bw.pdf  used on input line 121.
(pdftex.def)             Requested size: 29.89264pt x 28.45274pt.

Overfull \hbox (1.4399pt too wide) in paragraph at lines 121--121
[][]  
 []

[4

]
LaTeX Font Info:    Font shape `T1/phv/m/it' in size <10.95> not available
(Font)              Font shape `T1/phv/m/sl' tried instead on input line 146.
File: puclogo_small_bw.pdf Graphic file (type pdf)
<use puclogo_small_bw.pdf>
Package pdftex.def Info: puclogo_small_bw.pdf  used on input line 146.
(pdftex.def)             Requested size: 29.89264pt x 28.45274pt.

Overfull \hbox (1.4399pt too wide) in paragraph at lines 146--146
[][]  
 []

[5

]
\openout4 = `programacao-modular-04-TDD.vrb'.

 (programacao-modular-04-TDD.vrb)
File: puclogo_small_bw.pdf Graphic file (type pdf)
<use puclogo_small_bw.pdf>
Package pdftex.def Info: puclogo_small_bw.pdf  used on input line 161.
(pdftex.def)             Requested size: 29.89264pt x 28.45274pt.

Overfull \hbox (1.4399pt too wide) in paragraph at lines 161--161
[][]  
 []

[6

]
\openout4 = `programacao-modular-04-TDD.vrb'.

 (programacao-modular-04-TDD.vrb)
File: puclogo_small_bw.pdf Graphic file (type pdf)
<use puclogo_small_bw.pdf>
Package pdftex.def Info: puclogo_small_bw.pdf  used on input line 180.
(pdftex.def)             Requested size: 29.89264pt x 28.45274pt.

Overfull \hbox (1.4399pt too wide) in paragraph at lines 180--180
[][]  
 []

[7

]
\openout4 = `programacao-modular-04-TDD.vrb'.

 (programacao-modular-04-TDD.vrb)
File: puclogo_small_bw.pdf Graphic file (type pdf)
<use puclogo_small_bw.pdf>
Package pdftex.def Info: puclogo_small_bw.pdf  used on input line 195.
(pdftex.def)             Requested size: 29.89264pt x 28.45274pt.

Overfull \hbox (1.4399pt too wide) in paragraph at lines 195--195
[][]  
 []

[8

]
File: puclogo_small_bw.pdf Graphic file (type pdf)
<use puclogo_small_bw.pdf>
Package pdftex.def Info: puclogo_small_bw.pdf  used on input line 214.
(pdftex.def)             Requested size: 29.89264pt x 28.45274pt.

Overfull \hbox (1.4399pt too wide) in paragraph at lines 214--214
[][]  
 []

[9

]

pdfTeX warning: pdflatex.exe (file ./custoTeste.pdf): PDF inclusion: found PDF 
version <1.6>, but at most version <1.5> allowed
<custoTeste.pdf, id=224, 244.03873pt x 158.71898pt>
File: custoTeste.pdf Graphic file (type pdf)
<use custoTeste.pdf>
Package pdftex.def Info: custoTeste.pdf  used on input line 225.
(pdftex.def)             Requested size: 224.32028pt x 145.89726pt.
LaTeX Font Info:    Font shape `T1/phv/m/it' in size <6> not available
(Font)              Font shape `T1/phv/m/sl' tried instead on input line 225.
File: puclogo_small_bw.pdf Graphic file (type pdf)
<use puclogo_small_bw.pdf>
Package pdftex.def Info: puclogo_small_bw.pdf  used on input line 225.
(pdftex.def)             Requested size: 29.89264pt x 28.45274pt.

Overfull \hbox (1.4399pt too wide) in paragraph at lines 225--225
[][]  
 []

[10

 <./custoTeste.pdf>]
File: puclogo_small_bw.pdf Graphic file (type pdf)
<use puclogo_small_bw.pdf>
Package pdftex.def Info: puclogo_small_bw.pdf  used on input line 247.
(pdftex.def)             Requested size: 29.89264pt x 28.45274pt.

Overfull \hbox (1.4399pt too wide) in paragraph at lines 247--247
[][]  
 []

[11

]
File: puclogo_small_bw.pdf Graphic file (type pdf)
<use puclogo_small_bw.pdf>
Package pdftex.def Info: puclogo_small_bw.pdf  used on input line 269.
(pdftex.def)             Requested size: 29.89264pt x 28.45274pt.

Overfull \hbox (1.4399pt too wide) in paragraph at lines 269--269
[][]  
 []

[12

]
File: puclogo_small_bw.pdf Graphic file (type pdf)
<use puclogo_small_bw.pdf>
Package pdftex.def Info: puclogo_small_bw.pdf  used on input line 289.
(pdftex.def)             Requested size: 29.89264pt x 28.45274pt.

Overfull \hbox (1.4399pt too wide) in paragraph at lines 289--289
[][]  
 []

[13

]
LaTeX Font Info:    Try loading font information for U+msa on input line 305.
 ("C:\Program Files\MiKTeX 2.9\tex/latex/amsfonts\umsa.fd"
File: umsa.fd 2013/01/14 v3.01 AMS symbols A
)
LaTeX Font Info:    Try loading font information for U+msb on input line 305.

("C:\Program Files\MiKTeX 2.9\tex/latex/amsfonts\umsb.fd"
File: umsb.fd 2013/01/14 v3.01 AMS symbols B
)
LaTeX Font Info:    Font shape `T1/phv/m/it' in size <8> not available
(Font)              Font shape `T1/phv/m/sl' tried instead on input line 305.
LaTeX Font Info:    Font shape `T1/phv/m/it' in size <9> not available
(Font)              Font shape `T1/phv/m/sl' tried instead on input line 305.
LaTeX Font Info:    Font shape `T1/phv/m/it' in size <5> not available
(Font)              Font shape `T1/phv/m/sl' tried instead on input line 305.
File: puclogo_small_bw.pdf Graphic file (type pdf)
<use puclogo_small_bw.pdf>
Package pdftex.def Info: puclogo_small_bw.pdf  used on input line 305.
(pdftex.def)             Requested size: 29.89264pt x 28.45274pt.

Overfull \hbox (1.4399pt too wide) in paragraph at lines 305--305
[][]  
 []


Overfull \vbox (0.8034pt too high) has occurred while \output is active []


[14

]
LaTeX Font Info:    Font shape `T1/phv/m/it' in size <10> not available
(Font)              Font shape `T1/phv/m/sl' tried instead on input line 320.
File: puclogo_small_bw.pdf Graphic file (type pdf)
<use puclogo_small_bw.pdf>
Package pdftex.def Info: puclogo_small_bw.pdf  used on input line 320.
(pdftex.def)             Requested size: 29.89264pt x 28.45274pt.

Overfull \hbox (1.4399pt too wide) in paragraph at lines 320--320
[][]  
 []


Overfull \vbox (0.8034pt too high) has occurred while \output is active []


[15

]
LaTeX Font Info:    Font shape `T1/phv/bx/n' in size <10.95> not available
(Font)              Font shape `T1/phv/b/n' tried instead on input line 332.
File: puclogo_small_bw.pdf Graphic file (type pdf)
<use puclogo_small_bw.pdf>
Package pdftex.def Info: puclogo_small_bw.pdf  used on input line 332.
(pdftex.def)             Requested size: 29.89264pt x 28.45274pt.

Overfull \hbox (1.4399pt too wide) in paragraph at lines 332--332
[][]  
 []


Overfull \vbox (0.8034pt too high) has occurred while \output is active []


[16

]
LaTeX Font Info:    Try loading font information for T1+pcr on input line 347.
 ("C:\Program Files\MiKTeX 2.9\tex/latex/psnfss\t1pcr.fd"
File: t1pcr.fd 2001/06/04 font definitions for T1/pcr.
)
File: puclogo_small_bw.pdf Graphic file (type pdf)
<use puclogo_small_bw.pdf>
Package pdftex.def Info: puclogo_small_bw.pdf  used on input line 347.
(pdftex.def)             Requested size: 29.89264pt x 28.45274pt.

Overfull \hbox (1.4399pt too wide) in paragraph at lines 347--347
[][]  
 []


Overfull \vbox (0.8034pt too high) has occurred while \output is active []


[17

]
File: puclogo_small_bw.pdf Graphic file (type pdf)
<use puclogo_small_bw.pdf>
Package pdftex.def Info: puclogo_small_bw.pdf  used on input line 357.
(pdftex.def)             Requested size: 29.89264pt x 28.45274pt.

Overfull \hbox (1.4399pt too wide) in paragraph at lines 357--357
[][]  
 []


Overfull \vbox (0.8034pt too high) has occurred while \output is active []


[18

]
File: puclogo_small_bw.pdf Graphic file (type pdf)
<use puclogo_small_bw.pdf>
Package pdftex.def Info: puclogo_small_bw.pdf  used on input line 380.
(pdftex.def)             Requested size: 29.89264pt x 28.45274pt.

Overfull \hbox (1.4399pt too wide) in paragraph at lines 380--380
[][]  
 []


Overfull \vbox (0.8034pt too high) has occurred while \output is active []


[19

]
LaTeX Font Info:    Font shape `T1/phv/m/it' in size <7> not available
(Font)              Font shape `T1/phv/m/sl' tried instead on input line 395.
File: puclogo_small_bw.pdf Graphic file (type pdf)
<use puclogo_small_bw.pdf>
Package pdftex.def Info: puclogo_small_bw.pdf  used on input line 395.
(pdftex.def)             Requested size: 29.89264pt x 28.45274pt.

Overfull \hbox (1.4399pt too wide) in paragraph at lines 395--395
[][]  
 []


Overfull \vbox (0.8034pt too high) has occurred while \output is active []


[20

]
\openout4 = `programacao-modular-04-TDD.vrb'.

 (programacao-modular-04-TDD.vrb
Overfull \hbox (2.8478pt too wide) in paragraph at lines 7--9
[][][][][][][][][] 
 []


Overfull \hbox (3.7914pt too wide) in paragraph at lines 16--17
[][][][][][][][][][][] 
 []

)
File: puclogo_small_bw.pdf Graphic file (type pdf)
<use puclogo_small_bw.pdf>
Package pdftex.def Info: puclogo_small_bw.pdf  used on input line 426.
(pdftex.def)             Requested size: 29.89264pt x 28.45274pt.

Overfull \hbox (1.4399pt too wide) in paragraph at lines 426--426
[][]  
 []


Overfull \vbox (0.8034pt too high) has occurred while \output is active []


[21

]
\openout4 = `programacao-modular-04-TDD.vrb'.

 (programacao-modular-04-TDD.vrb
<falhaConjunto.png, id=396, 499.11469pt x 197.98969pt>
File: falhaConjunto.png Graphic file (type png)
<use falhaConjunto.png>
Package pdftex.def Info: falhaConjunto.png  used on input line 15.
(pdftex.def)             Requested size: 138.2795pt x 54.85063pt.
<passaConjunto.png, id=398, 502.12593pt x 199.49532pt>
File: passaConjunto.png Graphic file (type png)
<use passaConjunto.png>
Package pdftex.def Info: passaConjunto.png  used on input line 30.
(pdftex.def)             Requested size: 138.2795pt x 54.939pt.
)
File: puclogo_small_bw.pdf Graphic file (type pdf)
<use puclogo_small_bw.pdf>
Package pdftex.def Info: puclogo_small_bw.pdf  used on input line 462.
(pdftex.def)             Requested size: 29.89264pt x 28.45274pt.

Overfull \hbox (1.4399pt too wide) in paragraph at lines 462--462
[][]  
 []


Overfull \vbox (0.8034pt too high) has occurred while \output is active []


[22

 <./falhaConjunto.png> <./passaConjunto.png>]
\openout4 = `programacao-modular-04-TDD.vrb'.


(programacao-modular-04-TDD.vrb
LaTeX Font Info:    Font shape `T1/phv/bx/n' in size <6> not available
(Font)              Font shape `T1/phv/b/n' tried instead on input line 7.

Overfull \hbox (9.83456pt too wide) in paragraph at lines 3--36
[][]  
 []

)
File: puclogo_small_bw.pdf Graphic file (type pdf)
<use puclogo_small_bw.pdf>
Package pdftex.def Info: puclogo_small_bw.pdf  used on input line 507.
(pdftex.def)             Requested size: 29.89264pt x 28.45274pt.

Overfull \hbox (1.4399pt too wide) in paragraph at lines 507--507
[][]  
 []


Overfull \vbox (0.8034pt too high) has occurred while \output is active []


[23

]
\openout4 = `programacao-modular-04-TDD.vrb'.

 (programacao-modular-04-TDD.vrb
Overfull \hbox (9.83456pt too wide) in paragraph at lines 3--38
[][]  
 []

)
File: puclogo_small_bw.pdf Graphic file (type pdf)
<use puclogo_small_bw.pdf>
Package pdftex.def Info: puclogo_small_bw.pdf  used on input line 556.
(pdftex.def)             Requested size: 29.89264pt x 28.45274pt.

Overfull \hbox (1.4399pt too wide) in paragraph at lines 556--556
[][]  
 []


Overfull \vbox (0.8034pt too high) has occurred while \output is active []


[24

]
\openout4 = `programacao-modular-04-TDD.vrb'.

 (programacao-modular-04-TDD.vrb
Overfull \hbox (4.75653pt too wide) in paragraph at lines 21--22
[][][][][][][][][][] 
 []

)
File: puclogo_small_bw.pdf Graphic file (type pdf)
<use puclogo_small_bw.pdf>
Package pdftex.def Info: puclogo_small_bw.pdf  used on input line 596.
(pdftex.def)             Requested size: 29.89264pt x 28.45274pt.

Overfull \hbox (1.4399pt too wide) in paragraph at lines 596--596
[][]  
 []


Overfull \vbox (0.8034pt too high) has occurred while \output is active []


[25

]
\openout4 = `programacao-modular-04-TDD.vrb'.

 (programacao-modular-04-TDD.vrb
Overfull \hbox (19.15668pt too wide) in paragraph at lines 9--11
[][][][][][][][][][][][][][][][][][] 
 []

)
File: puclogo_small_bw.pdf Graphic file (type pdf)
<use puclogo_small_bw.pdf>
Package pdftex.def Info: puclogo_small_bw.pdf  used on input line 631.
(pdftex.def)             Requested size: 29.89264pt x 28.45274pt.

Overfull \hbox (1.4399pt too wide) in paragraph at lines 631--631
[][]  
 []


Overfull \vbox (0.8034pt too high) has occurred while \output is active []


[26

]
\openout4 = `programacao-modular-04-TDD.vrb'.

 (programacao-modular-04-TDD.vrb
Overfull \hbox (9.83456pt too wide) in paragraph at lines 3--37
[][]  
 []

)
File: puclogo_small_bw.pdf Graphic file (type pdf)
<use puclogo_small_bw.pdf>
Package pdftex.def Info: puclogo_small_bw.pdf  used on input line 677.
(pdftex.def)             Requested size: 29.89264pt x 28.45274pt.

Overfull \hbox (1.4399pt too wide) in paragraph at lines 677--677
[][]  
 []


Overfull \vbox (0.8034pt too high) has occurred while \output is active []


[27

]
File: puclogo_small_bw.pdf Graphic file (type pdf)
<use puclogo_small_bw.pdf>
Package pdftex.def Info: puclogo_small_bw.pdf  used on input line 688.
(pdftex.def)             Requested size: 29.89264pt x 28.45274pt.

Overfull \hbox (1.4399pt too wide) in paragraph at lines 688--688
[][]  
 []


Overfull \vbox (0.8034pt too high) has occurred while \output is active []


[28

]
\openout4 = `programacao-modular-04-TDD.vrb'.

 (programacao-modular-04-TDD.vrb)
File: puclogo_small_bw.pdf Graphic file (type pdf)
<use puclogo_small_bw.pdf>
Package pdftex.def Info: puclogo_small_bw.pdf  used on input line 707.
(pdftex.def)             Requested size: 29.89264pt x 28.45274pt.

Overfull \hbox (1.4399pt too wide) in paragraph at lines 707--707
[][]  
 []


Overfull \vbox (0.8034pt too high) has occurred while \output is active []


[29

]
File: puclogo_small_bw.pdf Graphic file (type pdf)
<use puclogo_small_bw.pdf>
Package pdftex.def Info: puclogo_small_bw.pdf  used on input line 729.
(pdftex.def)             Requested size: 29.89264pt x 28.45274pt.

Overfull \hbox (1.4399pt too wide) in paragraph at lines 729--729
[][]  
 []


Overfull \vbox (0.8034pt too high) has occurred while \output is active []


[30

]
\openout4 = `programacao-modular-04-TDD.vrb'.

 (programacao-modular-04-TDD.vrb)
File: puclogo_small_bw.pdf Graphic file (type pdf)
<use puclogo_small_bw.pdf>
Package pdftex.def Info: puclogo_small_bw.pdf  used on input line 756.
(pdftex.def)             Requested size: 29.89264pt x 28.45274pt.

Overfull \hbox (1.4399pt too wide) in paragraph at lines 756--756
[][]  
 []


Overfull \vbox (7.58992pt too high) detected at line 756
 []


Overfull \vbox (0.8034pt too high) has occurred while \output is active []


[31

]
\openout4 = `programacao-modular-04-TDD.vrb'.

 (programacao-modular-04-TDD.vrb)
File: puclogo_small_bw.pdf Graphic file (type pdf)
<use puclogo_small_bw.pdf>
Package pdftex.def Info: puclogo_small_bw.pdf  used on input line 785.
(pdftex.def)             Requested size: 29.89264pt x 28.45274pt.

Overfull \hbox (1.4399pt too wide) in paragraph at lines 785--785
[][]  
 []


Overfull \vbox (0.8034pt too high) has occurred while \output is active []


[32

]
\openout4 = `programacao-modular-04-TDD.vrb'.

 (programacao-modular-04-TDD.vrb)
File: puclogo_small_bw.pdf Graphic file (type pdf)
<use puclogo_small_bw.pdf>
Package pdftex.def Info: puclogo_small_bw.pdf  used on input line 828.
(pdftex.def)             Requested size: 29.89264pt x 28.45274pt.

Overfull \hbox (1.4399pt too wide) in paragraph at lines 828--828
[][]  
 []


Overfull \vbox (0.8034pt too high) has occurred while \output is active []


[33

]
\openout4 = `programacao-modular-04-TDD.vrb'.

 (programacao-modular-04-TDD.vrb
Overfull \hbox (2.61311pt too wide) in paragraph at lines 17--18
[][][][][][][][][][][][][][][][][][][][][][][][][][][][][][][][][][][][][][][][
][][][][][][][][][][][][][] 
 []

)
File: puclogo_small_bw.pdf Graphic file (type pdf)
<use puclogo_small_bw.pdf>
Package pdftex.def Info: puclogo_small_bw.pdf  used on input line 863.
(pdftex.def)             Requested size: 29.89264pt x 28.45274pt.

Overfull \hbox (1.4399pt too wide) in paragraph at lines 863--863
[][]  
 []


Overfull \vbox (0.8034pt too high) has occurred while \output is active []


[34

]
\openout4 = `programacao-modular-04-TDD.vrb'.

 (programacao-modular-04-TDD.vrb)
File: puclogo_small_bw.pdf Graphic file (type pdf)
<use puclogo_small_bw.pdf>
Package pdftex.def Info: puclogo_small_bw.pdf  used on input line 893.
(pdftex.def)             Requested size: 29.89264pt x 28.45274pt.

Overfull \hbox (1.4399pt too wide) in paragraph at lines 893--893
[][]  
 []


Overfull \vbox (0.8034pt too high) has occurred while \output is active []


[35

]
\openout4 = `programacao-modular-04-TDD.vrb'.

 (programacao-modular-04-TDD.vrb)
File: puclogo_small_bw.pdf Graphic file (type pdf)
<use puclogo_small_bw.pdf>
Package pdftex.def Info: puclogo_small_bw.pdf  used on input line 920.
(pdftex.def)             Requested size: 29.89264pt x 28.45274pt.

Overfull \hbox (1.4399pt too wide) in paragraph at lines 920--920
[][]  
 []


Overfull \vbox (1.89938pt too high) detected at line 920
 []


Overfull \vbox (0.8034pt too high) has occurred while \output is active []


[36

]
\openout4 = `programacao-modular-04-TDD.vrb'.

 (programacao-modular-04-TDD.vrb)
File: puclogo_small_bw.pdf Graphic file (type pdf)
<use puclogo_small_bw.pdf>
Package pdftex.def Info: puclogo_small_bw.pdf  used on input line 949.
(pdftex.def)             Requested size: 29.89264pt x 28.45274pt.

Overfull \hbox (1.4399pt too wide) in paragraph at lines 949--949
[][]  
 []


Overfull \vbox (0.8034pt too high) has occurred while \output is active []


[37

]
\openout4 = `programacao-modular-04-TDD.vrb'.

 (programacao-modular-04-TDD.vrb)
File: puclogo_small_bw.pdf Graphic file (type pdf)
<use puclogo_small_bw.pdf>
Package pdftex.def Info: puclogo_small_bw.pdf  used on input line 975.
(pdftex.def)             Requested size: 29.89264pt x 28.45274pt.

Overfull \hbox (1.4399pt too wide) in paragraph at lines 975--975
[][]  
 []


Overfull \vbox (1.89938pt too high) detected at line 975
 []


Overfull \vbox (0.8034pt too high) has occurred while \output is active []


[38

]
\tf@nav=\write6
\openout6 = `programacao-modular-04-TDD.nav'.

\tf@toc=\write7
\openout7 = `programacao-modular-04-TDD.toc'.

\tf@snm=\write8
\openout8 = `programacao-modular-04-TDD.snm'.

Package atveryend Info: Empty hook `BeforeClearDocument' on input line 978.
Package atveryend Info: Empty hook `AfterLastShipout' on input line 978.
 (programacao-modular-04-TDD.aux)
Package atveryend Info: Executing hook `AtVeryEndDocument' on input line 978.
Package atveryend Info: Executing hook `AtEndAfterFileList' on input line 978.
Package rerunfilecheck Info: File `programacao-modular-04-TDD.out' has not chan
ged.
(rerunfilecheck)             Checksum: 0FBF372CD9440E3B2C17C5747CB46A23;782.
 ) 
Here is how much of TeX's memory you used:
 28400 strings out of 494819
 577083 string characters out of 3177439
 942480 words of memory out of 3000000
 31272 multiletter control sequences out of 15000+200000
 71768 words of font info for 93 fonts, out of 3000000 for 9000
 16 hyphenation exceptions out of 8191
 56i,19n,90p,795b,1385s stack positions out of 5000i,500n,10000p,200000b,50000s
{C:/Program Files/MiKTeX 2.9/fonts/enc/dvips/base/8r.enc}<C:/Program Files/Mi
KTeX 2.9/fonts/type1/public/amsfonts/cm/cmss10.pfb><C:/Program Files/MiKTeX 2.9
/fonts/type1/public/amsfonts/cm/cmsy10.pfb><C:/Program Files/MiKTeX 2.9/fonts/t
ype1/public/amsfonts/cm/cmsy8.pfb><C:/Program Files/MiKTeX 2.9/fonts/type1/urw/
courier/ucrr8a.pfb><C:/Program Files/MiKTeX 2.9/fonts/type1/urw/helvetic/uhvb8a
.pfb><C:/Program Files/MiKTeX 2.9/fonts/type1/urw/helvetic/uhvr8a.pfb><C:/Progr
am Files/MiKTeX 2.9/fonts/type1/urw/helvetic/uhvro8a.pfb>
Output written on programacao-modular-04-TDD.pdf (38 pages, 339263 bytes).
PDF statistics:
 671 PDF objects out of 1000 (max. 8388607)
 88 named destinations out of 1000 (max. 500000)
 301 words of extra memory for PDF output out of 10000 (max. 10000000)

