This is pdfTeX, Version 3.141592653-2.6-1.40.23 (MiKTeX 21.8 Portable) (preloaded format=pdflatex 2021.8.11)  18 AUG 2021 08:59
entering extended mode
**./programacao-modular-09-relacionamento-de-classes.tex
(programacao-modular-09-relacionamento-de-classes.tex
LaTeX2e <2021-06-01> patch level 1
L3 programming layer <2021-07-12>
(D:\Program Files\Miktex\texmfs\install\tex/latex/beamer\beamer.cls
Document Class: beamer 2021/05/26 v3.63 A class for typesetting presentations
(D:\Program Files\Miktex\texmfs\install\tex/latex/beamer\beamerbasemodes.sty
(D:\Program Files\Miktex\texmfs\install\tex/latex/etoolbox\etoolbox.sty
Package: etoolbox 2020/10/05 v2.5k e-TeX tools for LaTeX (JAW)
\etb@tempcnta=\count182
)
\beamer@tempbox=\box50
\beamer@tempcount=\count183
\c@beamerpauses=\count184

(D:\Program Files\Miktex\texmfs\install\tex/latex/beamer\beamerbasedecode.sty
\beamer@slideinframe=\count185
\beamer@minimum=\count186
\beamer@decode@box=\box51
)
\beamer@commentbox=\box52
\beamer@modecount=\count187
) (D:\Program Files\Miktex\texmfs\install\tex/generic/iftex\ifpdf.sty
Package: ifpdf 2019/10/25 v3.4 ifpdf legacy package. Use iftex instead.

(D:\Program Files\Miktex\texmfs\install\tex/generic/iftex\iftex.sty
Package: iftex 2020/03/06 v1.0d TeX engine tests
))
\headdp=\dimen138
\footheight=\dimen139
\sidebarheight=\dimen140
\beamer@tempdim=\dimen141
\beamer@finalheight=\dimen142
\beamer@animht=\dimen143
\beamer@animdp=\dimen144
\beamer@animwd=\dimen145
\beamer@leftmargin=\dimen146
\beamer@rightmargin=\dimen147
\beamer@leftsidebar=\dimen148
\beamer@rightsidebar=\dimen149
\beamer@boxsize=\dimen150
\beamer@vboxoffset=\dimen151
\beamer@descdefault=\dimen152
\beamer@descriptionwidth=\dimen153
\beamer@lastskip=\skip47
\beamer@areabox=\box53
\beamer@animcurrent=\box54
\beamer@animshowbox=\box55
\beamer@sectionbox=\box56
\beamer@logobox=\box57
\beamer@linebox=\box58
\beamer@sectioncount=\count188
\beamer@subsubsectionmax=\count189
\beamer@subsectionmax=\count190
\beamer@sectionmax=\count191
\beamer@totalheads=\count192
\beamer@headcounter=\count193
\beamer@partstartpage=\count194
\beamer@sectionstartpage=\count195
\beamer@subsectionstartpage=\count196
\beamer@animationtempa=\count197
\beamer@animationtempb=\count198
\beamer@xpos=\count199
\beamer@ypos=\count266
\beamer@ypos@offset=\count267
\beamer@showpartnumber=\count268
\beamer@currentsubsection=\count269
\beamer@coveringdepth=\count270
\beamer@sectionadjust=\count271
\beamer@toclastsection=\count272
\beamer@tocsectionnumber=\count273

(D:\Program Files\Miktex\texmfs\install\tex/latex/beamer\beamerbaseoptions.sty
(D:\Program Files\Miktex\texmfs\install\tex/latex/graphics\keyval.sty
Package: keyval 2014/10/28 v1.15 key=value parser (DPC)
\KV@toks@=\toks16
))
\beamer@paperwidth=\skip48
\beamer@paperheight=\skip49

(D:\Program Files\Miktex\texmfs\install\tex/latex/geometry\geometry.sty
Package: geometry 2020/01/02 v5.9 Page Geometry

(D:\Program Files\Miktex\texmfs\install\tex/generic/iftex\ifvtex.sty
Package: ifvtex 2019/10/25 v1.7 ifvtex legacy package. Use iftex instead.
)
\Gm@cnth=\count274
\Gm@cntv=\count275
\c@Gm@tempcnt=\count276
\Gm@bindingoffset=\dimen154
\Gm@wd@mp=\dimen155
\Gm@odd@mp=\dimen156
\Gm@even@mp=\dimen157
\Gm@layoutwidth=\dimen158
\Gm@layoutheight=\dimen159
\Gm@layouthoffset=\dimen160
\Gm@layoutvoffset=\dimen161
\Gm@dimlist=\toks17

(D:\Program Files\Miktex\texmfs\install\tex/latex/geometry\geometry.cfg))
(D:\Program Files\Miktex\texmfs\install\tex/latex/base\size11.clo
File: size11.clo 2021/02/12 v1.4n Standard LaTeX file (size option)
)
(D:\Program Files\Miktex\texmfs\install\tex/latex/pgf/basiclayer\pgfcore.sty
(D:\Program Files\Miktex\texmfs\install\tex/latex/graphics\graphicx.sty
Package: graphicx 2020/12/05 v1.2c Enhanced LaTeX Graphics (DPC,SPQR)

(D:\Program Files\Miktex\texmfs\install\tex/latex/graphics\graphics.sty
Package: graphics 2021/03/04 v1.4d Standard LaTeX Graphics (DPC,SPQR)

(D:\Program Files\Miktex\texmfs\install\tex/latex/graphics\trig.sty
Package: trig 2016/01/03 v1.10 sin cos tan (DPC)
)
(D:\Program Files\Miktex\texmfs\install\tex/latex/graphics-cfg\graphics.cfg
File: graphics.cfg 2016/06/04 v1.11 sample graphics configuration
)
Package graphics Info: Driver file: pdftex.def on input line 107.

(D:\Program Files\Miktex\texmfs\install\tex/latex/graphics-def\pdftex.def
File: pdftex.def 2020/10/05 v1.2a Graphics/color driver for pdftex
))
\Gin@req@height=\dimen162
\Gin@req@width=\dimen163
)
(D:\Program Files\Miktex\texmfs\install\tex/latex/pgf/systemlayer\pgfsys.sty
(D:\Program Files\Miktex\texmfs\install\tex/latex/pgf/utilities\pgfrcs.sty
(D:\Program Files\Miktex\texmfs\install\tex/generic/pgf/utilities\pgfutil-commo
n.tex
\pgfutil@everybye=\toks18
\pgfutil@tempdima=\dimen164
\pgfutil@tempdimb=\dimen165

(D:\Program Files\Miktex\texmfs\install\tex/generic/pgf/utilities\pgfutil-commo
n-lists.tex))
(D:\Program Files\Miktex\texmfs\install\tex/generic/pgf/utilities\pgfutil-latex
.def
\pgfutil@abb=\box59
)
(D:\Program Files\Miktex\texmfs\install\tex/generic/pgf/utilities\pgfrcs.code.t
ex (D:\Program Files\Miktex\texmfs\install\tex/generic/pgf\pgf.revision.tex)
Package: pgfrcs 2021/05/15 v3.1.9a (3.1.9a)
))
(D:\Program Files\Miktex\texmfs\install\tex/generic/pgf/systemlayer\pgfsys.code
.tex
Package: pgfsys 2021/05/15 v3.1.9a (3.1.9a)

(D:\Program Files\Miktex\texmfs\install\tex/generic/pgf/utilities\pgfkeys.code.
tex
\pgfkeys@pathtoks=\toks19
\pgfkeys@temptoks=\toks20

(D:\Program Files\Miktex\texmfs\install\tex/generic/pgf/utilities\pgfkeysfilter
ed.code.tex
\pgfkeys@tmptoks=\toks21
))
\pgf@x=\dimen166
\pgf@y=\dimen167
\pgf@xa=\dimen168
\pgf@ya=\dimen169
\pgf@xb=\dimen170
\pgf@yb=\dimen171
\pgf@xc=\dimen172
\pgf@yc=\dimen173
\pgf@xd=\dimen174
\pgf@yd=\dimen175
\w@pgf@writea=\write3
\r@pgf@reada=\read2
\c@pgf@counta=\count277
\c@pgf@countb=\count278
\c@pgf@countc=\count279
\c@pgf@countd=\count280
\t@pgf@toka=\toks22
\t@pgf@tokb=\toks23
\t@pgf@tokc=\toks24
\pgf@sys@id@count=\count281

(D:\Program Files\Miktex\texmfs\install\tex/generic/pgf/systemlayer\pgf.cfg
File: pgf.cfg 2021/05/15 v3.1.9a (3.1.9a)
)
Driver file for pgf: pgfsys-pdftex.def

(D:\Program Files\Miktex\texmfs\install\tex/generic/pgf/systemlayer\pgfsys-pdft
ex.def
File: pgfsys-pdftex.def 2021/05/15 v3.1.9a (3.1.9a)

(D:\Program Files\Miktex\texmfs\install\tex/generic/pgf/systemlayer\pgfsys-comm
on-pdf.def
File: pgfsys-common-pdf.def 2021/05/15 v3.1.9a (3.1.9a)
)))
(D:\Program Files\Miktex\texmfs\install\tex/generic/pgf/systemlayer\pgfsyssoftp
ath.code.tex
File: pgfsyssoftpath.code.tex 2021/05/15 v3.1.9a (3.1.9a)
\pgfsyssoftpath@smallbuffer@items=\count282
\pgfsyssoftpath@bigbuffer@items=\count283
)
(D:\Program Files\Miktex\texmfs\install\tex/generic/pgf/systemlayer\pgfsysproto
col.code.tex
File: pgfsysprotocol.code.tex 2021/05/15 v3.1.9a (3.1.9a)
))
(D:\Program Files\Miktex\texmfs\install\tex/latex/xcolor\xcolor.sty
Package: xcolor 2016/05/11 v2.12 LaTeX color extensions (UK)

(D:\Program Files\Miktex\texmfs\install\tex/latex/graphics-cfg\color.cfg
File: color.cfg 2016/01/02 v1.6 sample color configuration
)
Package xcolor Info: Driver file: pdftex.def on input line 225.
Package xcolor Info: Model `cmy' substituted by `cmy0' on input line 1348.
Package xcolor Info: Model `hsb' substituted by `rgb' on input line 1352.
Package xcolor Info: Model `RGB' extended on input line 1364.
Package xcolor Info: Model `HTML' substituted by `rgb' on input line 1366.
Package xcolor Info: Model `Hsb' substituted by `hsb' on input line 1367.
Package xcolor Info: Model `tHsb' substituted by `hsb' on input line 1368.
Package xcolor Info: Model `HSB' substituted by `hsb' on input line 1369.
Package xcolor Info: Model `Gray' substituted by `gray' on input line 1370.
Package xcolor Info: Model `wave' substituted by `hsb' on input line 1371.
)
(D:\Program Files\Miktex\texmfs\install\tex/generic/pgf/basiclayer\pgfcore.code
.tex
Package: pgfcore 2021/05/15 v3.1.9a (3.1.9a)

(D:\Program Files\Miktex\texmfs\install\tex/generic/pgf/math\pgfmath.code.tex
(D:\Program Files\Miktex\texmfs\install\tex/generic/pgf/math\pgfmathcalc.code.t
ex
(D:\Program Files\Miktex\texmfs\install\tex/generic/pgf/math\pgfmathutil.code.t
ex)
(D:\Program Files\Miktex\texmfs\install\tex/generic/pgf/math\pgfmathparser.code
.tex
\pgfmath@dimen=\dimen176
\pgfmath@count=\count284
\pgfmath@box=\box60
\pgfmath@toks=\toks25
\pgfmath@stack@operand=\toks26
\pgfmath@stack@operation=\toks27
)
(D:\Program Files\Miktex\texmfs\install\tex/generic/pgf/math\pgfmathfunctions.c
ode.tex
(D:\Program Files\Miktex\texmfs\install\tex/generic/pgf/math\pgfmathfunctions.b
asic.code.tex)
(D:\Program Files\Miktex\texmfs\install\tex/generic/pgf/math\pgfmathfunctions.t
rigonometric.code.tex)
(D:\Program Files\Miktex\texmfs\install\tex/generic/pgf/math\pgfmathfunctions.r
andom.code.tex)
(D:\Program Files\Miktex\texmfs\install\tex/generic/pgf/math\pgfmathfunctions.c
omparison.code.tex)
(D:\Program Files\Miktex\texmfs\install\tex/generic/pgf/math\pgfmathfunctions.b
ase.code.tex)
(D:\Program Files\Miktex\texmfs\install\tex/generic/pgf/math\pgfmathfunctions.r
ound.code.tex)
(D:\Program Files\Miktex\texmfs\install\tex/generic/pgf/math\pgfmathfunctions.m
isc.code.tex)
(D:\Program Files\Miktex\texmfs\install\tex/generic/pgf/math\pgfmathfunctions.i
ntegerarithmetics.code.tex)))
(D:\Program Files\Miktex\texmfs\install\tex/generic/pgf/math\pgfmathfloat.code.
tex
\c@pgfmathroundto@lastzeros=\count285
))
(D:\Program Files\Miktex\texmfs\install\tex/generic/pgf/math\pgfint.code.tex)
(D:\Program Files\Miktex\texmfs\install\tex/generic/pgf/basiclayer\pgfcorepoint
s.code.tex
File: pgfcorepoints.code.tex 2021/05/15 v3.1.9a (3.1.9a)
\pgf@picminx=\dimen177
\pgf@picmaxx=\dimen178
\pgf@picminy=\dimen179
\pgf@picmaxy=\dimen180
\pgf@pathminx=\dimen181
\pgf@pathmaxx=\dimen182
\pgf@pathminy=\dimen183
\pgf@pathmaxy=\dimen184
\pgf@xx=\dimen185
\pgf@xy=\dimen186
\pgf@yx=\dimen187
\pgf@yy=\dimen188
\pgf@zx=\dimen189
\pgf@zy=\dimen190
)
(D:\Program Files\Miktex\texmfs\install\tex/generic/pgf/basiclayer\pgfcorepathc
onstruct.code.tex
File: pgfcorepathconstruct.code.tex 2021/05/15 v3.1.9a (3.1.9a)
\pgf@path@lastx=\dimen191
\pgf@path@lasty=\dimen192
)
(D:\Program Files\Miktex\texmfs\install\tex/generic/pgf/basiclayer\pgfcorepathu
sage.code.tex
File: pgfcorepathusage.code.tex 2021/05/15 v3.1.9a (3.1.9a)
\pgf@shorten@end@additional=\dimen193
\pgf@shorten@start@additional=\dimen194
)
(D:\Program Files\Miktex\texmfs\install\tex/generic/pgf/basiclayer\pgfcorescope
s.code.tex
File: pgfcorescopes.code.tex 2021/05/15 v3.1.9a (3.1.9a)
\pgfpic=\box61
\pgf@hbox=\box62
\pgf@layerbox@main=\box63
\pgf@picture@serial@count=\count286
)
(D:\Program Files\Miktex\texmfs\install\tex/generic/pgf/basiclayer\pgfcoregraph
icstate.code.tex
File: pgfcoregraphicstate.code.tex 2021/05/15 v3.1.9a (3.1.9a)
\pgflinewidth=\dimen195
)
(D:\Program Files\Miktex\texmfs\install\tex/generic/pgf/basiclayer\pgfcoretrans
formations.code.tex
File: pgfcoretransformations.code.tex 2021/05/15 v3.1.9a (3.1.9a)
\pgf@pt@x=\dimen196
\pgf@pt@y=\dimen197
\pgf@pt@temp=\dimen198
)
(D:\Program Files\Miktex\texmfs\install\tex/generic/pgf/basiclayer\pgfcorequick
.code.tex
File: pgfcorequick.code.tex 2021/05/15 v3.1.9a (3.1.9a)
)
(D:\Program Files\Miktex\texmfs\install\tex/generic/pgf/basiclayer\pgfcoreobjec
ts.code.tex
File: pgfcoreobjects.code.tex 2021/05/15 v3.1.9a (3.1.9a)
)
(D:\Program Files\Miktex\texmfs\install\tex/generic/pgf/basiclayer\pgfcorepathp
rocessing.code.tex
File: pgfcorepathprocessing.code.tex 2021/05/15 v3.1.9a (3.1.9a)
)
(D:\Program Files\Miktex\texmfs\install\tex/generic/pgf/basiclayer\pgfcorearrow
s.code.tex
File: pgfcorearrows.code.tex 2021/05/15 v3.1.9a (3.1.9a)
\pgfarrowsep=\dimen199
)
(D:\Program Files\Miktex\texmfs\install\tex/generic/pgf/basiclayer\pgfcoreshade
.code.tex
File: pgfcoreshade.code.tex 2021/05/15 v3.1.9a (3.1.9a)
\pgf@max=\dimen256
\pgf@sys@shading@range@num=\count287
\pgf@shadingcount=\count288
)
(D:\Program Files\Miktex\texmfs\install\tex/generic/pgf/basiclayer\pgfcoreimage
.code.tex
File: pgfcoreimage.code.tex 2021/05/15 v3.1.9a (3.1.9a)

(D:\Program Files\Miktex\texmfs\install\tex/generic/pgf/basiclayer\pgfcoreexter
nal.code.tex
File: pgfcoreexternal.code.tex 2021/05/15 v3.1.9a (3.1.9a)
\pgfexternal@startupbox=\box64
))
(D:\Program Files\Miktex\texmfs\install\tex/generic/pgf/basiclayer\pgfcorelayer
s.code.tex
File: pgfcorelayers.code.tex 2021/05/15 v3.1.9a (3.1.9a)
)
(D:\Program Files\Miktex\texmfs\install\tex/generic/pgf/basiclayer\pgfcoretrans
parency.code.tex
File: pgfcoretransparency.code.tex 2021/05/15 v3.1.9a (3.1.9a)
)
(D:\Program Files\Miktex\texmfs\install\tex/generic/pgf/basiclayer\pgfcorepatte
rns.code.tex
File: pgfcorepatterns.code.tex 2021/05/15 v3.1.9a (3.1.9a)
)
(D:\Program Files\Miktex\texmfs\install\tex/generic/pgf/basiclayer\pgfcorerdf.c
ode.tex
File: pgfcorerdf.code.tex 2021/05/15 v3.1.9a (3.1.9a)
)))
(D:\Program Files\Miktex\texmfs\install\tex/latex/pgf/utilities\xxcolor.sty
Package: xxcolor 2003/10/24 ver 0.1
\XC@nummixins=\count289
\XC@countmixins=\count290
)
(D:\Program Files\Miktex\texmfs\install\tex/latex/base\atbegshi-ltx.sty
Package: atbegshi-ltx 2021/01/10 v1.0c Emulation of the original atbegshi
package with kernel methods
)
(D:\Program Files\Miktex\texmfs\install\tex/latex/hyperref\hyperref.sty
Package: hyperref 2021-06-07 v7.00m Hypertext links for LaTeX

(D:\Program Files\Miktex\texmfs\install\tex/generic/ltxcmds\ltxcmds.sty
Package: ltxcmds 2020-05-10 v1.25 LaTeX kernel commands for general use (HO)
)
(D:\Program Files\Miktex\texmfs\install\tex/generic/pdftexcmds\pdftexcmds.sty
Package: pdftexcmds 2020-06-27 v0.33 Utility functions of pdfTeX for LuaTeX (HO
)

(D:\Program Files\Miktex\texmfs\install\tex/generic/infwarerr\infwarerr.sty
Package: infwarerr 2019/12/03 v1.5 Providing info/warning/error messages (HO)
)
Package pdftexcmds Info: \pdf@primitive is available.
Package pdftexcmds Info: \pdf@ifprimitive is available.
Package pdftexcmds Info: \pdfdraftmode found.
)
(D:\Program Files\Miktex\texmfs\install\tex/generic/kvsetkeys\kvsetkeys.sty
Package: kvsetkeys 2019/12/15 v1.18 Key value parser (HO)
)
(D:\Program Files\Miktex\texmfs\install\tex/generic/kvdefinekeys\kvdefinekeys.s
ty
Package: kvdefinekeys 2019-12-19 v1.6 Define keys (HO)
) (D:\Program Files\Miktex\texmfs\install\tex/generic/pdfescape\pdfescape.sty
Package: pdfescape 2019/12/09 v1.15 Implements pdfTeX's escape features (HO)
) (D:\Program Files\Miktex\texmfs\install\tex/latex/hycolor\hycolor.sty
Package: hycolor 2020-01-27 v1.10 Color options for hyperref/bookmark (HO)
)
(D:\Program Files\Miktex\texmfs\install\tex/latex/letltxmacro\letltxmacro.sty
Package: letltxmacro 2019/12/03 v1.6 Let assignment for LaTeX macros (HO)
)
(D:\Program Files\Miktex\texmfs\install\tex/latex/auxhook\auxhook.sty
Package: auxhook 2019-12-17 v1.6 Hooks for auxiliary files (HO)
)
(D:\Program Files\Miktex\texmfs\install\tex/latex/kvoptions\kvoptions.sty
Package: kvoptions 2020-10-07 v3.14 Key value format for package options (HO)
)
\@linkdim=\dimen257
\Hy@linkcounter=\count291
\Hy@pagecounter=\count292

(D:\Program Files\Miktex\texmfs\install\tex/latex/hyperref\pd1enc.def
File: pd1enc.def 2021-06-07 v7.00m Hyperref: PDFDocEncoding definition (HO)
Now handling font encoding PD1 ...
... no UTF-8 mapping file for font encoding PD1
)
(D:\Program Files\Miktex\texmfs\install\tex/latex/hyperref\hyperref-langpatches
.def
File: hyperref-langpatches.def 2021-06-07 v7.00m Hyperref: patches for babel la
nguages
) (D:\Program Files\Miktex\texmfs\install\tex/generic/intcalc\intcalc.sty
Package: intcalc 2019/12/15 v1.3 Expandable calculations with integers (HO)
)
(D:\Program Files\Miktex\texmfs\install\tex/generic/etexcmds\etexcmds.sty
Package: etexcmds 2019/12/15 v1.7 Avoid name clashes with e-TeX commands (HO)
)
\Hy@SavedSpaceFactor=\count293

(D:\Program Files\Miktex\texmfs\install\tex/latex/hyperref\puenc.def
File: puenc.def 2021-06-07 v7.00m Hyperref: PDF Unicode definition (HO)
Now handling font encoding PU ...
... no UTF-8 mapping file for font encoding PU
)
Package hyperref Info: Option `bookmarks' set `true' on input line 4073.
Package hyperref Info: Option `bookmarksopen' set `true' on input line 4073.
Package hyperref Info: Option `implicit' set `false' on input line 4073.
Package hyperref Info: Hyper figures OFF on input line 4192.
Package hyperref Info: Link nesting OFF on input line 4197.
Package hyperref Info: Hyper index ON on input line 4200.
Package hyperref Info: Plain pages OFF on input line 4207.
Package hyperref Info: Backreferencing OFF on input line 4212.
Package hyperref Info: Implicit mode OFF; no redefinition of LaTeX internals.
Package hyperref Info: Bookmarks ON on input line 4445.
\c@Hy@tempcnt=\count294

(D:\Program Files\Miktex\texmfs\install\tex/latex/url\url.sty
\Urlmuskip=\muskip16
Package: url 2013/09/16  ver 3.4  Verb mode for urls, etc.
)
LaTeX Info: Redefining \url on input line 4804.
\XeTeXLinkMargin=\dimen258

(D:\Program Files\Miktex\texmfs\install\tex/generic/bitset\bitset.sty
Package: bitset 2019/12/09 v1.3 Handle bit-vector datatype (HO)

(D:\Program Files\Miktex\texmfs\install\tex/generic/bigintcalc\bigintcalc.sty
Package: bigintcalc 2019/12/15 v1.5 Expandable calculations on big integers (HO
)
))
\Fld@menulength=\count295
\Field@Width=\dimen259
\Fld@charsize=\dimen260
Package hyperref Info: Hyper figures OFF on input line 6076.
Package hyperref Info: Link nesting OFF on input line 6081.
Package hyperref Info: Hyper index ON on input line 6084.
Package hyperref Info: backreferencing OFF on input line 6091.
Package hyperref Info: Link coloring OFF on input line 6096.
Package hyperref Info: Link coloring with OCG OFF on input line 6101.
Package hyperref Info: PDF/A mode OFF on input line 6106.
LaTeX Info: Redefining \ref on input line 6146.
LaTeX Info: Redefining \pageref on input line 6150.
\Hy@abspage=\count296

Package hyperref Message: Stopped early.

)
Package hyperref Info: Driver (autodetected): hpdftex.
 (D:\Program Files\Miktex\texmfs\install\tex/latex/hyperref\hpdftex.def
File: hpdftex.def 2021-06-07 v7.00m Hyperref driver for pdfTeX

(D:\Program Files\Miktex\texmfs\install\tex/latex/base\atveryend-ltx.sty
Package: atveryend-ltx 2020/08/19 v1.0a Emulation of the original atvery packag
e
with kernel methods
)
\Fld@listcount=\count297
\c@bookmark@seq@number=\count298

(D:\Program Files\Miktex\texmfs\install\tex/latex/rerunfilecheck\rerunfilecheck
.sty
Package: rerunfilecheck 2019/12/05 v1.9 Rerun checks for auxiliary files (HO)

(D:\Program Files\Miktex\texmfs\install\tex/generic/uniquecounter\uniquecounter
.sty
Package: uniquecounter 2019/12/15 v1.4 Provide unlimited unique counter (HO)
)
Package uniquecounter Info: New unique counter `rerunfilecheck' on input line 2
86.
))
(D:\Program Files\Miktex\texmfs\install\tex/latex/beamer\beamerbaserequires.sty

(D:\Program Files\Miktex\texmfs\install\tex/latex/beamer\beamerbasecompatibilit
y.sty)
(D:\Program Files\Miktex\texmfs\install\tex/latex/beamer\beamerbasefont.sty
(D:\Program Files\Miktex\texmfs\install\tex/latex/amsfonts\amssymb.sty
Package: amssymb 2013/01/14 v3.01 AMS font symbols

(D:\Program Files\Miktex\texmfs\install\tex/latex/amsfonts\amsfonts.sty
Package: amsfonts 2013/01/14 v3.01 Basic AMSFonts support
\@emptytoks=\toks28
\symAMSa=\mathgroup4
\symAMSb=\mathgroup5
LaTeX Font Info:    Redeclaring math symbol \hbar on input line 98.
LaTeX Font Info:    Overwriting math alphabet `\mathfrak' in version `bold'
(Font)                  U/euf/m/n --> U/euf/b/n on input line 106.
))
(D:\Program Files\Miktex\texmfs\install\tex/latex/sansmathaccent\sansmathaccent
.sty
Package: sansmathaccent 2020/01/31
 (D:\Program Files\Miktex\texmfs\install\tex/latex/koma-script\scrlfile.sty
Package: scrlfile 2021/06/25 v3.34 KOMA-Script package (file load hooks)

(D:\Program Files\Miktex\texmfs\install\tex/latex/koma-script\scrlfile-hook.sty
Package: scrlfile-hook 2021/06/25 v3.34 KOMA-Script package (using LaTeX hooks)

(D:\Program Files\Miktex\texmfs\install\tex/latex/koma-script\scrlogo.sty
Package: scrlogo 2021/06/25 v3.34 KOMA-Script package (logo)
)))))
(D:\Program Files\Miktex\texmfs\install\tex/latex/beamer\beamerbasetranslator.s
ty (D:\Program Files\Miktex\texmfs\install\tex/latex/translator\translator.sty
Package: translator 2021-05-31 v1.12d Easy translation of strings in LaTeX
)) (D:\Program Files\Miktex\texmfs\install\tex/latex/beamer\beamerbasemisc.sty)

(D:\Program Files\Miktex\texmfs\install\tex/latex/beamer\beamerbasetwoscreens.s
ty)
(D:\Program Files\Miktex\texmfs\install\tex/latex/beamer\beamerbaseoverlay.sty
\beamer@argscount=\count299
\beamer@lastskipcover=\skip50
\beamer@trivlistdepth=\count300
) (D:\Program Files\Miktex\texmfs\install\tex/latex/beamer\beamerbasetitle.sty)

(D:\Program Files\Miktex\texmfs\install\tex/latex/beamer\beamerbasesection.sty
\c@lecture=\count301
\c@part=\count302
\c@section=\count303
\c@subsection=\count304
\c@subsubsection=\count305
) (D:\Program Files\Miktex\texmfs\install\tex/latex/beamer\beamerbaseframe.sty
\beamer@framebox=\box65
\beamer@frametitlebox=\box66
\beamer@zoombox=\box67
\beamer@zoomcount=\count306
\beamer@zoomframecount=\count307
\beamer@frametextheight=\dimen261
\c@subsectionslide=\count308
\beamer@frametopskip=\skip51
\beamer@framebottomskip=\skip52
\beamer@frametopskipautobreak=\skip53
\beamer@framebottomskipautobreak=\skip54
\beamer@envbody=\toks29
\framewidth=\dimen262
\c@framenumber=\count309
)
(D:\Program Files\Miktex\texmfs\install\tex/latex/beamer\beamerbaseverbatim.sty
\beamer@verbatimfileout=\write4
)
(D:\Program Files\Miktex\texmfs\install\tex/latex/beamer\beamerbaseframesize.st
y
\beamer@splitbox=\box68
\beamer@autobreakcount=\count310
\beamer@autobreaklastheight=\dimen263
\beamer@frametitletoks=\toks30
\beamer@framesubtitletoks=\toks31
)
(D:\Program Files\Miktex\texmfs\install\tex/latex/beamer\beamerbaseframecompone
nts.sty
\beamer@footins=\box69
)
(D:\Program Files\Miktex\texmfs\install\tex/latex/beamer\beamerbasecolor.sty)
(D:\Program Files\Miktex\texmfs\install\tex/latex/beamer\beamerbasenotes.sty
\beamer@frameboxcopy=\box70
)
(D:\Program Files\Miktex\texmfs\install\tex/latex/beamer\beamerbasetoc.sty)
(D:\Program Files\Miktex\texmfs\install\tex/latex/beamer\beamerbasetemplates.st
y
\beamer@sbttoks=\toks32

(D:\Program Files\Miktex\texmfs\install\tex/latex/beamer\beamerbaseauxtemplates
.sty
(D:\Program Files\Miktex\texmfs\install\tex/latex/beamer\beamerbaseboxes.sty
\bmb@box=\box71
\bmb@colorbox=\box72
\bmb@boxwidth=\dimen264
\bmb@boxheight=\dimen265
\bmb@prevheight=\dimen266
\bmb@temp=\dimen267
\bmb@dima=\dimen268
\bmb@dimb=\dimen269
\bmb@prevheight=\dimen270
)
\beamer@blockheadheight=\dimen271
))
(D:\Program Files\Miktex\texmfs\install\tex/latex/beamer\beamerbaselocalstructu
re.sty (D:\Program Files\Miktex\texmfs\install\tex/latex/tools\enumerate.sty
Package: enumerate 2015/07/23 v3.00 enumerate extensions (DPC)
\@enLab=\toks33
)
\beamer@bibiconwidth=\skip55
\c@figure=\count311
\c@table=\count312
\abovecaptionskip=\skip56
\belowcaptionskip=\skip57
)
(D:\Program Files\Miktex\texmfs\install\tex/latex/beamer\beamerbasenavigation.s
ty
\beamer@section@min@dim=\dimen272
)
(D:\Program Files\Miktex\texmfs\install\tex/latex/beamer\beamerbasetheorems.sty
(D:\Program Files\Miktex\texmfs\install\tex/latex/amsmath\amsmath.sty
Package: amsmath 2021/04/20 v2.17j AMS math features
\@mathmargin=\skip58

For additional information on amsmath, use the `?' option.
(D:\Program Files\Miktex\texmfs\install\tex/latex/amsmath\amstext.sty
Package: amstext 2000/06/29 v2.01 AMS text

(D:\Program Files\Miktex\texmfs\install\tex/latex/amsmath\amsgen.sty
File: amsgen.sty 1999/11/30 v2.0 generic functions
\@emptytoks=\toks34
\ex@=\dimen273
))
(D:\Program Files\Miktex\texmfs\install\tex/latex/amsmath\amsbsy.sty
Package: amsbsy 1999/11/29 v1.2d Bold Symbols
\pmbraise@=\dimen274
)
(D:\Program Files\Miktex\texmfs\install\tex/latex/amsmath\amsopn.sty
Package: amsopn 2016/03/08 v2.02 operator names
)
\inf@bad=\count313
LaTeX Info: Redefining \frac on input line 234.
\uproot@=\count314
\leftroot@=\count315
LaTeX Info: Redefining \overline on input line 399.
\classnum@=\count316
\DOTSCASE@=\count317
LaTeX Info: Redefining \ldots on input line 496.
LaTeX Info: Redefining \dots on input line 499.
LaTeX Info: Redefining \cdots on input line 620.
\Mathstrutbox@=\box73
\strutbox@=\box74
\big@size=\dimen275
LaTeX Font Info:    Redeclaring font encoding OML on input line 743.
LaTeX Font Info:    Redeclaring font encoding OMS on input line 744.
\macc@depth=\count318
\c@MaxMatrixCols=\count319
\dotsspace@=\muskip17
\c@parentequation=\count320
\dspbrk@lvl=\count321
\tag@help=\toks35
\row@=\count322
\column@=\count323
\maxfields@=\count324
\andhelp@=\toks36
\eqnshift@=\dimen276
\alignsep@=\dimen277
\tagshift@=\dimen278
\tagwidth@=\dimen279
\totwidth@=\dimen280
\lineht@=\dimen281
\@envbody=\toks37
\multlinegap=\skip59
\multlinetaggap=\skip60
\mathdisplay@stack=\toks38
LaTeX Info: Redefining \[ on input line 2923.
LaTeX Info: Redefining \] on input line 2924.
)
(D:\Program Files\Miktex\texmfs\install\tex/latex/amscls\amsthm.sty
Package: amsthm 2020/05/29 v2.20.6
\thm@style=\toks39
\thm@bodyfont=\toks40
\thm@headfont=\toks41
\thm@notefont=\toks42
\thm@headpunct=\toks43
\thm@preskip=\skip61
\thm@postskip=\skip62
\thm@headsep=\skip63
\dth@everypar=\toks44
)
\c@theorem=\count325
)
(D:\Program Files\Miktex\texmfs\install\tex/latex/beamer\beamerbasethemes.sty))

(D:\Program Files\Miktex\texmfs\install\tex/latex/beamer\beamerthemedefault.sty

(D:\Program Files\Miktex\texmfs\install\tex/latex/beamer\beamerfontthemedefault
.sty)
(D:\Program Files\Miktex\texmfs\install\tex/latex/beamer\beamercolorthemedefaul
t.sty)
(D:\Program Files\Miktex\texmfs\install\tex/latex/beamer\beamerinnerthemedefaul
t.sty
\beamer@dima=\dimen282
\beamer@dimb=\dimen283
)
(D:\Program Files\Miktex\texmfs\install\tex/latex/beamer\beamerouterthemedefaul
t.sty))) (aulas-beamer-preamble.tex
(D:\Program Files\Miktex\texmfs\install\tex/latex/beamer\beamerthemeWarsaw.sty
(D:\Program Files\Miktex\texmfs\install\tex/latex/beamer\beamerinnerthemerounde
d.sty)
(D:\Program Files\Miktex\texmfs\install\tex/latex/beamer\beamerouterthemeshadow
.sty
(D:\Program Files\Miktex\texmfs\install\tex/latex/beamer\beamerouterthemesplit.
sty))
(D:\Program Files\Miktex\texmfs\install\tex/latex/beamer\beamercolorthemeorchid
.sty)
(D:\Program Files\Miktex\texmfs\install\tex/latex/beamer\beamercolorthemewhale.
sty)) (D:\Program Files\Miktex\texmfs\install\tex/generic/babel\babel.sty
Package: babel 2021/07/22 3.63 The Babel package

(D:\Program Files\Miktex\texmfs\install\tex/generic/babel\babel.def
File: babel.def 2021/07/22 3.63 Babel common definitions
\babel@savecnt=\count326
\U@D=\dimen284
\l@unhyphenated=\language4

(D:\Program Files\Miktex\texmfs\install\tex/generic/babel\txtbabel.def)
\bbl@readstream=\read3
)
LaTeX Info: Redefining \textlatin on input line 730.
\bbl@dirlevel=\count327

*************************************
* Local config file bblopts.cfg used
*
(D:\Program Files\Miktex\texmfs\install\tex/latex/arabi\bblopts.cfg
File: bblopts.cfg 2005/09/08 v0.1 add Arabic and Farsi to "declared" options of
 babel
)
(D:\Program Files\Miktex\texmfs\install\tex/latex/babel-portuges\brazil.ldf
Language: portuges 2021/07/09 v1.2t Portuguese support from the babel system
Package babel Info: Hyphen rules for 'brazil' set to \l@portuguese
(babel)             (\language1). Reported on input line 111.
Package babel Info: Making " an active character on input line 143.
))
(D:\Program Files\Miktex\texmfs\install\tex/latex/base\inputenc.sty
Package: inputenc 2021/02/14 v1.3d Input encoding file
\inpenc@prehook=\toks45
\inpenc@posthook=\toks46

(D:\Program Files\Miktex\texmfs\install\tex/latex/base\latin1.def
File: latin1.def 2021/02/14 v1.3d Input encoding file
))
(D:\Program Files\Miktex\texmfs\install\tex/latex/psnfss\times.sty
Package: times 2020/03/25 PSNFSS-v9.3 (SPQR) 
)
(D:\Program Files\Miktex\texmfs\install\tex/latex/base\fontenc.sty
Package: fontenc 2021/04/29 v2.0v Standard LaTeX package
LaTeX Font Info:    Trying to load font information for T1+phv on input line 11
2.

(D:\Program Files\Miktex\texmfs\install\tex/latex/psnfss\t1phv.fd
File: t1phv.fd 2020/03/25 scalable font definitions for T1/phv.
))
(D:\Program Files\Miktex\texmfs\install\tex/latex/graphics\epsfig.sty
Package: epsfig 2017/06/25 v1.7b (e)psfig emulation (SPQR)
\epsfxsize=\dimen285
\epsfysize=\dimen286
)
(D:\Program Files\Miktex\texmfs\install\tex/latex/listings\listings.sty
\lst@mode=\count328
\lst@gtempboxa=\box75
\lst@token=\toks47
\lst@length=\count329
\lst@currlwidth=\dimen287
\lst@column=\count330
\lst@pos=\count331
\lst@lostspace=\dimen288
\lst@width=\dimen289
\lst@newlines=\count332
\lst@lineno=\count333
\lst@maxwidth=\dimen290

(D:\Program Files\Miktex\texmfs\install\tex/latex/listings\lstmisc.sty
File: lstmisc.sty 2020/03/24 1.8d (Carsten Heinz)
\c@lstnumber=\count334
\lst@skipnumbers=\count335
\lst@framebox=\box76
)
(D:\Program Files\Miktex\texmfs\install\tex/latex/listings\listings.cfg
File: listings.cfg 2020/03/24 1.8d listings configuration
))
Package: listings 2020/03/24 1.8d (Carsten Heinz)

(D:\Program Files\Miktex\texmfs\install\tex/latex/multirow\multirow.sty
Package: multirow 2021/03/15 v2.8 Span multiple rows of a table
\multirow@colwidth=\skip64
\multirow@cntb=\count336
\multirow@dima=\skip65
\bigstrutjot=\dimen291
)
(D:\Program Files\Miktex\texmfs\install\tex/latex/tools\multicol.sty
Package: multicol 2019/12/09 v1.8y multicolumn formatting (FMi)
\c@tracingmulticols=\count337
\mult@box=\box77
\multicol@leftmargin=\dimen292
\c@unbalance=\count338
\c@collectmore=\count339
\doublecol@number=\count340
\multicoltolerance=\count341
\multicolpretolerance=\count342
\full@width=\dimen293
\page@free=\dimen294
\premulticols=\dimen295
\postmulticols=\dimen296
\multicolsep=\skip66
\multicolbaselineskip=\skip67
\partial@page=\box78
\last@line=\box79
\maxbalancingoverflow=\dimen297
\mult@rightbox=\box80
\mult@grightbox=\box81
\mult@gfirstbox=\box82
\mult@firstbox=\box83
\@tempa=\box84
\@tempa=\box85
\@tempa=\box86
\@tempa=\box87
\@tempa=\box88
\@tempa=\box89
\@tempa=\box90
\@tempa=\box91
\@tempa=\box92
\@tempa=\box93
\@tempa=\box94
\@tempa=\box95
\@tempa=\box96
\@tempa=\box97
\@tempa=\box98
\@tempa=\box99
\@tempa=\box100
\@tempa=\box101
\@tempa=\box102
\@tempa=\box103
\@tempa=\box104
\@tempa=\box105
\@tempa=\box106
\@tempa=\box107
\@tempa=\box108
\@tempa=\box109
\@tempa=\box110
\@tempa=\box111
\@tempa=\box112
\@tempa=\box113
\@tempa=\box114
\@tempa=\box115
\@tempa=\box116
\@tempa=\box117
\@tempa=\box118
\@tempa=\box119
\@tempa=\box120
\c@minrows=\count343
\c@columnbadness=\count344
\c@finalcolumnbadness=\count345
\last@try=\dimen298
\multicolovershoot=\dimen299
\multicolundershoot=\dimen300
\mult@nat@firstbox=\box121
\colbreak@box=\box122
\mc@col@check@num=\count346
)
(D:\Program Files\Miktex\texmfs\install\tex/latex/pgf/frontendlayer\tikz.sty
(D:\Program Files\Miktex\texmfs\install\tex/latex/pgf/basiclayer\pgf.sty
Package: pgf 2021/05/15 v3.1.9a (3.1.9a)

(D:\Program Files\Miktex\texmfs\install\tex/generic/pgf/modules\pgfmoduleshapes
.code.tex
File: pgfmoduleshapes.code.tex 2021/05/15 v3.1.9a (3.1.9a)
\pgfnodeparttextbox=\box123
)
(D:\Program Files\Miktex\texmfs\install\tex/generic/pgf/modules\pgfmoduleplot.c
ode.tex
File: pgfmoduleplot.code.tex 2021/05/15 v3.1.9a (3.1.9a)
)
(D:\Program Files\Miktex\texmfs\install\tex/latex/pgf/compatibility\pgfcomp-ver
sion-0-65.sty
Package: pgfcomp-version-0-65 2021/05/15 v3.1.9a (3.1.9a)
\pgf@nodesepstart=\dimen301
\pgf@nodesepend=\dimen302
)
(D:\Program Files\Miktex\texmfs\install\tex/latex/pgf/compatibility\pgfcomp-ver
sion-1-18.sty
Package: pgfcomp-version-1-18 2021/05/15 v3.1.9a (3.1.9a)
))
(D:\Program Files\Miktex\texmfs\install\tex/latex/pgf/utilities\pgffor.sty
(D:\Program Files\Miktex\texmfs\install\tex/latex/pgf/utilities\pgfkeys.sty
(D:\Program Files\Miktex\texmfs\install\tex/generic/pgf/utilities\pgfkeys.code.
tex)) (D:\Program Files\Miktex\texmfs\install\tex/latex/pgf/math\pgfmath.sty
(D:\Program Files\Miktex\texmfs\install\tex/generic/pgf/math\pgfmath.code.tex))

(D:\Program Files\Miktex\texmfs\install\tex/generic/pgf/utilities\pgffor.code.t
ex
Package: pgffor 2021/05/15 v3.1.9a (3.1.9a)

(D:\Program Files\Miktex\texmfs\install\tex/generic/pgf/math\pgfmath.code.tex)
\pgffor@iter=\dimen303
\pgffor@skip=\dimen304
\pgffor@stack=\toks48
\pgffor@toks=\toks49
))
(D:\Program Files\Miktex\texmfs\install\tex/generic/pgf/frontendlayer/tikz\tikz
.code.tex
Package: tikz 2021/05/15 v3.1.9a (3.1.9a)

(D:\Program Files\Miktex\texmfs\install\tex/generic/pgf/libraries\pgflibraryplo
thandlers.code.tex
File: pgflibraryplothandlers.code.tex 2021/05/15 v3.1.9a (3.1.9a)
\pgf@plot@mark@count=\count347
\pgfplotmarksize=\dimen305
)
\tikz@lastx=\dimen306
\tikz@lasty=\dimen307
\tikz@lastxsaved=\dimen308
\tikz@lastysaved=\dimen309
\tikz@lastmovetox=\dimen310
\tikz@lastmovetoy=\dimen311
\tikzleveldistance=\dimen312
\tikzsiblingdistance=\dimen313
\tikz@figbox=\box124
\tikz@figbox@bg=\box125
\tikz@tempbox=\box126
\tikz@tempbox@bg=\box127
\tikztreelevel=\count348
\tikznumberofchildren=\count349
\tikznumberofcurrentchild=\count350
\tikz@fig@count=\count351

(D:\Program Files\Miktex\texmfs\install\tex/generic/pgf/modules\pgfmodulematrix
.code.tex
File: pgfmodulematrix.code.tex 2021/05/15 v3.1.9a (3.1.9a)
\pgfmatrixcurrentrow=\count352
\pgfmatrixcurrentcolumn=\count353
\pgf@matrix@numberofcolumns=\count354
)
\tikz@expandcount=\count355

(D:\Program Files\Miktex\texmfs\install\tex/generic/pgf/frontendlayer/tikz/libr
aries\tikzlibrarytopaths.code.tex
File: tikzlibrarytopaths.code.tex 2021/05/15 v3.1.9a (3.1.9a)
)))
(D:\Program Files\Miktex\texmfs\install\tex/latex/textpos\textpos.sty
Package: textpos 2020/09/26 v1.10

Package: textpos 2020/09/26 1.10, absolute positioning of text on the page
Package textpos Info: choosing support for LaTeX3 on input line 61.
\TP@textbox=\box128
\TPHorizModule=\dimen314
\TPVertModule=\dimen315
\TP@margin=\dimen316
\TP@absmargin=\dimen317
Grid set 16 x 16 = 22.7622pt x 17.07166pt
\TPboxrulesize=\dimen318
\TP@tbargs=\toks50
) (D:\Program Files\Miktex\texmfs\install\tex/latex/framed\framed.sty
Package: framed 2011/10/22 v 0.96: framed or shaded text with page breaks
\OuterFrameSep=\skip68
\fb@frw=\dimen319
\fb@frh=\dimen320
\FrameRule=\dimen321
\FrameSep=\dimen322
)
(D:\Program Files\Miktex\texmfs\install\tex/latex/wrapfig\wrapfig.sty
\wrapoverhang=\dimen323
\WF@size=\dimen324
\c@WF@wrappedlines=\count356
\WF@box=\box129
\WF@everypar=\toks51
Package: wrapfig 2003/01/31  v 3.6
)
(D:\Program Files\Miktex\texmfs\install\tex/latex/tools\array.sty
Package: array 2021/04/20 v2.5e Tabular extension package (FMi)
\col@sep=\dimen325
\ar@mcellbox=\box130
\extrarowheight=\dimen326
\NC@list=\toks52
\extratabsurround=\skip69
\backup@length=\skip70
\ar@cellbox=\box131
)
(D:\Program Files\Miktex\texmfs\install\tex/latex/booktabs\booktabs.sty
Package: booktabs 2020/01/12 v1.61803398 Publication quality tables
\heavyrulewidth=\dimen327
\lightrulewidth=\dimen328
\cmidrulewidth=\dimen329
\belowrulesep=\dimen330
\belowbottomsep=\dimen331
\aboverulesep=\dimen332
\abovetopsep=\dimen333
\cmidrulesep=\dimen334
\cmidrulekern=\dimen335
\defaultaddspace=\dimen336
\@cmidla=\count357
\@cmidlb=\count358
\@aboverulesep=\dimen337
\@belowrulesep=\dimen338
\@thisruleclass=\count359
\@lastruleclass=\count360
\@thisrulewidth=\dimen339
)
(D:\Program Files\Miktex\texmfs\install\tex/latex/tools\verbatim.sty
Package: verbatim 2020-07-07 v1.5u LaTeX2e package for verbatim enhancements
\every@verbatim=\toks53
\verbatim@line=\toks54
\verbatim@in@stream=\read4
)
(D:\Program Files\Miktex\texmfs\install\tex/latex/tikzuml\tikz-uml.sty
Package: tikz-uml 2011/01/26

(D:\Program Files\Miktex\texmfs\install\tex/latex/base\ifthen.sty
Package: ifthen 2020/11/24 v1.1c Standard LaTeX ifthen package (DPC)
)
(D:\Program Files\Miktex\texmfs\install\tex/latex/xstring\xstring.sty
(D:\Program Files\Miktex\texmfs\install\tex/generic/xstring\xstring.tex
\integerpart=\count361
\decimalpart=\count362
)
Package: xstring 2021/07/21 v1.84 String manipulations (CT)
)
(D:\Program Files\Miktex\texmfs\install\tex/latex/tools\calc.sty
Package: calc 2017/05/25 v4.3 Infix arithmetic (KKT,FJ)
\calc@Acount=\count363
\calc@Bcount=\count364
\calc@Adimen=\dimen340
\calc@Bdimen=\dimen341
\calc@Askip=\skip71
\calc@Bskip=\skip72
LaTeX Info: Redefining \setlength on input line 80.
LaTeX Info: Redefining \addtolength on input line 81.
\calc@Ccount=\count365
\calc@Cskip=\skip73
)
(D:\Program Files\Miktex\texmfs\install\tex/latex/pgfopts\pgfopts.sty
Package: pgfopts 2014/07/10 v2.1a LaTeX package options with pgfkeys
\pgfopts@list@add@a@toks=\toks55
\pgfopts@list@add@b@toks=\toks56
)
(D:\Program Files\Miktex\texmfs\install\tex/generic/pgf/frontendlayer/tikz/libr
aries\tikzlibrarybackgrounds.code.tex
File: tikzlibrarybackgrounds.code.tex 2021/05/15 v3.1.9a (3.1.9a)
\pgf@layerbox@background=\box132
\pgf@layerboxsaved@background=\box133
)
(D:\Program Files\Miktex\texmfs\install\tex/generic/pgf/frontendlayer/tikz/libr
aries\tikzlibraryarrows.code.tex
File: tikzlibraryarrows.code.tex 2021/05/15 v3.1.9a (3.1.9a)

(D:\Program Files\Miktex\texmfs\install\tex/generic/pgf/libraries\pgflibraryarr
ows.code.tex
File: pgflibraryarrows.code.tex 2021/05/15 v3.1.9a (3.1.9a)
\arrowsize=\dimen342
))
(D:\Program Files\Miktex\texmfs\install\tex/generic/pgf/frontendlayer/tikz/libr
aries\tikzlibraryshapes.code.tex
File: tikzlibraryshapes.code.tex 2021/05/15 v3.1.9a (3.1.9a)

(D:\Program Files\Miktex\texmfs\install\tex/generic/pgf/frontendlayer/tikz/libr
aries\tikzlibraryshapes.geometric.code.tex
File: tikzlibraryshapes.geometric.code.tex 2021/05/15 v3.1.9a (3.1.9a)

(D:\Program Files\Miktex\texmfs\install\tex/generic/pgf/libraries/shapes\pgflib
raryshapes.geometric.code.tex
File: pgflibraryshapes.geometric.code.tex 2021/05/15 v3.1.9a (3.1.9a)
))
(D:\Program Files\Miktex\texmfs\install\tex/generic/pgf/frontendlayer/tikz/libr
aries\tikzlibraryshapes.misc.code.tex
File: tikzlibraryshapes.misc.code.tex 2021/05/15 v3.1.9a (3.1.9a)

(D:\Program Files\Miktex\texmfs\install\tex/generic/pgf/libraries/shapes\pgflib
raryshapes.misc.code.tex
File: pgflibraryshapes.misc.code.tex 2021/05/15 v3.1.9a (3.1.9a)
))
(D:\Program Files\Miktex\texmfs\install\tex/generic/pgf/frontendlayer/tikz/libr
aries\tikzlibraryshapes.symbols.code.tex
File: tikzlibraryshapes.symbols.code.tex 2021/05/15 v3.1.9a (3.1.9a)

(D:\Program Files\Miktex\texmfs\install\tex/generic/pgf/libraries/shapes\pgflib
raryshapes.symbols.code.tex
File: pgflibraryshapes.symbols.code.tex 2021/05/15 v3.1.9a (3.1.9a)
))
(D:\Program Files\Miktex\texmfs\install\tex/generic/pgf/frontendlayer/tikz/libr
aries\tikzlibraryshapes.arrows.code.tex
File: tikzlibraryshapes.arrows.code.tex 2021/05/15 v3.1.9a (3.1.9a)

(D:\Program Files\Miktex\texmfs\install\tex/generic/pgf/libraries/shapes\pgflib
raryshapes.arrows.code.tex
File: pgflibraryshapes.arrows.code.tex 2021/05/15 v3.1.9a (3.1.9a)
))
(D:\Program Files\Miktex\texmfs\install\tex/generic/pgf/frontendlayer/tikz/libr
aries\tikzlibraryshapes.callouts.code.tex
(D:\Program Files\Miktex\texmfs\install\tex/generic/pgf/libraries/shapes\pgflib
raryshapes.callouts.code.tex))
(D:\Program Files\Miktex\texmfs\install\tex/generic/pgf/frontendlayer/tikz/libr
aries\tikzlibraryshapes.multipart.code.tex
File: tikzlibraryshapes.multipart.code.tex 2021/05/15 v3.1.9a (3.1.9a)

(D:\Program Files\Miktex\texmfs\install\tex/generic/pgf/libraries/shapes\pgflib
raryshapes.multipart.code.tex
File: pgflibraryshapes.multipart.code.tex 2021/05/15 v3.1.9a (3.1.9a)
\pgfnodepartlowerbox=\box134
\pgfnodeparttwobox=\box135
\pgfnodepartthreebox=\box136
\pgfnodepartfourbox=\box137
\pgfnodeparttwentybox=\box138
\pgfnodepartnineteenbox=\box139
\pgfnodeparteighteenbox=\box140
\pgfnodepartseventeenbox=\box141
\pgfnodepartsixteenbox=\box142
\pgfnodepartfifteenbox=\box143
\pgfnodepartfourteenbox=\box144
\pgfnodepartthirteenbox=\box145
\pgfnodeparttwelvebox=\box146
\pgfnodepartelevenbox=\box147
\pgfnodeparttenbox=\box148
\pgfnodepartninebox=\box149
\pgfnodeparteightbox=\box150
\pgfnodepartsevenbox=\box151
\pgfnodepartsixbox=\box152
\pgfnodepartfivebox=\box153
)))
(D:\Program Files\Miktex\texmfs\install\tex/generic/pgf/frontendlayer/tikz/libr
aries\tikzlibraryfit.code.tex
File: tikzlibraryfit.code.tex 2021/05/15 v3.1.9a (3.1.9a)
)
(D:\Program Files\Miktex\texmfs\install\tex/generic/pgf/frontendlayer/tikz/libr
aries\tikzlibraryshadows.code.tex
File: tikzlibraryshadows.code.tex 2021/05/15 v3.1.9a (3.1.9a)

(D:\Program Files\Miktex\texmfs\install\tex/generic/pgf/frontendlayer/tikz/libr
aries\tikzlibraryfadings.code.tex
File: tikzlibraryfadings.code.tex 2021/05/15 v3.1.9a (3.1.9a)

(D:\Program Files\Miktex\texmfs\install\tex/generic/pgf/libraries\pgflibraryfad
ings.code.tex
File: pgflibraryfadings.code.tex 2021/05/15 v3.1.9a (3.1.9a)
)))
(D:\Program Files\Miktex\texmfs\install\tex/generic/pgf/frontendlayer/tikz/libr
aries\tikzlibrarydecorations.markings.code.tex
(D:\Program Files\Miktex\texmfs\install\tex/generic/pgf/frontendlayer/tikz/libr
aries\tikzlibrarydecorations.code.tex
(D:\Program Files\Miktex\texmfs\install\tex/generic/pgf/modules\pgfmoduledecora
tions.code.tex
\pgfdecoratedcompleteddistance=\dimen343
\pgfdecoratedremainingdistance=\dimen344
\pgfdecoratedinputsegmentcompleteddistance=\dimen345
\pgfdecoratedinputsegmentremainingdistance=\dimen346
\pgf@decorate@distancetomove=\dimen347
\pgf@decorate@repeatstate=\count366
\pgfdecorationsegmentamplitude=\dimen348
\pgfdecorationsegmentlength=\dimen349
)
\tikz@lib@dec@box=\box154
)
(D:\Program Files\Miktex\texmfs\install\tex/generic/pgf/libraries/decorations\p
gflibrarydecorations.markings.code.tex))
\c@tikzumlPackageLayers=\count367
\pgf@layerbox@package0=\box155
\pgf@layerboxsaved@package0=\box156
\pgf@layerbox@package1=\box157
\pgf@layerboxsaved@package1=\box158
\pgf@layerbox@package2=\box159
\pgf@layerboxsaved@package2=\box160
\pgf@layerbox@package3=\box161
\pgf@layerboxsaved@package3=\box162
\c@tikzumlFragmentLayers=\count368
\pgf@layerbox@fragment0=\box163
\pgf@layerboxsaved@fragment0=\box164
\pgf@layerbox@fragment1=\box165
\pgf@layerboxsaved@fragment1=\box166
\pgf@layerbox@fragment2=\box167
\pgf@layerboxsaved@fragment2=\box168
\pgf@layerbox@fragment3=\box169
\pgf@layerboxsaved@fragment3=\box170
\c@tikzumlStateLayers=\count369
\pgf@layerbox@state0=\box171
\pgf@layerboxsaved@state0=\box172
\pgf@layerbox@state1=\box173
\pgf@layerboxsaved@state1=\box174
\pgf@layerbox@state2=\box175
\pgf@layerboxsaved@state2=\box176
\pgf@layerbox@state3=\box177
\pgf@layerboxsaved@state3=\box178
\c@tikzumlComponentLayers=\count370
\pgf@layerbox@component0=\box179
\pgf@layerboxsaved@component0=\box180
\pgf@layerbox@component1=\box181
\pgf@layerboxsaved@component1=\box182
\pgf@layerbox@component2=\box183
\pgf@layerboxsaved@component2=\box184
\pgf@layerbox@component3=\box185
\pgf@layerboxsaved@component3=\box186
\pgf@layerbox@lifelines=\box187
\pgf@layerboxsaved@lifelines=\box188
\pgf@layerbox@activity=\box189
\pgf@layerboxsaved@activity=\box190
\pgf@layerbox@connections=\box191
\pgf@layerboxsaved@connections=\box192
\c@tikzumlPackageClassNum=\count371
\c@tikzumlPackageSubPackageNum=\count372
\c@tikzumlRelationNum=\count373
\c@tikzumlNoteNum=\count374
\c@pos=\count375
\c@posT=\count376
\c@posStereo=\count377
\c@tikzumlPackageLevel=\count378
\tikzumlNestingSymbolSize=\dimen350
\c@tikzumlSystemUseCaseNum=\count379
\c@tikzumlSystemLevel=\count380
\c@tikzumlUseCaseNum=\count381
\c@tikzumlActorNum=\count382
\c@tikzumlStateJoinNum=\count383
\c@tikzumlStateDecisionNum=\count384
\c@tikzumlStateInitialNum=\count385
\c@tikzumlStateFinalNum=\count386
\c@tikzumlStateEnterNum=\count387
\c@tikzumlStateExitNum=\count388
\c@tikzumlStateEndNum=\count389
\c@tikzumlStateHistoryNum=\count390
\c@tikzumlStateDeepHistoryNum=\count391
\c@tikzumlStateLevel=\count392
\c@tikzumlStateSubStateNum=\count393
\c@tikzumlStateText=\count394
\c@tikzumlObjectNum=\count395
\c@tikzumlCallLevel=\count396
\c@tikzumlCallNum=\count397
\c@tikzumlFragmentLevel=\count398
\c@tikzumlFragmentLevelNum=\count399
\c@tikzumlFragmentNum=\count400
\c@tikzumlFragmentPartNum=\count401
\c@tikzumlCallStartFragmentNum=\count402
\c@tikzumlCallEndFragmentNum=\count403
\c@tikzumlSDNodeNum=\count404
\tikzumlCall@xa=\skip74
\tikzumlCall@xb=\skip75
\c@tikzumlComponentLevel=\count405
\c@tikzumlComponentSubComponentNum=\count406
\c@tikzumlConnectorNum=\count407
\tikzuml@AC@xa=\skip76
\tikzuml@AC@ya=\skip77
\tikzuml@AC@xb=\skip78
\tikzuml@AC@yb=\skip79
\tikzuml@AC@xi=\skip80
\tikzuml@AC@yi=\skip81
\tikzuml@AC@xic=\skip82
\tikzuml@AC@yic=\skip83
\tikzuml@AC@xio=\skip84
\tikzuml@AC@yio=\skip85
\tikzuml@AC@AB=\skip86
\tikzuml@AC@lambda=\skip87
\tikzuml@AC@xtrc=\skip88
\tikzuml@AC@ytrc=\skip89
\tikzuml@AC@xtlc=\skip90
\tikzuml@AC@ytlc=\skip91
\tikzuml@AC@xblc=\skip92
\tikzuml@AC@yblc=\skip93
\tikzuml@AC@xbrc=\skip94
\tikzuml@AC@ybrc=\skip95
\tikzuml@AC@middleArm=\skip96
))
(D:\Program Files\Miktex\texmfs\install\tex/latex/listings\lstlang1.sty
File: lstlang1.sty 2020/03/24 1.8d listings language file
)
(D:\Program Files\Miktex\texmfs\install\tex/latex/l3backend\l3backend-pdftex.de
f
File: l3backend-pdftex.def 2021-08-04 L3 backend support: PDF output (pdfTeX)
\l__color_backend_stack_int=\count408
\l__pdf_internal_box=\box193
) (programacao-modular-09-relacionamento-de-classes.aux)
\openout1 = `programacao-modular-09-relacionamento-de-classes.aux'.

LaTeX Font Info:    Checking defaults for OML/cmm/m/it on input line 33.
LaTeX Font Info:    ... okay on input line 33.
LaTeX Font Info:    Checking defaults for OMS/cmsy/m/n on input line 33.
LaTeX Font Info:    ... okay on input line 33.
LaTeX Font Info:    Checking defaults for OT1/cmr/m/n on input line 33.
LaTeX Font Info:    ... okay on input line 33.
LaTeX Font Info:    Checking defaults for T1/cmr/m/n on input line 33.
LaTeX Font Info:    ... okay on input line 33.
LaTeX Font Info:    Checking defaults for TS1/cmr/m/n on input line 33.
LaTeX Font Info:    ... okay on input line 33.
LaTeX Font Info:    Checking defaults for OMX/cmex/m/n on input line 33.
LaTeX Font Info:    ... okay on input line 33.
LaTeX Font Info:    Checking defaults for U/cmr/m/n on input line 33.
LaTeX Font Info:    ... okay on input line 33.
LaTeX Font Info:    Checking defaults for PD1/pdf/m/n on input line 33.
LaTeX Font Info:    ... okay on input line 33.
LaTeX Font Info:    Checking defaults for PU/pdf/m/n on input line 33.
LaTeX Font Info:    ... okay on input line 33.

*geometry* driver: auto-detecting
*geometry* detected driver: pdftex
*geometry* verbose mode - [ preamble ] result:
* driver: pdftex
* paper: custom
* layout: <same size as paper>
* layoutoffset:(h,v)=(0.0pt,0.0pt)
* modes: includehead includefoot 
* h-part:(L,W,R)=(28.45274pt, 307.28987pt, 28.45274pt)
* v-part:(T,H,B)=(0.0pt, 273.14662pt, 0.0pt)
* \paperwidth=364.19536pt
* \paperheight=273.14662pt
* \textwidth=307.28987pt
* \textheight=244.6939pt
* \oddsidemargin=-43.81725pt
* \evensidemargin=-43.81725pt
* \topmargin=-72.26999pt
* \headheight=14.22636pt
* \headsep=0.0pt
* \topskip=11.0pt
* \footskip=14.22636pt
* \marginparwidth=4.0pt
* \marginparsep=10.0pt
* \columnsep=10.0pt
* \skip\footins=10.0pt plus 4.0pt minus 2.0pt
* \hoffset=0.0pt
* \voffset=0.0pt
* \mag=1000
* \@twocolumnfalse
* \@twosidefalse
* \@mparswitchfalse
* \@reversemarginfalse
* (1in=72.27pt=25.4mm, 1cm=28.453pt)

(D:\Program Files\Miktex\texmfs\install\tex/context/base/mkii\supp-pdf.mkii
[Loading MPS to PDF converter (version 2006.09.02).]
\scratchcounter=\count409
\scratchdimen=\dimen351
\scratchbox=\box194
\nofMPsegments=\count410
\nofMParguments=\count411
\everyMPshowfont=\toks57
\MPscratchCnt=\count412
\MPscratchDim=\dimen352
\MPnumerator=\count413
\makeMPintoPDFobject=\count414
\everyMPtoPDFconversion=\toks58
)
(D:\Program Files\Miktex\texmfs\install\tex/latex/epstopdf-pkg\epstopdf-base.st
y
Package: epstopdf-base 2020-01-24 v2.11 Base part for package epstopdf
Package epstopdf-base Info: Redefining graphics rule for `.eps' on input line 4
85.
 (D:\Program Files\Miktex\texmfs\install\tex/latex/00miktex\epstopdf-sys.cfg
File: epstopdf-sys.cfg 2021/03/18 v2.0 Configuration of epstopdf for MiKTeX
))
Package hyperref Info: Link coloring OFF on input line 33.
(D:\Program Files\Miktex\texmfs\install\tex/latex/hyperref\nameref.sty
Package: nameref 2021-04-02 v2.47 Cross-referencing by name of section

(D:\Program Files\Miktex\texmfs\install\tex/latex/refcount\refcount.sty
Package: refcount 2019/12/15 v3.6 Data extraction from label references (HO)
)
(D:\Program Files\Miktex\texmfs\install\tex/generic/gettitlestring\gettitlestri
ng.sty
Package: gettitlestring 2019/12/15 v1.6 Cleanup title references (HO)
)
\c@section@level=\count415
)
LaTeX Info: Redefining \ref on input line 33.
LaTeX Info: Redefining \pageref on input line 33.
LaTeX Info: Redefining \nameref on input line 33.
 (programacao-modular-09-relacionamento-de-classes.out)
(programacao-modular-09-relacionamento-de-classes.out)
\@outlinefile=\write5
\openout5 = `programacao-modular-09-relacionamento-de-classes.out'.

LaTeX Font Info:    Overwriting symbol font `operators' in version `normal'
(Font)                  OT1/cmr/m/n --> OT1/cmss/m/n on input line 33.
LaTeX Font Info:    Overwriting symbol font `operators' in version `bold'
(Font)                  OT1/cmr/bx/n --> OT1/cmss/b/n on input line 33.
\symnumbers=\mathgroup6
\sympureletters=\mathgroup7
LaTeX Font Info:    Overwriting math alphabet `\mathrm' in version `normal'
(Font)                  OT1/cmss/m/n --> T1/ptm/m/n on input line 33.
LaTeX Font Info:    Redeclaring math alphabet \mathbf on input line 33.
LaTeX Font Info:    Overwriting math alphabet `\mathbf' in version `normal'
(Font)                  OT1/cmr/bx/n --> T1/phv/b/n on input line 33.
LaTeX Font Info:    Overwriting math alphabet `\mathbf' in version `bold'
(Font)                  OT1/cmr/bx/n --> T1/phv/b/n on input line 33.
LaTeX Font Info:    Redeclaring math alphabet \mathsf on input line 33.
LaTeX Font Info:    Overwriting math alphabet `\mathsf' in version `normal'
(Font)                  OT1/cmss/m/n --> T1/phv/m/n on input line 33.
LaTeX Font Info:    Overwriting math alphabet `\mathsf' in version `bold'
(Font)                  OT1/cmss/bx/n --> T1/phv/m/n on input line 33.
LaTeX Font Info:    Redeclaring math alphabet \mathit on input line 33.
LaTeX Font Info:    Overwriting math alphabet `\mathit' in version `normal'
(Font)                  OT1/cmr/m/it --> T1/phv/m/it on input line 33.
LaTeX Font Info:    Overwriting math alphabet `\mathit' in version `bold'
(Font)                  OT1/cmr/bx/it --> T1/phv/m/it on input line 33.
LaTeX Font Info:    Redeclaring math alphabet \mathtt on input line 33.
LaTeX Font Info:    Overwriting math alphabet `\mathtt' in version `normal'
(Font)                  OT1/cmtt/m/n --> T1/pcr/m/n on input line 33.
LaTeX Font Info:    Overwriting math alphabet `\mathtt' in version `bold'
(Font)                  OT1/cmtt/m/n --> T1/pcr/m/n on input line 33.
LaTeX Font Info:    Overwriting symbol font `numbers' in version `bold'
(Font)                  T1/phv/m/n --> T1/phv/b/n on input line 33.
LaTeX Font Info:    Overwriting symbol font `pureletters' in version `bold'
(Font)                  T1/phv/m/it --> T1/phv/b/it on input line 33.
LaTeX Font Info:    Overwriting math alphabet `\mathrm' in version `bold'
(Font)                  OT1/cmss/b/n --> T1/ptm/b/n on input line 33.
LaTeX Font Info:    Overwriting math alphabet `\mathbf' in version `bold'
(Font)                  T1/phv/b/n --> T1/phv/b/n on input line 33.
LaTeX Font Info:    Overwriting math alphabet `\mathsf' in version `bold'
(Font)                  T1/phv/m/n --> T1/phv/b/n on input line 33.
LaTeX Font Info:    Overwriting math alphabet `\mathit' in version `bold'
(Font)                  T1/phv/m/it --> T1/phv/b/it on input line 33.
LaTeX Font Info:    Overwriting math alphabet `\mathtt' in version `bold'
(Font)                  T1/pcr/m/n --> T1/pcr/b/n on input line 33.

(D:\Program Files\Miktex\texmfs\install\tex/latex/translator\translator-basic-d
ictionary-English.dict
Dictionary: translator-basic-dictionary, Language: English 
)
(D:\Program Files\Miktex\texmfs\install\tex/latex/translator\translator-bibliog
raphy-dictionary-English.dict
Dictionary: translator-bibliography-dictionary, Language: English 
)
(D:\Program Files\Miktex\texmfs\install\tex/latex/translator\translator-environ
ment-dictionary-English.dict
Dictionary: translator-environment-dictionary, Language: English 
)
(D:\Program Files\Miktex\texmfs\install\tex/latex/translator\translator-months-
dictionary-English.dict
Dictionary: translator-months-dictionary, Language: English 
)
(D:\Program Files\Miktex\texmfs\install\tex/latex/translator\translator-numbers
-dictionary-English.dict
Dictionary: translator-numbers-dictionary, Language: English 
)
(D:\Program Files\Miktex\texmfs\install\tex/latex/translator\translator-theorem
-dictionary-English.dict
Dictionary: translator-theorem-dictionary, Language: English 
)
\c@lstlisting=\count416
 (programacao-modular-09-relacionamento-de-classes.nav)
<puc_engesoft_logo.png, id=90, 554.82281pt x 235.63031pt>
File: puc_engesoft_logo.png Graphic file (type png)
<use puc_engesoft_logo.png>
Package pdftex.def Info: puc_engesoft_logo.png  used on input line 40.
(pdftex.def)             Requested size: 113.81102pt x 48.33328pt.
 [1{D:/Program Files/Miktex/texmfs/data/pdftex/config/pdftex.map}

 <./puc_engesoft_logo.png>] (programacao-modular-09-relacionamento-de-classes.t
oc) [2

]
File: puc_engesoft_logo.png Graphic file (type png)
<use puc_engesoft_logo.png>
Package pdftex.def Info: puc_engesoft_logo.png  used on input line 93.
(pdftex.def)             Requested size: 64.98427pt x 27.5992pt.

Overfull \hbox (36.53152pt too wide) in paragraph at lines 93--93
[][]  
 []

[3

]
File: puc_engesoft_logo.png Graphic file (type png)
<use puc_engesoft_logo.png>
Package pdftex.def Info: puc_engesoft_logo.png  used on input line 111.
(pdftex.def)             Requested size: 64.98427pt x 27.5992pt.

Overfull \hbox (36.53152pt too wide) in paragraph at lines 111--111
[][]  
 []

[4

]
LaTeX Font Info:    Trying to load font information for U+msa on input line 130
.
 (D:\Program Files\Miktex\texmfs\install\tex/latex/amsfonts\umsa.fd
File: umsa.fd 2013/01/14 v3.01 AMS symbols A
)
LaTeX Font Info:    Trying to load font information for U+msb on input line 130
.

(D:\Program Files\Miktex\texmfs\install\tex/latex/amsfonts\umsb.fd
File: umsb.fd 2013/01/14 v3.01 AMS symbols B
)
LaTeX Font Info:    Font shape `T1/phv/m/it' in size <10> not available
(Font)              Font shape `T1/phv/m/sl' tried instead on input line 130.
LaTeX Font Info:    Font shape `T1/phv/m/it' in size <7> not available
(Font)              Font shape `T1/phv/m/sl' tried instead on input line 130.
LaTeX Font Info:    Font shape `T1/phv/m/it' in size <5> not available
(Font)              Font shape `T1/phv/m/sl' tried instead on input line 130.
File: puc_engesoft_logo.png Graphic file (type png)
<use puc_engesoft_logo.png>
Package pdftex.def Info: puc_engesoft_logo.png  used on input line 130.
(pdftex.def)             Requested size: 64.98427pt x 27.5992pt.

Overfull \hbox (36.53152pt too wide) in paragraph at lines 130--130
[][]  
 []

[5

]
Overfull \hbox (6.45303pt too wide) in paragraph at lines 148--148
 [][] 
 []

File: puc_engesoft_logo.png Graphic file (type png)
<use puc_engesoft_logo.png>
Package pdftex.def Info: puc_engesoft_logo.png  used on input line 148.
(pdftex.def)             Requested size: 64.98427pt x 27.5992pt.

Overfull \hbox (36.53152pt too wide) in paragraph at lines 148--148
[][]  
 []

[6

]
LaTeX Font Info:    Font shape `T1/phv/m/it' in size <10.95> not available
(Font)              Font shape `T1/phv/m/sl' tried instead on input line 166.
LaTeX Font Info:    Font shape `T1/phv/b/it' in size <10.95> not available
(Font)              Font shape `T1/phv/b/sl' tried instead on input line 166.
File: puc_engesoft_logo.png Graphic file (type png)
<use puc_engesoft_logo.png>
Package pdftex.def Info: puc_engesoft_logo.png  used on input line 166.
(pdftex.def)             Requested size: 64.98427pt x 27.5992pt.

Overfull \hbox (36.53152pt too wide) in paragraph at lines 166--166
[][]  
 []

[7

]
File: puc_engesoft_logo.png Graphic file (type png)
<use puc_engesoft_logo.png>
Package pdftex.def Info: puc_engesoft_logo.png  used on input line 183.
(pdftex.def)             Requested size: 64.98427pt x 27.5992pt.

Overfull \hbox (36.53152pt too wide) in paragraph at lines 183--183
[][]  
 []

[8

]
File: puc_engesoft_logo.png Graphic file (type png)
<use puc_engesoft_logo.png>
Package pdftex.def Info: puc_engesoft_logo.png  used on input line 202.
(pdftex.def)             Requested size: 64.98427pt x 27.5992pt.

Overfull \hbox (36.53152pt too wide) in paragraph at lines 202--202
[][]  
 []

[9

]
LaTeX Font Info:    Font shape `T1/phv/m/it' in size <8> not available
(Font)              Font shape `T1/phv/m/sl' tried instead on input line 228.
LaTeX Font Info:    Font shape `T1/phv/m/it' in size <6> not available
(Font)              Font shape `T1/phv/m/sl' tried instead on input line 228.
File: puc_engesoft_logo.png Graphic file (type png)
<use puc_engesoft_logo.png>
Package pdftex.def Info: puc_engesoft_logo.png  used on input line 228.
(pdftex.def)             Requested size: 64.98427pt x 27.5992pt.

Overfull \hbox (36.53152pt too wide) in paragraph at lines 228--228
[][]  
 []

[10

]
File: puc_engesoft_logo.png Graphic file (type png)
<use puc_engesoft_logo.png>
Package pdftex.def Info: puc_engesoft_logo.png  used on input line 252.
(pdftex.def)             Requested size: 64.98427pt x 27.5992pt.

Overfull \hbox (36.53152pt too wide) in paragraph at lines 252--252
[][]  
 []

[11

]
File: puc_engesoft_logo.png Graphic file (type png)
<use puc_engesoft_logo.png>
Package pdftex.def Info: puc_engesoft_logo.png  used on input line 266.
(pdftex.def)             Requested size: 64.98427pt x 27.5992pt.

Overfull \hbox (36.53152pt too wide) in paragraph at lines 266--266
[][]  
 []

[12

]
File: puc_engesoft_logo.png Graphic file (type png)
<use puc_engesoft_logo.png>
Package pdftex.def Info: puc_engesoft_logo.png  used on input line 288.
(pdftex.def)             Requested size: 64.98427pt x 27.5992pt.

Overfull \hbox (36.53152pt too wide) in paragraph at lines 288--288
[][]  
 []

[13

]
\openout4 = `programacao-modular-09-relacionamento-de-classes.vrb'.

 (programacao-modular-09-relacionamento-de-classes.vrb
LaTeX Font Info:    Trying to load font information for T1+pcr on input line 16
.

(D:\Program Files\Miktex\texmfs\install\tex/latex/psnfss\t1pcr.fd
File: t1pcr.fd 2001/06/04 font definitions for T1/pcr.
)
Overfull \hbox (9.69733pt too wide) in paragraph at lines 17--18
 [] 
 []

)
File: puc_engesoft_logo.png Graphic file (type png)
<use puc_engesoft_logo.png>
Package pdftex.def Info: puc_engesoft_logo.png  used on input line 314.
(pdftex.def)             Requested size: 64.98427pt x 27.5992pt.

Overfull \hbox (36.53152pt too wide) in paragraph at lines 314--314
[][]  
 []

[14

]
\openout4 = `programacao-modular-09-relacionamento-de-classes.vrb'.

 (programacao-modular-09-relacionamento-de-classes.vrb
LaTeX Font Info:    Trying to load font information for TS1+phv on input line 2
0.

(D:\Program Files\Miktex\texmfs\install\tex/latex/psnfss\ts1phv.fd
File: ts1phv.fd 2020/03/25 scalable font definitions for TS1/phv.
))
File: puc_engesoft_logo.png Graphic file (type png)
<use puc_engesoft_logo.png>
Package pdftex.def Info: puc_engesoft_logo.png  used on input line 345.
(pdftex.def)             Requested size: 64.98427pt x 27.5992pt.

Overfull \hbox (36.53152pt too wide) in paragraph at lines 345--345
[][]  
 []

[15

]
\openout4 = `programacao-modular-09-relacionamento-de-classes.vrb'.

 (programacao-modular-09-relacionamento-de-classes.vrb)
File: puc_engesoft_logo.png Graphic file (type png)
<use puc_engesoft_logo.png>
Package pdftex.def Info: puc_engesoft_logo.png  used on input line 381.
(pdftex.def)             Requested size: 64.98427pt x 27.5992pt.

Overfull \hbox (36.53152pt too wide) in paragraph at lines 381--381
[][]  
 []

[16

]
File: puc_engesoft_logo.png Graphic file (type png)
<use puc_engesoft_logo.png>
Package pdftex.def Info: puc_engesoft_logo.png  used on input line 414.
(pdftex.def)             Requested size: 64.98427pt x 27.5992pt.

Overfull \hbox (36.53152pt too wide) in paragraph at lines 414--414
[][]  
 []


Overfull \vbox (3.61897pt too high) detected at line 414
 []

[17

]
File: puc_engesoft_logo.png Graphic file (type png)
<use puc_engesoft_logo.png>
Package pdftex.def Info: puc_engesoft_logo.png  used on input line 432.
(pdftex.def)             Requested size: 64.98427pt x 27.5992pt.

Overfull \hbox (36.53152pt too wide) in paragraph at lines 432--432
[][]  
 []

[18

]
Overfull \hbox (8.39058pt too wide) in paragraph at lines 447--447
 [] 
 []

File: puc_engesoft_logo.png Graphic file (type png)
<use puc_engesoft_logo.png>
Package pdftex.def Info: puc_engesoft_logo.png  used on input line 447.
(pdftex.def)             Requested size: 64.98427pt x 27.5992pt.

Overfull \hbox (36.53152pt too wide) in paragraph at lines 447--447
[][]  
 []

[19

]
File: puc_engesoft_logo.png Graphic file (type png)
<use puc_engesoft_logo.png>
Package pdftex.def Info: puc_engesoft_logo.png  used on input line 471.
(pdftex.def)             Requested size: 64.98427pt x 27.5992pt.

Overfull \hbox (36.53152pt too wide) in paragraph at lines 471--471
[][]  
 []

[20

]
LaTeX Font Info:    Font shape `T1/phv/m/it' in size <9> not available
(Font)              Font shape `T1/phv/m/sl' tried instead on input line 494.

Overfull \hbox (17.69516pt too wide) in paragraph at lines 494--494
[][]  
 []

File: puc_engesoft_logo.png Graphic file (type png)
<use puc_engesoft_logo.png>
Package pdftex.def Info: puc_engesoft_logo.png  used on input line 494.
(pdftex.def)             Requested size: 64.98427pt x 27.5992pt.

Overfull \hbox (36.53152pt too wide) in paragraph at lines 494--494
[][]  
 []

[21

]
\openout4 = `programacao-modular-09-relacionamento-de-classes.vrb'.

 (programacao-modular-09-relacionamento-de-classes.vrb)
File: puc_engesoft_logo.png Graphic file (type png)
<use puc_engesoft_logo.png>
Package pdftex.def Info: puc_engesoft_logo.png  used on input line 525.
(pdftex.def)             Requested size: 64.98427pt x 27.5992pt.

Overfull \hbox (36.53152pt too wide) in paragraph at lines 525--525
[][]  
 []

[22

]
\openout4 = `programacao-modular-09-relacionamento-de-classes.vrb'.

 (programacao-modular-09-relacionamento-de-classes.vrb
Overfull \hbox (18.95688pt too wide) in paragraph at lines 27--28
[][][][][][][][][][][][][][][] 
 []


Overfull \hbox (23.75693pt too wide) in paragraph at lines 36--37
[][][][][][][][][][][][][] 
 []

)
File: puc_engesoft_logo.png Graphic file (type png)
<use puc_engesoft_logo.png>
Package pdftex.def Info: puc_engesoft_logo.png  used on input line 570.
(pdftex.def)             Requested size: 64.98427pt x 27.5992pt.

Overfull \hbox (36.53152pt too wide) in paragraph at lines 570--570
[][]  
 []

[23

]
\openout4 = `programacao-modular-09-relacionamento-de-classes.vrb'.

 (programacao-modular-09-relacionamento-de-classes.vrb)
File: puc_engesoft_logo.png Graphic file (type png)
<use puc_engesoft_logo.png>
Package pdftex.def Info: puc_engesoft_logo.png  used on input line 587.
(pdftex.def)             Requested size: 64.98427pt x 27.5992pt.

Overfull \hbox (36.53152pt too wide) in paragraph at lines 587--587
[][]  
 []


Overfull \vbox (9.45726pt too high) detected at line 587
 []

[24

]
\tf@nav=\write6
\openout6 = `programacao-modular-09-relacionamento-de-classes.nav'.

\tf@toc=\write7
\openout7 = `programacao-modular-09-relacionamento-de-classes.toc'.

\tf@snm=\write8
\openout8 = `programacao-modular-09-relacionamento-de-classes.snm'.

 (programacao-modular-09-relacionamento-de-classes.aux)
Package rerunfilecheck Info: File `programacao-modular-09-relacionamento-de-cla
sses.out' has not changed.
(rerunfilecheck)             Checksum: 709D88BB02A5713AB2BC32CB0F40117B;1260.
 ) 
Here is how much of TeX's memory you used:
 33453 strings out of 480736
 672520 string characters out of 2898306
 1224929 words of memory out of 3000000
 50358 multiletter control sequences out of 15000+600000
 471505 words of font info for 103 fonts, out of 8000000 for 9000
 30 hyphenation exceptions out of 8191
 128i,19n,124p,546b,1427s stack positions out of 5000i,500n,10000p,200000b,80000s
{D:/Program Files/Miktex/texmfs/install/fonts/enc/dvips/base/8r.enc}<D:/Progr
am Files/Miktex/texmfs/install/fonts/type1/public/amsfonts/cm/cmmi10.pfb><D:/Pr
ogram Files/Miktex/texmfs/install/fonts/type1/public/amsfonts/cm/cmss10.pfb><D:
/Program Files/Miktex/texmfs/install/fonts/type1/public/amsfonts/cm/cmsy10.pfb>
<D:/Program Files/Miktex/texmfs/install/fonts/type1/public/amsfonts/symbols/msa
m10.pfb><D:/Program Files/Miktex/texmfs/install/fonts/type1/urw/courier/ucrr8a.
pfb><D:/Program Files/Miktex/texmfs/install/fonts/type1/urw/helvetic/uhvb8a.pfb
><D:/Program Files/Miktex/texmfs/install/fonts/type1/urw/helvetic/uhvbo8a.pfb><
D:/Program Files/Miktex/texmfs/install/fonts/type1/urw/helvetic/uhvr8a.pfb><D:/
Program Files/Miktex/texmfs/install/fonts/type1/urw/helvetic/uhvro8a.pfb>
Output written on programacao-modular-09-relacionamento-de-classes.pdf (24 page
s, 229641 bytes).
PDF statistics:
 455 PDF objects out of 1000 (max. 8388607)
 57 named destinations out of 1000 (max. 500000)
 328 words of extra memory for PDF output out of 10000 (max. 10000000)

